This file contains any messages produced by compilers while
running configure, to aid debugging if configure makes a mistake.

It was created by nanocube configure 0.0.1, which was
generated by GNU Autoconf 2.69.  Invocation command line was

  $ ../configure --prefix=/opt/nanocube-3.2.1 CXXFLAGS=-O3

## --------- ##
## Platform. ##
## --------- ##

hostname = mario
uname -m = x86_64
uname -r = 4.4.0-81-generic
uname -s = Linux
uname -v = #104-Ubuntu SMP Wed Jun 14 08:17:06 UTC 2017

/usr/bin/uname -p = unknown
/bin/uname -X     = unknown

/bin/arch              = unknown
/usr/bin/arch -k       = unknown
/usr/convex/getsysinfo = unknown
/usr/bin/hostinfo      = unknown
/bin/machine           = unknown
/usr/bin/oslevel       = unknown
/bin/universe          = unknown

PATH: /usr/local/sbin
PATH: /usr/local/bin
PATH: /usr/sbin
PATH: /usr/bin
PATH: /sbin
PATH: /bin
PATH: /snap/bin


## ----------- ##
## Core tests. ##
## ----------- ##

configure:2763: checking for a BSD-compatible install
configure:2831: result: /usr/bin/install -c
configure:2842: checking whether build environment is sane
configure:2897: result: yes
configure:3048: checking for a thread-safe mkdir -p
configure:3087: result: /bin/mkdir -p
configure:3094: checking for gawk
configure:3124: result: no
configure:3094: checking for mawk
configure:3110: found /usr/bin/mawk
configure:3121: result: mawk
configure:3132: checking whether make sets $(MAKE)
configure:3154: result: yes
configure:3183: checking whether make supports nested variables
configure:3200: result: yes
configure:3375: checking for gcc
configure:3391: found /usr/bin/gcc
configure:3402: result: gcc
configure:3631: checking for C compiler version
configure:3640: gcc --version >&5
gcc (Ubuntu 5.4.0-6ubuntu1~16.04.4) 5.4.0 20160609
Copyright (C) 2015 Free Software Foundation, Inc.
This is free software; see the source for copying conditions.  There is NO
warranty; not even for MERCHANTABILITY or FITNESS FOR A PARTICULAR PURPOSE.

configure:3651: $? = 0
configure:3640: gcc -v >&5
Using built-in specs.
COLLECT_GCC=gcc
COLLECT_LTO_WRAPPER=/usr/lib/gcc/x86_64-linux-gnu/5/lto-wrapper
Target: x86_64-linux-gnu
Configured with: ../src/configure -v --with-pkgversion='Ubuntu 5.4.0-6ubuntu1~16.04.4' --with-bugurl=file:///usr/share/doc/gcc-5/README.Bugs --enable-languages=c,ada,c++,java,go,d,fortran,objc,obj-c++ --prefix=/usr --program-suffix=-5 --enable-shared --enable-linker-build-id --libexecdir=/usr/lib --without-included-gettext --enable-threads=posix --libdir=/usr/lib --enable-nls --with-sysroot=/ --enable-clocale=gnu --enable-libstdcxx-debug --enable-libstdcxx-time=yes --with-default-libstdcxx-abi=new --enable-gnu-unique-object --disable-vtable-verify --enable-libmpx --enable-plugin --with-system-zlib --disable-browser-plugin --enable-java-awt=gtk --enable-gtk-cairo --with-java-home=/usr/lib/jvm/java-1.5.0-gcj-5-amd64/jre --enable-java-home --with-jvm-root-dir=/usr/lib/jvm/java-1.5.0-gcj-5-amd64 --with-jvm-jar-dir=/usr/lib/jvm-exports/java-1.5.0-gcj-5-amd64 --with-arch-directory=amd64 --with-ecj-jar=/usr/share/java/eclipse-ecj.jar --enable-objc-gc --enable-multiarch --disable-werror --with-arch-32=i686 --with-abi=m64 --with-multilib-list=m32,m64,mx32 --enable-multilib --with-tune=generic --enable-checking=release --build=x86_64-linux-gnu --host=x86_64-linux-gnu --target=x86_64-linux-gnu
Thread model: posix
gcc version 5.4.0 20160609 (Ubuntu 5.4.0-6ubuntu1~16.04.4) 
configure:3651: $? = 0
configure:3640: gcc -V >&5
gcc: error: unrecognized command line option '-V'
gcc: fatal error: no input files
compilation terminated.
configure:3651: $? = 1
configure:3640: gcc -qversion >&5
gcc: error: unrecognized command line option '-qversion'
gcc: fatal error: no input files
compilation terminated.
configure:3651: $? = 1
configure:3671: checking whether the C compiler works
configure:3693: gcc    conftest.c  >&5
configure:3697: $? = 0
configure:3745: result: yes
configure:3748: checking for C compiler default output file name
configure:3750: result: a.out
configure:3756: checking for suffix of executables
configure:3763: gcc -o conftest    conftest.c  >&5
configure:3767: $? = 0
configure:3789: result: 
configure:3811: checking whether we are cross compiling
configure:3819: gcc -o conftest    conftest.c  >&5
configure:3823: $? = 0
configure:3830: ./conftest
configure:3834: $? = 0
configure:3849: result: no
configure:3854: checking for suffix of object files
configure:3876: gcc -c   conftest.c >&5
configure:3880: $? = 0
configure:3901: result: o
configure:3905: checking whether we are using the GNU C compiler
configure:3924: gcc -c   conftest.c >&5
configure:3924: $? = 0
configure:3933: result: yes
configure:3942: checking whether gcc accepts -g
configure:3962: gcc -c -g  conftest.c >&5
configure:3962: $? = 0
configure:4003: result: yes
configure:4020: checking for gcc option to accept ISO C89
configure:4083: gcc  -c -g -O2  conftest.c >&5
configure:4083: $? = 0
configure:4096: result: none needed
configure:4121: checking whether gcc understands -c and -o together
configure:4143: gcc -c conftest.c -o conftest2.o
configure:4146: $? = 0
configure:4143: gcc -c conftest.c -o conftest2.o
configure:4146: $? = 0
configure:4158: result: yes
configure:4186: checking for style of include used by make
configure:4214: result: GNU
configure:4240: checking dependency style of gcc
configure:4351: result: gcc3
configure:4371: checking how to run the C preprocessor
configure:4402: gcc -E  conftest.c
configure:4402: $? = 0
configure:4416: gcc -E  conftest.c
conftest.c:11:28: fatal error: ac_nonexistent.h: No such file or directory
compilation terminated.
configure:4416: $? = 1
configure: failed program was:
| /* confdefs.h */
| #define PACKAGE_NAME "nanocube"
| #define PACKAGE_TARNAME "nanocube"
| #define PACKAGE_VERSION "0.0.1"
| #define PACKAGE_STRING "nanocube 0.0.1"
| #define PACKAGE_BUGREPORT "lauro.lins@gmail.com"
| #define PACKAGE_URL ""
| #define PACKAGE "nanocube"
| #define VERSION "0.0.1"
| /* end confdefs.h.  */
| #include <ac_nonexistent.h>
configure:4441: result: gcc -E
configure:4461: gcc -E  conftest.c
configure:4461: $? = 0
configure:4475: gcc -E  conftest.c
conftest.c:11:28: fatal error: ac_nonexistent.h: No such file or directory
compilation terminated.
configure:4475: $? = 1
configure: failed program was:
| /* confdefs.h */
| #define PACKAGE_NAME "nanocube"
| #define PACKAGE_TARNAME "nanocube"
| #define PACKAGE_VERSION "0.0.1"
| #define PACKAGE_STRING "nanocube 0.0.1"
| #define PACKAGE_BUGREPORT "lauro.lins@gmail.com"
| #define PACKAGE_URL ""
| #define PACKAGE "nanocube"
| #define VERSION "0.0.1"
| /* end confdefs.h.  */
| #include <ac_nonexistent.h>
configure:4532: checking build system type
configure:4546: result: x86_64-pc-linux-gnu
configure:4566: checking host system type
configure:4579: result: x86_64-pc-linux-gnu
configure:4620: checking how to print strings
configure:4647: result: printf
configure:4668: checking for a sed that does not truncate output
configure:4732: result: /bin/sed
configure:4750: checking for grep that handles long lines and -e
configure:4808: result: /bin/grep
configure:4813: checking for egrep
configure:4875: result: /bin/grep -E
configure:4880: checking for fgrep
configure:4942: result: /bin/grep -F
configure:4977: checking for ld used by gcc
configure:5044: result: /usr/bin/ld
configure:5051: checking if the linker (/usr/bin/ld) is GNU ld
configure:5066: result: yes
configure:5078: checking for BSD- or MS-compatible name lister (nm)
configure:5132: result: /usr/bin/nm -B
configure:5262: checking the name lister (/usr/bin/nm -B) interface
configure:5269: gcc -c -g -O2  conftest.c >&5
configure:5272: /usr/bin/nm -B "conftest.o"
configure:5275: output
0000000000000000 B some_variable
configure:5282: result: BSD nm
configure:5285: checking whether ln -s works
configure:5289: result: yes
configure:5297: checking the maximum length of command line arguments
configure:5428: result: 1572864
configure:5476: checking how to convert x86_64-pc-linux-gnu file names to x86_64-pc-linux-gnu format
configure:5516: result: func_convert_file_noop
configure:5523: checking how to convert x86_64-pc-linux-gnu file names to toolchain format
configure:5543: result: func_convert_file_noop
configure:5550: checking for /usr/bin/ld option to reload object files
configure:5557: result: -r
configure:5631: checking for objdump
configure:5647: found /usr/bin/objdump
configure:5658: result: objdump
configure:5690: checking how to recognize dependent libraries
configure:5890: result: pass_all
configure:5975: checking for dlltool
configure:6005: result: no
configure:6035: checking how to associate runtime and link libraries
configure:6062: result: printf %s\n
configure:6123: checking for ar
configure:6139: found /usr/bin/ar
configure:6150: result: ar
configure:6187: checking for archiver @FILE support
configure:6204: gcc -c -g -O2  conftest.c >&5
configure:6204: $? = 0
configure:6207: ar cru libconftest.a @conftest.lst >&5
ar: `u' modifier ignored since `D' is the default (see `U')
configure:6210: $? = 0
configure:6215: ar cru libconftest.a @conftest.lst >&5
ar: `u' modifier ignored since `D' is the default (see `U')
ar: conftest.o: No such file or directory
configure:6218: $? = 1
configure:6230: result: @
configure:6288: checking for strip
configure:6304: found /usr/bin/strip
configure:6315: result: strip
configure:6387: checking for ranlib
configure:6403: found /usr/bin/ranlib
configure:6414: result: ranlib
configure:6516: checking command to parse /usr/bin/nm -B output from gcc object
configure:6669: gcc -c -g -O2  conftest.c >&5
configure:6672: $? = 0
configure:6676: /usr/bin/nm -B conftest.o \| sed -n -e 's/^.*[ ]\([ABCDGIRSTW][ABCDGIRSTW]*\)[ ][ ]*\([_A-Za-z][_A-Za-z0-9]*\)$/\1 \2 \2/p' | sed '/ __gnu_lto/d' \> conftest.nm
configure:6679: $? = 0
configure:6745: gcc -o conftest -g -O2   conftest.c conftstm.o >&5
configure:6748: $? = 0
configure:6786: result: ok
configure:6833: checking for sysroot
configure:6863: result: no
configure:6870: checking for a working dd
configure:6908: result: /bin/dd
configure:6912: checking how to truncate binary pipes
configure:6927: result: /bin/dd bs=4096 count=1
configure:7063: gcc -c -g -O2  conftest.c >&5
configure:7066: $? = 0
configure:7256: checking for mt
configure:7272: found /bin/mt
configure:7283: result: mt
configure:7306: checking if mt is a manifest tool
configure:7312: mt '-?'
configure:7320: result: no
configure:7993: checking for ANSI C header files
configure:8013: gcc -c -g -O2  conftest.c >&5
configure:8013: $? = 0
configure:8086: gcc -o conftest -g -O2   conftest.c  >&5
configure:8086: $? = 0
configure:8086: ./conftest
configure:8086: $? = 0
configure:8097: result: yes
configure:8110: checking for sys/types.h
configure:8110: gcc -c -g -O2  conftest.c >&5
configure:8110: $? = 0
configure:8110: result: yes
configure:8110: checking for sys/stat.h
configure:8110: gcc -c -g -O2  conftest.c >&5
configure:8110: $? = 0
configure:8110: result: yes
configure:8110: checking for stdlib.h
configure:8110: gcc -c -g -O2  conftest.c >&5
configure:8110: $? = 0
configure:8110: result: yes
configure:8110: checking for string.h
configure:8110: gcc -c -g -O2  conftest.c >&5
configure:8110: $? = 0
configure:8110: result: yes
configure:8110: checking for memory.h
configure:8110: gcc -c -g -O2  conftest.c >&5
configure:8110: $? = 0
configure:8110: result: yes
configure:8110: checking for strings.h
configure:8110: gcc -c -g -O2  conftest.c >&5
configure:8110: $? = 0
configure:8110: result: yes
configure:8110: checking for inttypes.h
configure:8110: gcc -c -g -O2  conftest.c >&5
configure:8110: $? = 0
configure:8110: result: yes
configure:8110: checking for stdint.h
configure:8110: gcc -c -g -O2  conftest.c >&5
configure:8110: $? = 0
configure:8110: result: yes
configure:8110: checking for unistd.h
configure:8110: gcc -c -g -O2  conftest.c >&5
configure:8110: $? = 0
configure:8110: result: yes
configure:8124: checking for dlfcn.h
configure:8124: gcc -c -g -O2  conftest.c >&5
configure:8124: $? = 0
configure:8124: result: yes
configure:8380: checking for objdir
configure:8395: result: .libs
configure:8659: checking if gcc supports -fno-rtti -fno-exceptions
configure:8677: gcc -c -g -O2  -fno-rtti -fno-exceptions conftest.c >&5
cc1: warning: command line option '-fno-rtti' is valid for C++/ObjC++ but not for C
configure:8681: $? = 0
configure:8694: result: no
configure:9052: checking for gcc option to produce PIC
configure:9059: result: -fPIC -DPIC
configure:9067: checking if gcc PIC flag -fPIC -DPIC works
configure:9085: gcc -c -g -O2  -fPIC -DPIC -DPIC conftest.c >&5
configure:9089: $? = 0
configure:9102: result: yes
configure:9131: checking if gcc static flag -static works
configure:9159: result: yes
configure:9174: checking if gcc supports -c -o file.o
configure:9195: gcc -c -g -O2  -o out/conftest2.o conftest.c >&5
configure:9199: $? = 0
configure:9221: result: yes
configure:9229: checking if gcc supports -c -o file.o
configure:9276: result: yes
configure:9309: checking whether the gcc linker (/usr/bin/ld -m elf_x86_64) supports shared libraries
configure:10572: result: yes
configure:10609: checking whether -lc should be explicitly linked in
configure:10617: gcc -c -g -O2  conftest.c >&5
configure:10620: $? = 0
configure:10635: gcc -shared  -fPIC -DPIC conftest.o  -v -Wl,-soname -Wl,conftest -o conftest 2\>\&1 \| /bin/grep  -lc  \>/dev/null 2\>\&1
configure:10638: $? = 0
configure:10652: result: no
configure:10812: checking dynamic linker characteristics
configure:11393: gcc -o conftest -g -O2   -Wl,-rpath -Wl,/foo conftest.c  >&5
configure:11393: $? = 0
configure:11642: result: GNU/Linux ld.so
configure:11764: checking how to hardcode library paths into programs
configure:11789: result: immediate
configure:12337: checking whether stripping libraries is possible
configure:12342: result: yes
configure:12377: checking if libtool supports shared libraries
configure:12379: result: yes
configure:12382: checking whether to build shared libraries
configure:12407: result: yes
configure:12410: checking whether to build static libraries
configure:12414: result: yes
configure:12576: checking for C++ compiler version
configure:12585: g++ --version >&5
g++ (Ubuntu 5.4.0-6ubuntu1~16.04.4) 5.4.0 20160609
Copyright (C) 2015 Free Software Foundation, Inc.
This is free software; see the source for copying conditions.  There is NO
warranty; not even for MERCHANTABILITY or FITNESS FOR A PARTICULAR PURPOSE.

configure:12596: $? = 0
configure:12585: g++ -v >&5
Using built-in specs.
COLLECT_GCC=g++
COLLECT_LTO_WRAPPER=/usr/lib/gcc/x86_64-linux-gnu/5/lto-wrapper
Target: x86_64-linux-gnu
Configured with: ../src/configure -v --with-pkgversion='Ubuntu 5.4.0-6ubuntu1~16.04.4' --with-bugurl=file:///usr/share/doc/gcc-5/README.Bugs --enable-languages=c,ada,c++,java,go,d,fortran,objc,obj-c++ --prefix=/usr --program-suffix=-5 --enable-shared --enable-linker-build-id --libexecdir=/usr/lib --without-included-gettext --enable-threads=posix --libdir=/usr/lib --enable-nls --with-sysroot=/ --enable-clocale=gnu --enable-libstdcxx-debug --enable-libstdcxx-time=yes --with-default-libstdcxx-abi=new --enable-gnu-unique-object --disable-vtable-verify --enable-libmpx --enable-plugin --with-system-zlib --disable-browser-plugin --enable-java-awt=gtk --enable-gtk-cairo --with-java-home=/usr/lib/jvm/java-1.5.0-gcj-5-amd64/jre --enable-java-home --with-jvm-root-dir=/usr/lib/jvm/java-1.5.0-gcj-5-amd64 --with-jvm-jar-dir=/usr/lib/jvm-exports/java-1.5.0-gcj-5-amd64 --with-arch-directory=amd64 --with-ecj-jar=/usr/share/java/eclipse-ecj.jar --enable-objc-gc --enable-multiarch --disable-werror --with-arch-32=i686 --with-abi=m64 --with-multilib-list=m32,m64,mx32 --enable-multilib --with-tune=generic --enable-checking=release --build=x86_64-linux-gnu --host=x86_64-linux-gnu --target=x86_64-linux-gnu
Thread model: posix
gcc version 5.4.0 20160609 (Ubuntu 5.4.0-6ubuntu1~16.04.4) 
configure:12596: $? = 0
configure:12585: g++ -V >&5
g++: error: unrecognized command line option '-V'
g++: fatal error: no input files
compilation terminated.
configure:12596: $? = 1
configure:12585: g++ -qversion >&5
g++: error: unrecognized command line option '-qversion'
g++: fatal error: no input files
compilation terminated.
configure:12596: $? = 1
configure:12600: checking whether we are using the GNU C++ compiler
configure:12619: g++ -c -O3  conftest.cpp >&5
configure:12619: $? = 0
configure:12628: result: yes
configure:12637: checking whether g++ accepts -g
configure:12657: g++ -c -g  conftest.cpp >&5
configure:12657: $? = 0
configure:12698: result: yes
configure:12723: checking dependency style of g++
configure:12834: result: gcc3
configure:12867: checking how to run the C++ preprocessor
configure:12894: g++ -E  conftest.cpp
configure:12894: $? = 0
configure:12908: g++ -E  conftest.cpp
conftest.cpp:23:28: fatal error: ac_nonexistent.h: No such file or directory
compilation terminated.
configure:12908: $? = 1
configure: failed program was:
| /* confdefs.h */
| #define PACKAGE_NAME "nanocube"
| #define PACKAGE_TARNAME "nanocube"
| #define PACKAGE_VERSION "0.0.1"
| #define PACKAGE_STRING "nanocube 0.0.1"
| #define PACKAGE_BUGREPORT "lauro.lins@gmail.com"
| #define PACKAGE_URL ""
| #define PACKAGE "nanocube"
| #define VERSION "0.0.1"
| #define STDC_HEADERS 1
| #define HAVE_SYS_TYPES_H 1
| #define HAVE_SYS_STAT_H 1
| #define HAVE_STDLIB_H 1
| #define HAVE_STRING_H 1
| #define HAVE_MEMORY_H 1
| #define HAVE_STRINGS_H 1
| #define HAVE_INTTYPES_H 1
| #define HAVE_STDINT_H 1
| #define HAVE_UNISTD_H 1
| #define HAVE_DLFCN_H 1
| #define LT_OBJDIR ".libs/"
| /* end confdefs.h.  */
| #include <ac_nonexistent.h>
configure:12933: result: g++ -E
configure:12953: g++ -E  conftest.cpp
configure:12953: $? = 0
configure:12967: g++ -E  conftest.cpp
conftest.cpp:23:28: fatal error: ac_nonexistent.h: No such file or directory
compilation terminated.
configure:12967: $? = 1
configure: failed program was:
| /* confdefs.h */
| #define PACKAGE_NAME "nanocube"
| #define PACKAGE_TARNAME "nanocube"
| #define PACKAGE_VERSION "0.0.1"
| #define PACKAGE_STRING "nanocube 0.0.1"
| #define PACKAGE_BUGREPORT "lauro.lins@gmail.com"
| #define PACKAGE_URL ""
| #define PACKAGE "nanocube"
| #define VERSION "0.0.1"
| #define STDC_HEADERS 1
| #define HAVE_SYS_TYPES_H 1
| #define HAVE_SYS_STAT_H 1
| #define HAVE_STDLIB_H 1
| #define HAVE_STRING_H 1
| #define HAVE_MEMORY_H 1
| #define HAVE_STRINGS_H 1
| #define HAVE_INTTYPES_H 1
| #define HAVE_STDINT_H 1
| #define HAVE_UNISTD_H 1
| #define HAVE_DLFCN_H 1
| #define LT_OBJDIR ".libs/"
| /* end confdefs.h.  */
| #include <ac_nonexistent.h>
configure:13129: checking for ld used by g++
configure:13196: result: /usr/bin/ld -m elf_x86_64
configure:13203: checking if the linker (/usr/bin/ld -m elf_x86_64) is GNU ld
configure:13218: result: yes
configure:13273: checking whether the g++ linker (/usr/bin/ld -m elf_x86_64) supports shared libraries
configure:14346: result: no
configure:14382: g++ -c -O3  conftest.cpp >&5
configure:14385: $? = 0
configure:14866: checking for g++ option to produce PIC
configure:14873: result: -fPIC -DPIC
configure:14881: checking if g++ PIC flag -fPIC -DPIC works
configure:14899: g++ -c -O3  -fPIC -DPIC -DPIC conftest.cpp >&5
configure:14903: $? = 0
configure:14916: result: yes
configure:14939: checking if g++ static flag -static works
configure:14967: result: yes
configure:14979: checking if g++ supports -c -o file.o
configure:15000: g++ -c -O3  -o out/conftest2.o conftest.cpp >&5
configure:15004: $? = 0
configure:15026: result: yes
configure:15031: checking if g++ supports -c -o file.o
configure:15078: result: yes
configure:15108: checking whether the g++ linker (/usr/bin/ld -m elf_x86_64) supports shared libraries
configure:15151: result: no
configure:15292: checking dynamic linker characteristics
configure:16049: result: no
configure:16114: checking how to hardcode library paths into programs
configure:16139: result: immediate
configure:16193: checking for library containing dlopen
configure:16224: gcc -o conftest -g -O2   conftest.c  >&5
/tmp/ccHMRnkh.o: In function `main':
/opt/nanocube-3.2.1/build/conftest.c:34: undefined reference to `dlopen'
collect2: error: ld returned 1 exit status
configure:16224: $? = 1
configure: failed program was:
| /* confdefs.h */
| #define PACKAGE_NAME "nanocube"
| #define PACKAGE_TARNAME "nanocube"
| #define PACKAGE_VERSION "0.0.1"
| #define PACKAGE_STRING "nanocube 0.0.1"
| #define PACKAGE_BUGREPORT "lauro.lins@gmail.com"
| #define PACKAGE_URL ""
| #define PACKAGE "nanocube"
| #define VERSION "0.0.1"
| #define STDC_HEADERS 1
| #define HAVE_SYS_TYPES_H 1
| #define HAVE_SYS_STAT_H 1
| #define HAVE_STDLIB_H 1
| #define HAVE_STRING_H 1
| #define HAVE_MEMORY_H 1
| #define HAVE_STRINGS_H 1
| #define HAVE_INTTYPES_H 1
| #define HAVE_STDINT_H 1
| #define HAVE_UNISTD_H 1
| #define HAVE_DLFCN_H 1
| #define LT_OBJDIR ".libs/"
| /* end confdefs.h.  */
| 
| /* Override any GCC internal prototype to avoid an error.
|    Use char because int might match the return type of a GCC
|    builtin and then its argument prototype would still apply.  */
| #ifdef __cplusplus
| extern "C"
| #endif
| char dlopen ();
| int
| main ()
| {
| return dlopen ();
|   ;
|   return 0;
| }
configure:16224: gcc -o conftest -g -O2   conftest.c -ldl   >&5
configure:16224: $? = 0
configure:16241: result: -ldl
configure:16331: checking for dlerror
configure:16331: gcc -o conftest -g -O2   conftest.c -ldl  -ldl >&5
configure:16331: $? = 0
configure:16331: result: yes
configure:16345: checking for shl_load
configure:16345: gcc -o conftest -g -O2   conftest.c -ldl  >&5
/tmp/ccXs1PIp.o: In function `main':
/opt/nanocube-3.2.1/build/conftest.c:59: undefined reference to `shl_load'
collect2: error: ld returned 1 exit status
configure:16345: $? = 1
configure: failed program was:
| /* confdefs.h */
| #define PACKAGE_NAME "nanocube"
| #define PACKAGE_TARNAME "nanocube"
| #define PACKAGE_VERSION "0.0.1"
| #define PACKAGE_STRING "nanocube 0.0.1"
| #define PACKAGE_BUGREPORT "lauro.lins@gmail.com"
| #define PACKAGE_URL ""
| #define PACKAGE "nanocube"
| #define VERSION "0.0.1"
| #define STDC_HEADERS 1
| #define HAVE_SYS_TYPES_H 1
| #define HAVE_SYS_STAT_H 1
| #define HAVE_STDLIB_H 1
| #define HAVE_STRING_H 1
| #define HAVE_MEMORY_H 1
| #define HAVE_STRINGS_H 1
| #define HAVE_INTTYPES_H 1
| #define HAVE_STDINT_H 1
| #define HAVE_UNISTD_H 1
| #define HAVE_DLFCN_H 1
| #define LT_OBJDIR ".libs/"
| #define HAVE_LIBDL 1
| #define HAVE_DLERROR 1
| /* end confdefs.h.  */
| /* Define shl_load to an innocuous variant, in case <limits.h> declares shl_load.
|    For example, HP-UX 11i <limits.h> declares gettimeofday.  */
| #define shl_load innocuous_shl_load
| 
| /* System header to define __stub macros and hopefully few prototypes,
|     which can conflict with char shl_load (); below.
|     Prefer <limits.h> to <assert.h> if __STDC__ is defined, since
|     <limits.h> exists even on freestanding compilers.  */
| 
| #ifdef __STDC__
| # include <limits.h>
| #else
| # include <assert.h>
| #endif
| 
| #undef shl_load
| 
| /* Override any GCC internal prototype to avoid an error.
|    Use char because int might match the return type of a GCC
|    builtin and then its argument prototype would still apply.  */
| #ifdef __cplusplus
| extern "C"
| #endif
| char shl_load ();
| /* The GNU C library defines this for functions which it implements
|     to always fail with ENOSYS.  Some functions are actually named
|     something starting with __ and the normal name is an alias.  */
| #if defined __stub_shl_load || defined __stub___shl_load
| choke me
| #endif
| 
| int
| main ()
| {
| return shl_load ();
|   ;
|   return 0;
| }
configure:16345: result: no
configure:16352: checking for shl_load in -ldld
configure:16377: gcc -o conftest -g -O2   conftest.c -ldld  -ldl  >&5
/usr/bin/ld: cannot find -ldld
collect2: error: ld returned 1 exit status
configure:16377: $? = 1
configure: failed program was:
| /* confdefs.h */
| #define PACKAGE_NAME "nanocube"
| #define PACKAGE_TARNAME "nanocube"
| #define PACKAGE_VERSION "0.0.1"
| #define PACKAGE_STRING "nanocube 0.0.1"
| #define PACKAGE_BUGREPORT "lauro.lins@gmail.com"
| #define PACKAGE_URL ""
| #define PACKAGE "nanocube"
| #define VERSION "0.0.1"
| #define STDC_HEADERS 1
| #define HAVE_SYS_TYPES_H 1
| #define HAVE_SYS_STAT_H 1
| #define HAVE_STDLIB_H 1
| #define HAVE_STRING_H 1
| #define HAVE_MEMORY_H 1
| #define HAVE_STRINGS_H 1
| #define HAVE_INTTYPES_H 1
| #define HAVE_STDINT_H 1
| #define HAVE_UNISTD_H 1
| #define HAVE_DLFCN_H 1
| #define LT_OBJDIR ".libs/"
| #define HAVE_LIBDL 1
| #define HAVE_DLERROR 1
| /* end confdefs.h.  */
| 
| /* Override any GCC internal prototype to avoid an error.
|    Use char because int might match the return type of a GCC
|    builtin and then its argument prototype would still apply.  */
| #ifdef __cplusplus
| extern "C"
| #endif
| char shl_load ();
| int
| main ()
| {
| return shl_load ();
|   ;
|   return 0;
| }
configure:16386: result: no
configure:16432: checking for dld_link in -ldld
configure:16457: gcc -o conftest -g -O2   conftest.c -ldld  -ldl  >&5
/usr/bin/ld: cannot find -ldld
collect2: error: ld returned 1 exit status
configure:16457: $? = 1
configure: failed program was:
| /* confdefs.h */
| #define PACKAGE_NAME "nanocube"
| #define PACKAGE_TARNAME "nanocube"
| #define PACKAGE_VERSION "0.0.1"
| #define PACKAGE_STRING "nanocube 0.0.1"
| #define PACKAGE_BUGREPORT "lauro.lins@gmail.com"
| #define PACKAGE_URL ""
| #define PACKAGE "nanocube"
| #define VERSION "0.0.1"
| #define STDC_HEADERS 1
| #define HAVE_SYS_TYPES_H 1
| #define HAVE_SYS_STAT_H 1
| #define HAVE_STDLIB_H 1
| #define HAVE_STRING_H 1
| #define HAVE_MEMORY_H 1
| #define HAVE_STRINGS_H 1
| #define HAVE_INTTYPES_H 1
| #define HAVE_STDINT_H 1
| #define HAVE_UNISTD_H 1
| #define HAVE_DLFCN_H 1
| #define LT_OBJDIR ".libs/"
| #define HAVE_LIBDL 1
| #define HAVE_DLERROR 1
| /* end confdefs.h.  */
| 
| /* Override any GCC internal prototype to avoid an error.
|    Use char because int might match the return type of a GCC
|    builtin and then its argument prototype would still apply.  */
| #ifdef __cplusplus
| extern "C"
| #endif
| char dld_link ();
| int
| main ()
| {
| return dld_link ();
|   ;
|   return 0;
| }
configure:16466: result: no
configure:16512: checking whether g++ supports C++11 features by default
configure:16536: g++ -c -O3  conftest.cpp >&5
conftest.cpp:30:21: error: expected identifier before 'sizeof'
       static_assert(sizeof(int) <= sizeof(T), "not big enough");
                     ^
conftest.cpp:30:21: error: expected ',' or '...' before 'sizeof'
conftest.cpp:30:63: error: ISO C++ forbids declaration of 'static_assert' with no type [-fpermissive]
       static_assert(sizeof(int) <= sizeof(T), "not big enough");
                                                               ^
conftest.cpp:33:29: error: '>>' should be '> >' within a nested template argument list
     typedef check<check<bool>> right_angle_brackets;
                             ^
conftest.cpp:36:13: error: expected constructor, destructor, or type conversion before '(' token
     decltype(a) b;
             ^
conftest.cpp:40:15: error: expected unqualified-id before '&&' token
     check_type&& cr = static_cast<check_type&&>(c);
               ^
configure:16536: $? = 1
configure: failed program was:
| /* confdefs.h */
| #define PACKAGE_NAME "nanocube"
| #define PACKAGE_TARNAME "nanocube"
| #define PACKAGE_VERSION "0.0.1"
| #define PACKAGE_STRING "nanocube 0.0.1"
| #define PACKAGE_BUGREPORT "lauro.lins@gmail.com"
| #define PACKAGE_URL ""
| #define PACKAGE "nanocube"
| #define VERSION "0.0.1"
| #define STDC_HEADERS 1
| #define HAVE_SYS_TYPES_H 1
| #define HAVE_SYS_STAT_H 1
| #define HAVE_STDLIB_H 1
| #define HAVE_STRING_H 1
| #define HAVE_MEMORY_H 1
| #define HAVE_STRINGS_H 1
| #define HAVE_INTTYPES_H 1
| #define HAVE_STDINT_H 1
| #define HAVE_UNISTD_H 1
| #define HAVE_DLFCN_H 1
| #define LT_OBJDIR ".libs/"
| #define HAVE_LIBDL 1
| #define HAVE_DLERROR 1
| #define HAVE_LIBDLLOADER 1
| /* end confdefs.h.  */
| 
|   template <typename T>
|     struct check
|     {
|       static_assert(sizeof(int) <= sizeof(T), "not big enough");
|     };
| 
|     typedef check<check<bool>> right_angle_brackets;
| 
|     int a;
|     decltype(a) b;
| 
|     typedef check<int> check_type;
|     check_type c;
|     check_type&& cr = static_cast<check_type&&>(c);
| 
configure:16543: result: no
configure:16554: checking whether g++ supports C++11 features with -std=c++11
configure:16580: g++ -c -O3 -std=c++11  conftest.cpp >&5
configure:16580: $? = 0
configure:16589: result: yes
configure:16608: checking if zlib is wanted
configure:16630: result: yes
configure:16661: checking for inflateEnd in -lz
configure:16686: gcc -o conftest -g -O2  -I/usr/include  -L/usr/lib conftest.c -lz   >&5
configure:16686: $? = 0
configure:16695: result: yes
configure:16703: checking zlib.h usability
configure:16703: gcc -c -g -O2  -I/usr/include conftest.c >&5
configure:16703: $? = 0
configure:16703: result: yes
configure:16703: checking zlib.h presence
configure:16703: gcc -E  -I/usr/include conftest.c
configure:16703: $? = 0
configure:16703: result: yes
configure:16703: checking for zlib.h
configure:16703: result: yes
configure: this is boost.m4 serial 26
configure:16771: checking for Boost headers version >= 1.48.0
configure:16842: g++ -c -O3 -std=c++11  -I/usr/include -I/usr/include conftest.cpp >&5
configure:16842: $? = 0
configure:16863: result: yes
configure:16882: checking for Boost's header version
configure:16913: result: 1_64
configure:16930: checking for the flags needed to use pthreads
configure:16985: g++ -o conftest -O3 -std=c++11  -I/usr/include -I/usr/include  -L/usr/lib -L/usr/lib conftest.cpp -lz   >&5
conftest.cpp: In function 'int main()':
conftest.cpp:33:24: warning: null argument where non-null required (argument 1) [-Wnonnull]
     pthread_attr_init(0); pthread_cleanup_push(0, 0);
                        ^
conftest.cpp:34:27: warning: null argument where non-null required (argument 1) [-Wnonnull]
     pthread_create(0,0,0,0); pthread_cleanup_pop(0);
                           ^
conftest.cpp:34:27: warning: null argument where non-null required (argument 3) [-Wnonnull]
/tmp/ccD33atH.o: In function `main':
conftest.cpp:(.text.startup+0x9): undefined reference to `pthread_join'
conftest.cpp:(.text.startup+0x1d): undefined reference to `pthread_create'
collect2: error: ld returned 1 exit status
configure:16985: $? = 1
configure: failed program was:
| /* confdefs.h */
| #define PACKAGE_NAME "nanocube"
| #define PACKAGE_TARNAME "nanocube"
| #define PACKAGE_VERSION "0.0.1"
| #define PACKAGE_STRING "nanocube 0.0.1"
| #define PACKAGE_BUGREPORT "lauro.lins@gmail.com"
| #define PACKAGE_URL ""
| #define PACKAGE "nanocube"
| #define VERSION "0.0.1"
| #define STDC_HEADERS 1
| #define HAVE_SYS_TYPES_H 1
| #define HAVE_SYS_STAT_H 1
| #define HAVE_STDLIB_H 1
| #define HAVE_STRING_H 1
| #define HAVE_MEMORY_H 1
| #define HAVE_STRINGS_H 1
| #define HAVE_INTTYPES_H 1
| #define HAVE_STDINT_H 1
| #define HAVE_UNISTD_H 1
| #define HAVE_DLFCN_H 1
| #define LT_OBJDIR ".libs/"
| #define HAVE_LIBDL 1
| #define HAVE_DLERROR 1
| #define HAVE_LIBDLLOADER 1
| #define HAVE_LIBZ 1
| #define HAVE_BOOST 1
| /* end confdefs.h.  */
| #include <pthread.h>
| int
| main ()
| {
| pthread_t th; pthread_join(th, 0);
|     pthread_attr_init(0); pthread_cleanup_push(0, 0);
|     pthread_create(0,0,0,0); pthread_cleanup_pop(0);
|   ;
|   return 0;
| }
configure:16985: g++ -o conftest -O3 -std=c++11  -I/usr/include -I/usr/include  -L/usr/lib -L/usr/lib conftest.cpp -lz  -lpthreads >&5
conftest.cpp: In function 'int main()':
conftest.cpp:33:24: warning: null argument where non-null required (argument 1) [-Wnonnull]
     pthread_attr_init(0); pthread_cleanup_push(0, 0);
                        ^
conftest.cpp:34:27: warning: null argument where non-null required (argument 1) [-Wnonnull]
     pthread_create(0,0,0,0); pthread_cleanup_pop(0);
                           ^
conftest.cpp:34:27: warning: null argument where non-null required (argument 3) [-Wnonnull]
/usr/bin/ld: cannot find -lpthreads
collect2: error: ld returned 1 exit status
configure:16985: $? = 1
configure: failed program was:
| /* confdefs.h */
| #define PACKAGE_NAME "nanocube"
| #define PACKAGE_TARNAME "nanocube"
| #define PACKAGE_VERSION "0.0.1"
| #define PACKAGE_STRING "nanocube 0.0.1"
| #define PACKAGE_BUGREPORT "lauro.lins@gmail.com"
| #define PACKAGE_URL ""
| #define PACKAGE "nanocube"
| #define VERSION "0.0.1"
| #define STDC_HEADERS 1
| #define HAVE_SYS_TYPES_H 1
| #define HAVE_SYS_STAT_H 1
| #define HAVE_STDLIB_H 1
| #define HAVE_STRING_H 1
| #define HAVE_MEMORY_H 1
| #define HAVE_STRINGS_H 1
| #define HAVE_INTTYPES_H 1
| #define HAVE_STDINT_H 1
| #define HAVE_UNISTD_H 1
| #define HAVE_DLFCN_H 1
| #define LT_OBJDIR ".libs/"
| #define HAVE_LIBDL 1
| #define HAVE_DLERROR 1
| #define HAVE_LIBDLLOADER 1
| #define HAVE_LIBZ 1
| #define HAVE_BOOST 1
| /* end confdefs.h.  */
| #include <pthread.h>
| int
| main ()
| {
| pthread_t th; pthread_join(th, 0);
|     pthread_attr_init(0); pthread_cleanup_push(0, 0);
|     pthread_create(0,0,0,0); pthread_cleanup_pop(0);
|   ;
|   return 0;
| }
configure:16985: g++ -o conftest -O3 -std=c++11  -I/usr/include -I/usr/include  -L/usr/lib -L/usr/lib conftest.cpp -lz  -Kthread >&5
g++: error: unrecognized command line option '-Kthread'
configure:16985: $? = 1
configure: failed program was:
| /* confdefs.h */
| #define PACKAGE_NAME "nanocube"
| #define PACKAGE_TARNAME "nanocube"
| #define PACKAGE_VERSION "0.0.1"
| #define PACKAGE_STRING "nanocube 0.0.1"
| #define PACKAGE_BUGREPORT "lauro.lins@gmail.com"
| #define PACKAGE_URL ""
| #define PACKAGE "nanocube"
| #define VERSION "0.0.1"
| #define STDC_HEADERS 1
| #define HAVE_SYS_TYPES_H 1
| #define HAVE_SYS_STAT_H 1
| #define HAVE_STDLIB_H 1
| #define HAVE_STRING_H 1
| #define HAVE_MEMORY_H 1
| #define HAVE_STRINGS_H 1
| #define HAVE_INTTYPES_H 1
| #define HAVE_STDINT_H 1
| #define HAVE_UNISTD_H 1
| #define HAVE_DLFCN_H 1
| #define LT_OBJDIR ".libs/"
| #define HAVE_LIBDL 1
| #define HAVE_DLERROR 1
| #define HAVE_LIBDLLOADER 1
| #define HAVE_LIBZ 1
| #define HAVE_BOOST 1
| /* end confdefs.h.  */
| #include <pthread.h>
| int
| main ()
| {
| pthread_t th; pthread_join(th, 0);
|     pthread_attr_init(0); pthread_cleanup_push(0, 0);
|     pthread_create(0,0,0,0); pthread_cleanup_pop(0);
|   ;
|   return 0;
| }
configure:16985: g++ -o conftest -O3 -std=c++11  -I/usr/include -I/usr/include  -L/usr/lib -L/usr/lib conftest.cpp -lz  -kthread >&5
g++: error: unrecognized command line option '-kthread'
configure:16985: $? = 1
configure: failed program was:
| /* confdefs.h */
| #define PACKAGE_NAME "nanocube"
| #define PACKAGE_TARNAME "nanocube"
| #define PACKAGE_VERSION "0.0.1"
| #define PACKAGE_STRING "nanocube 0.0.1"
| #define PACKAGE_BUGREPORT "lauro.lins@gmail.com"
| #define PACKAGE_URL ""
| #define PACKAGE "nanocube"
| #define VERSION "0.0.1"
| #define STDC_HEADERS 1
| #define HAVE_SYS_TYPES_H 1
| #define HAVE_SYS_STAT_H 1
| #define HAVE_STDLIB_H 1
| #define HAVE_STRING_H 1
| #define HAVE_MEMORY_H 1
| #define HAVE_STRINGS_H 1
| #define HAVE_INTTYPES_H 1
| #define HAVE_STDINT_H 1
| #define HAVE_UNISTD_H 1
| #define HAVE_DLFCN_H 1
| #define LT_OBJDIR ".libs/"
| #define HAVE_LIBDL 1
| #define HAVE_DLERROR 1
| #define HAVE_LIBDLLOADER 1
| #define HAVE_LIBZ 1
| #define HAVE_BOOST 1
| /* end confdefs.h.  */
| #include <pthread.h>
| int
| main ()
| {
| pthread_t th; pthread_join(th, 0);
|     pthread_attr_init(0); pthread_cleanup_push(0, 0);
|     pthread_create(0,0,0,0); pthread_cleanup_pop(0);
|   ;
|   return 0;
| }
configure:16985: g++ -o conftest -O3 -std=c++11  -I/usr/include -I/usr/include  -L/usr/lib -L/usr/lib conftest.cpp -lz  -llthread >&5
conftest.cpp: In function 'int main()':
conftest.cpp:33:24: warning: null argument where non-null required (argument 1) [-Wnonnull]
     pthread_attr_init(0); pthread_cleanup_push(0, 0);
                        ^
conftest.cpp:34:27: warning: null argument where non-null required (argument 1) [-Wnonnull]
     pthread_create(0,0,0,0); pthread_cleanup_pop(0);
                           ^
conftest.cpp:34:27: warning: null argument where non-null required (argument 3) [-Wnonnull]
/usr/bin/ld: cannot find -llthread
collect2: error: ld returned 1 exit status
configure:16985: $? = 1
configure: failed program was:
| /* confdefs.h */
| #define PACKAGE_NAME "nanocube"
| #define PACKAGE_TARNAME "nanocube"
| #define PACKAGE_VERSION "0.0.1"
| #define PACKAGE_STRING "nanocube 0.0.1"
| #define PACKAGE_BUGREPORT "lauro.lins@gmail.com"
| #define PACKAGE_URL ""
| #define PACKAGE "nanocube"
| #define VERSION "0.0.1"
| #define STDC_HEADERS 1
| #define HAVE_SYS_TYPES_H 1
| #define HAVE_SYS_STAT_H 1
| #define HAVE_STDLIB_H 1
| #define HAVE_STRING_H 1
| #define HAVE_MEMORY_H 1
| #define HAVE_STRINGS_H 1
| #define HAVE_INTTYPES_H 1
| #define HAVE_STDINT_H 1
| #define HAVE_UNISTD_H 1
| #define HAVE_DLFCN_H 1
| #define LT_OBJDIR ".libs/"
| #define HAVE_LIBDL 1
| #define HAVE_DLERROR 1
| #define HAVE_LIBDLLOADER 1
| #define HAVE_LIBZ 1
| #define HAVE_BOOST 1
| /* end confdefs.h.  */
| #include <pthread.h>
| int
| main ()
| {
| pthread_t th; pthread_join(th, 0);
|     pthread_attr_init(0); pthread_cleanup_push(0, 0);
|     pthread_create(0,0,0,0); pthread_cleanup_pop(0);
|   ;
|   return 0;
| }
configure:16985: g++ -o conftest -O3 -std=c++11  -I/usr/include -I/usr/include  -L/usr/lib -L/usr/lib conftest.cpp -lz  -pthread >&5
conftest.cpp: In function 'int main()':
conftest.cpp:33:24: warning: null argument where non-null required (argument 1) [-Wnonnull]
     pthread_attr_init(0); pthread_cleanup_push(0, 0);
                        ^
conftest.cpp:34:27: warning: null argument where non-null required (argument 1) [-Wnonnull]
     pthread_create(0,0,0,0); pthread_cleanup_pop(0);
                           ^
conftest.cpp:34:27: warning: null argument where non-null required (argument 3) [-Wnonnull]
configure:16985: $? = 0
configure:16999: result: -pthread
configure:17007: checking for the toolset name used by Boost for g++
configure:17145: g++ -c -O3 -std=c++11  -I/usr/include -I/usr/include conftest.cpp >&5
conftest.cpp:32:3: error: #error defined __GNUC__ && __GNUC__ == 6 && __GNUC_MINOR__ == 2 && !defined __ICC && (defined WIN32 || defined WINNT || defined _WIN32 || defined __WIN32 || defined __WIN32__ || defined __WINNT || defined __WINNT__)
 # error defined __GNUC__ && __GNUC__ == 6 && __GNUC_MINOR__ == 2 && !defined __ICC &&   (defined WIN32 || defined WINNT || defined _WIN32 || defined __WIN32          || defined __WIN32__ || defined __WINNT || defined __WINNT__)
   ^
configure:17145: $? = 1
configure: failed program was:
| /* confdefs.h */
| #define PACKAGE_NAME "nanocube"
| #define PACKAGE_TARNAME "nanocube"
| #define PACKAGE_VERSION "0.0.1"
| #define PACKAGE_STRING "nanocube 0.0.1"
| #define PACKAGE_BUGREPORT "lauro.lins@gmail.com"
| #define PACKAGE_URL ""
| #define PACKAGE "nanocube"
| #define VERSION "0.0.1"
| #define STDC_HEADERS 1
| #define HAVE_SYS_TYPES_H 1
| #define HAVE_SYS_STAT_H 1
| #define HAVE_STDLIB_H 1
| #define HAVE_STRING_H 1
| #define HAVE_MEMORY_H 1
| #define HAVE_STRINGS_H 1
| #define HAVE_INTTYPES_H 1
| #define HAVE_STDINT_H 1
| #define HAVE_UNISTD_H 1
| #define HAVE_DLFCN_H 1
| #define LT_OBJDIR ".libs/"
| #define HAVE_LIBDL 1
| #define HAVE_DLERROR 1
| #define HAVE_LIBDLLOADER 1
| #define HAVE_LIBZ 1
| #define HAVE_BOOST 1
| /* end confdefs.h.  */
| 
| #if defined __GNUC__ && __GNUC__ == 6 && __GNUC_MINOR__ == 2 && !defined __ICC &&   (defined WIN32 || defined WINNT || defined _WIN32 || defined __WIN32          || defined __WIN32__ || defined __WINNT || defined __WINNT__)
| /* OK */
| #else
| # error defined __GNUC__ && __GNUC__ == 6 && __GNUC_MINOR__ == 2 && !defined __ICC &&   (defined WIN32 || defined WINNT || defined _WIN32 || defined __WIN32          || defined __WIN32__ || defined __WINNT || defined __WINNT__)
| #endif
| 
| int
| main ()
| {
| 
|   ;
|   return 0;
| }
configure:17145: g++ -c -O3 -std=c++11  -I/usr/include -I/usr/include conftest.cpp >&5
conftest.cpp:32:3: error: #error defined __GNUC__ && __GNUC__ == 6 && __GNUC_MINOR__ == 2 && !defined __ICC
 # error defined __GNUC__ && __GNUC__ == 6 && __GNUC_MINOR__ == 2 && !defined __ICC
   ^
configure:17145: $? = 1
configure: failed program was:
| /* confdefs.h */
| #define PACKAGE_NAME "nanocube"
| #define PACKAGE_TARNAME "nanocube"
| #define PACKAGE_VERSION "0.0.1"
| #define PACKAGE_STRING "nanocube 0.0.1"
| #define PACKAGE_BUGREPORT "lauro.lins@gmail.com"
| #define PACKAGE_URL ""
| #define PACKAGE "nanocube"
| #define VERSION "0.0.1"
| #define STDC_HEADERS 1
| #define HAVE_SYS_TYPES_H 1
| #define HAVE_SYS_STAT_H 1
| #define HAVE_STDLIB_H 1
| #define HAVE_STRING_H 1
| #define HAVE_MEMORY_H 1
| #define HAVE_STRINGS_H 1
| #define HAVE_INTTYPES_H 1
| #define HAVE_STDINT_H 1
| #define HAVE_UNISTD_H 1
| #define HAVE_DLFCN_H 1
| #define LT_OBJDIR ".libs/"
| #define HAVE_LIBDL 1
| #define HAVE_DLERROR 1
| #define HAVE_LIBDLLOADER 1
| #define HAVE_LIBZ 1
| #define HAVE_BOOST 1
| /* end confdefs.h.  */
| 
| #if defined __GNUC__ && __GNUC__ == 6 && __GNUC_MINOR__ == 2 && !defined __ICC
| /* OK */
| #else
| # error defined __GNUC__ && __GNUC__ == 6 && __GNUC_MINOR__ == 2 && !defined __ICC
| #endif
| 
| int
| main ()
| {
| 
|   ;
|   return 0;
| }
configure:17145: g++ -c -O3 -std=c++11  -I/usr/include -I/usr/include conftest.cpp >&5
conftest.cpp:32:3: error: #error defined __GNUC__ && __GNUC__ == 6 && __GNUC_MINOR__ == 1 && !defined __ICC && (defined WIN32 || defined WINNT || defined _WIN32 || defined __WIN32 || defined __WIN32__ || defined __WINNT || defined __WINNT__)
 # error defined __GNUC__ && __GNUC__ == 6 && __GNUC_MINOR__ == 1 && !defined __ICC &&   (defined WIN32 || defined WINNT || defined _WIN32 || defined __WIN32          || defined __WIN32__ || defined __WINNT || defined __WINNT__)
   ^
configure:17145: $? = 1
configure: failed program was:
| /* confdefs.h */
| #define PACKAGE_NAME "nanocube"
| #define PACKAGE_TARNAME "nanocube"
| #define PACKAGE_VERSION "0.0.1"
| #define PACKAGE_STRING "nanocube 0.0.1"
| #define PACKAGE_BUGREPORT "lauro.lins@gmail.com"
| #define PACKAGE_URL ""
| #define PACKAGE "nanocube"
| #define VERSION "0.0.1"
| #define STDC_HEADERS 1
| #define HAVE_SYS_TYPES_H 1
| #define HAVE_SYS_STAT_H 1
| #define HAVE_STDLIB_H 1
| #define HAVE_STRING_H 1
| #define HAVE_MEMORY_H 1
| #define HAVE_STRINGS_H 1
| #define HAVE_INTTYPES_H 1
| #define HAVE_STDINT_H 1
| #define HAVE_UNISTD_H 1
| #define HAVE_DLFCN_H 1
| #define LT_OBJDIR ".libs/"
| #define HAVE_LIBDL 1
| #define HAVE_DLERROR 1
| #define HAVE_LIBDLLOADER 1
| #define HAVE_LIBZ 1
| #define HAVE_BOOST 1
| /* end confdefs.h.  */
| 
| #if defined __GNUC__ && __GNUC__ == 6 && __GNUC_MINOR__ == 1 && !defined __ICC &&   (defined WIN32 || defined WINNT || defined _WIN32 || defined __WIN32          || defined __WIN32__ || defined __WINNT || defined __WINNT__)
| /* OK */
| #else
| # error defined __GNUC__ && __GNUC__ == 6 && __GNUC_MINOR__ == 1 && !defined __ICC &&   (defined WIN32 || defined WINNT || defined _WIN32 || defined __WIN32          || defined __WIN32__ || defined __WINNT || defined __WINNT__)
| #endif
| 
| int
| main ()
| {
| 
|   ;
|   return 0;
| }
configure:17145: g++ -c -O3 -std=c++11  -I/usr/include -I/usr/include conftest.cpp >&5
conftest.cpp:32:3: error: #error defined __GNUC__ && __GNUC__ == 6 && __GNUC_MINOR__ == 1 && !defined __ICC
 # error defined __GNUC__ && __GNUC__ == 6 && __GNUC_MINOR__ == 1 && !defined __ICC
   ^
configure:17145: $? = 1
configure: failed program was:
| /* confdefs.h */
| #define PACKAGE_NAME "nanocube"
| #define PACKAGE_TARNAME "nanocube"
| #define PACKAGE_VERSION "0.0.1"
| #define PACKAGE_STRING "nanocube 0.0.1"
| #define PACKAGE_BUGREPORT "lauro.lins@gmail.com"
| #define PACKAGE_URL ""
| #define PACKAGE "nanocube"
| #define VERSION "0.0.1"
| #define STDC_HEADERS 1
| #define HAVE_SYS_TYPES_H 1
| #define HAVE_SYS_STAT_H 1
| #define HAVE_STDLIB_H 1
| #define HAVE_STRING_H 1
| #define HAVE_MEMORY_H 1
| #define HAVE_STRINGS_H 1
| #define HAVE_INTTYPES_H 1
| #define HAVE_STDINT_H 1
| #define HAVE_UNISTD_H 1
| #define HAVE_DLFCN_H 1
| #define LT_OBJDIR ".libs/"
| #define HAVE_LIBDL 1
| #define HAVE_DLERROR 1
| #define HAVE_LIBDLLOADER 1
| #define HAVE_LIBZ 1
| #define HAVE_BOOST 1
| /* end confdefs.h.  */
| 
| #if defined __GNUC__ && __GNUC__ == 6 && __GNUC_MINOR__ == 1 && !defined __ICC
| /* OK */
| #else
| # error defined __GNUC__ && __GNUC__ == 6 && __GNUC_MINOR__ == 1 && !defined __ICC
| #endif
| 
| int
| main ()
| {
| 
|   ;
|   return 0;
| }
configure:17145: g++ -c -O3 -std=c++11  -I/usr/include -I/usr/include conftest.cpp >&5
conftest.cpp:32:3: error: #error defined __GNUC__ && __GNUC__ == 6 && __GNUC_MINOR__ == 0 && !defined __ICC && (defined WIN32 || defined WINNT || defined _WIN32 || defined __WIN32 || defined __WIN32__ || defined __WINNT || defined __WINNT__)
 # error defined __GNUC__ && __GNUC__ == 6 && __GNUC_MINOR__ == 0 && !defined __ICC &&   (defined WIN32 || defined WINNT || defined _WIN32 || defined __WIN32          || defined __WIN32__ || defined __WINNT || defined __WINNT__)
   ^
configure:17145: $? = 1
configure: failed program was:
| /* confdefs.h */
| #define PACKAGE_NAME "nanocube"
| #define PACKAGE_TARNAME "nanocube"
| #define PACKAGE_VERSION "0.0.1"
| #define PACKAGE_STRING "nanocube 0.0.1"
| #define PACKAGE_BUGREPORT "lauro.lins@gmail.com"
| #define PACKAGE_URL ""
| #define PACKAGE "nanocube"
| #define VERSION "0.0.1"
| #define STDC_HEADERS 1
| #define HAVE_SYS_TYPES_H 1
| #define HAVE_SYS_STAT_H 1
| #define HAVE_STDLIB_H 1
| #define HAVE_STRING_H 1
| #define HAVE_MEMORY_H 1
| #define HAVE_STRINGS_H 1
| #define HAVE_INTTYPES_H 1
| #define HAVE_STDINT_H 1
| #define HAVE_UNISTD_H 1
| #define HAVE_DLFCN_H 1
| #define LT_OBJDIR ".libs/"
| #define HAVE_LIBDL 1
| #define HAVE_DLERROR 1
| #define HAVE_LIBDLLOADER 1
| #define HAVE_LIBZ 1
| #define HAVE_BOOST 1
| /* end confdefs.h.  */
| 
| #if defined __GNUC__ && __GNUC__ == 6 && __GNUC_MINOR__ == 0 && !defined __ICC &&   (defined WIN32 || defined WINNT || defined _WIN32 || defined __WIN32          || defined __WIN32__ || defined __WINNT || defined __WINNT__)
| /* OK */
| #else
| # error defined __GNUC__ && __GNUC__ == 6 && __GNUC_MINOR__ == 0 && !defined __ICC &&   (defined WIN32 || defined WINNT || defined _WIN32 || defined __WIN32          || defined __WIN32__ || defined __WINNT || defined __WINNT__)
| #endif
| 
| int
| main ()
| {
| 
|   ;
|   return 0;
| }
configure:17145: g++ -c -O3 -std=c++11  -I/usr/include -I/usr/include conftest.cpp >&5
conftest.cpp:32:3: error: #error defined __GNUC__ && __GNUC__ == 6 && __GNUC_MINOR__ == 0 && !defined __ICC
 # error defined __GNUC__ && __GNUC__ == 6 && __GNUC_MINOR__ == 0 && !defined __ICC
   ^
configure:17145: $? = 1
configure: failed program was:
| /* confdefs.h */
| #define PACKAGE_NAME "nanocube"
| #define PACKAGE_TARNAME "nanocube"
| #define PACKAGE_VERSION "0.0.1"
| #define PACKAGE_STRING "nanocube 0.0.1"
| #define PACKAGE_BUGREPORT "lauro.lins@gmail.com"
| #define PACKAGE_URL ""
| #define PACKAGE "nanocube"
| #define VERSION "0.0.1"
| #define STDC_HEADERS 1
| #define HAVE_SYS_TYPES_H 1
| #define HAVE_SYS_STAT_H 1
| #define HAVE_STDLIB_H 1
| #define HAVE_STRING_H 1
| #define HAVE_MEMORY_H 1
| #define HAVE_STRINGS_H 1
| #define HAVE_INTTYPES_H 1
| #define HAVE_STDINT_H 1
| #define HAVE_UNISTD_H 1
| #define HAVE_DLFCN_H 1
| #define LT_OBJDIR ".libs/"
| #define HAVE_LIBDL 1
| #define HAVE_DLERROR 1
| #define HAVE_LIBDLLOADER 1
| #define HAVE_LIBZ 1
| #define HAVE_BOOST 1
| /* end confdefs.h.  */
| 
| #if defined __GNUC__ && __GNUC__ == 6 && __GNUC_MINOR__ == 0 && !defined __ICC
| /* OK */
| #else
| # error defined __GNUC__ && __GNUC__ == 6 && __GNUC_MINOR__ == 0 && !defined __ICC
| #endif
| 
| int
| main ()
| {
| 
|   ;
|   return 0;
| }
configure:17145: g++ -c -O3 -std=c++11  -I/usr/include -I/usr/include conftest.cpp >&5
conftest.cpp:32:3: error: #error defined __GNUC__ && __GNUC__ == 5 && __GNUC_MINOR__ == 3 && !defined __ICC && (defined WIN32 || defined WINNT || defined _WIN32 || defined __WIN32 || defined __WIN32__ || defined __WINNT || defined __WINNT__)
 # error defined __GNUC__ && __GNUC__ == 5 && __GNUC_MINOR__ == 3 && !defined __ICC &&   (defined WIN32 || defined WINNT || defined _WIN32 || defined __WIN32          || defined __WIN32__ || defined __WINNT || defined __WINNT__)
   ^
configure:17145: $? = 1
configure: failed program was:
| /* confdefs.h */
| #define PACKAGE_NAME "nanocube"
| #define PACKAGE_TARNAME "nanocube"
| #define PACKAGE_VERSION "0.0.1"
| #define PACKAGE_STRING "nanocube 0.0.1"
| #define PACKAGE_BUGREPORT "lauro.lins@gmail.com"
| #define PACKAGE_URL ""
| #define PACKAGE "nanocube"
| #define VERSION "0.0.1"
| #define STDC_HEADERS 1
| #define HAVE_SYS_TYPES_H 1
| #define HAVE_SYS_STAT_H 1
| #define HAVE_STDLIB_H 1
| #define HAVE_STRING_H 1
| #define HAVE_MEMORY_H 1
| #define HAVE_STRINGS_H 1
| #define HAVE_INTTYPES_H 1
| #define HAVE_STDINT_H 1
| #define HAVE_UNISTD_H 1
| #define HAVE_DLFCN_H 1
| #define LT_OBJDIR ".libs/"
| #define HAVE_LIBDL 1
| #define HAVE_DLERROR 1
| #define HAVE_LIBDLLOADER 1
| #define HAVE_LIBZ 1
| #define HAVE_BOOST 1
| /* end confdefs.h.  */
| 
| #if defined __GNUC__ && __GNUC__ == 5 && __GNUC_MINOR__ == 3 && !defined __ICC &&   (defined WIN32 || defined WINNT || defined _WIN32 || defined __WIN32          || defined __WIN32__ || defined __WINNT || defined __WINNT__)
| /* OK */
| #else
| # error defined __GNUC__ && __GNUC__ == 5 && __GNUC_MINOR__ == 3 && !defined __ICC &&   (defined WIN32 || defined WINNT || defined _WIN32 || defined __WIN32          || defined __WIN32__ || defined __WINNT || defined __WINNT__)
| #endif
| 
| int
| main ()
| {
| 
|   ;
|   return 0;
| }
configure:17145: g++ -c -O3 -std=c++11  -I/usr/include -I/usr/include conftest.cpp >&5
conftest.cpp:32:3: error: #error defined __GNUC__ && __GNUC__ == 5 && __GNUC_MINOR__ == 3 && !defined __ICC
 # error defined __GNUC__ && __GNUC__ == 5 && __GNUC_MINOR__ == 3 && !defined __ICC
   ^
configure:17145: $? = 1
configure: failed program was:
| /* confdefs.h */
| #define PACKAGE_NAME "nanocube"
| #define PACKAGE_TARNAME "nanocube"
| #define PACKAGE_VERSION "0.0.1"
| #define PACKAGE_STRING "nanocube 0.0.1"
| #define PACKAGE_BUGREPORT "lauro.lins@gmail.com"
| #define PACKAGE_URL ""
| #define PACKAGE "nanocube"
| #define VERSION "0.0.1"
| #define STDC_HEADERS 1
| #define HAVE_SYS_TYPES_H 1
| #define HAVE_SYS_STAT_H 1
| #define HAVE_STDLIB_H 1
| #define HAVE_STRING_H 1
| #define HAVE_MEMORY_H 1
| #define HAVE_STRINGS_H 1
| #define HAVE_INTTYPES_H 1
| #define HAVE_STDINT_H 1
| #define HAVE_UNISTD_H 1
| #define HAVE_DLFCN_H 1
| #define LT_OBJDIR ".libs/"
| #define HAVE_LIBDL 1
| #define HAVE_DLERROR 1
| #define HAVE_LIBDLLOADER 1
| #define HAVE_LIBZ 1
| #define HAVE_BOOST 1
| /* end confdefs.h.  */
| 
| #if defined __GNUC__ && __GNUC__ == 5 && __GNUC_MINOR__ == 3 && !defined __ICC
| /* OK */
| #else
| # error defined __GNUC__ && __GNUC__ == 5 && __GNUC_MINOR__ == 3 && !defined __ICC
| #endif
| 
| int
| main ()
| {
| 
|   ;
|   return 0;
| }
configure:17145: g++ -c -O3 -std=c++11  -I/usr/include -I/usr/include conftest.cpp >&5
conftest.cpp:32:3: error: #error defined __GNUC__ && __GNUC__ == 5 && __GNUC_MINOR__ == 2 && !defined __ICC && (defined WIN32 || defined WINNT || defined _WIN32 || defined __WIN32 || defined __WIN32__ || defined __WINNT || defined __WINNT__)
 # error defined __GNUC__ && __GNUC__ == 5 && __GNUC_MINOR__ == 2 && !defined __ICC &&   (defined WIN32 || defined WINNT || defined _WIN32 || defined __WIN32          || defined __WIN32__ || defined __WINNT || defined __WINNT__)
   ^
configure:17145: $? = 1
configure: failed program was:
| /* confdefs.h */
| #define PACKAGE_NAME "nanocube"
| #define PACKAGE_TARNAME "nanocube"
| #define PACKAGE_VERSION "0.0.1"
| #define PACKAGE_STRING "nanocube 0.0.1"
| #define PACKAGE_BUGREPORT "lauro.lins@gmail.com"
| #define PACKAGE_URL ""
| #define PACKAGE "nanocube"
| #define VERSION "0.0.1"
| #define STDC_HEADERS 1
| #define HAVE_SYS_TYPES_H 1
| #define HAVE_SYS_STAT_H 1
| #define HAVE_STDLIB_H 1
| #define HAVE_STRING_H 1
| #define HAVE_MEMORY_H 1
| #define HAVE_STRINGS_H 1
| #define HAVE_INTTYPES_H 1
| #define HAVE_STDINT_H 1
| #define HAVE_UNISTD_H 1
| #define HAVE_DLFCN_H 1
| #define LT_OBJDIR ".libs/"
| #define HAVE_LIBDL 1
| #define HAVE_DLERROR 1
| #define HAVE_LIBDLLOADER 1
| #define HAVE_LIBZ 1
| #define HAVE_BOOST 1
| /* end confdefs.h.  */
| 
| #if defined __GNUC__ && __GNUC__ == 5 && __GNUC_MINOR__ == 2 && !defined __ICC &&   (defined WIN32 || defined WINNT || defined _WIN32 || defined __WIN32          || defined __WIN32__ || defined __WINNT || defined __WINNT__)
| /* OK */
| #else
| # error defined __GNUC__ && __GNUC__ == 5 && __GNUC_MINOR__ == 2 && !defined __ICC &&   (defined WIN32 || defined WINNT || defined _WIN32 || defined __WIN32          || defined __WIN32__ || defined __WINNT || defined __WINNT__)
| #endif
| 
| int
| main ()
| {
| 
|   ;
|   return 0;
| }
configure:17145: g++ -c -O3 -std=c++11  -I/usr/include -I/usr/include conftest.cpp >&5
conftest.cpp:32:3: error: #error defined __GNUC__ && __GNUC__ == 5 && __GNUC_MINOR__ == 2 && !defined __ICC
 # error defined __GNUC__ && __GNUC__ == 5 && __GNUC_MINOR__ == 2 && !defined __ICC
   ^
configure:17145: $? = 1
configure: failed program was:
| /* confdefs.h */
| #define PACKAGE_NAME "nanocube"
| #define PACKAGE_TARNAME "nanocube"
| #define PACKAGE_VERSION "0.0.1"
| #define PACKAGE_STRING "nanocube 0.0.1"
| #define PACKAGE_BUGREPORT "lauro.lins@gmail.com"
| #define PACKAGE_URL ""
| #define PACKAGE "nanocube"
| #define VERSION "0.0.1"
| #define STDC_HEADERS 1
| #define HAVE_SYS_TYPES_H 1
| #define HAVE_SYS_STAT_H 1
| #define HAVE_STDLIB_H 1
| #define HAVE_STRING_H 1
| #define HAVE_MEMORY_H 1
| #define HAVE_STRINGS_H 1
| #define HAVE_INTTYPES_H 1
| #define HAVE_STDINT_H 1
| #define HAVE_UNISTD_H 1
| #define HAVE_DLFCN_H 1
| #define LT_OBJDIR ".libs/"
| #define HAVE_LIBDL 1
| #define HAVE_DLERROR 1
| #define HAVE_LIBDLLOADER 1
| #define HAVE_LIBZ 1
| #define HAVE_BOOST 1
| /* end confdefs.h.  */
| 
| #if defined __GNUC__ && __GNUC__ == 5 && __GNUC_MINOR__ == 2 && !defined __ICC
| /* OK */
| #else
| # error defined __GNUC__ && __GNUC__ == 5 && __GNUC_MINOR__ == 2 && !defined __ICC
| #endif
| 
| int
| main ()
| {
| 
|   ;
|   return 0;
| }
configure:17145: g++ -c -O3 -std=c++11  -I/usr/include -I/usr/include conftest.cpp >&5
conftest.cpp:32:3: error: #error defined __GNUC__ && __GNUC__ == 5 && __GNUC_MINOR__ == 1 && !defined __ICC && (defined WIN32 || defined WINNT || defined _WIN32 || defined __WIN32 || defined __WIN32__ || defined __WINNT || defined __WINNT__)
 # error defined __GNUC__ && __GNUC__ == 5 && __GNUC_MINOR__ == 1 && !defined __ICC &&   (defined WIN32 || defined WINNT || defined _WIN32 || defined __WIN32          || defined __WIN32__ || defined __WINNT || defined __WINNT__)
   ^
configure:17145: $? = 1
configure: failed program was:
| /* confdefs.h */
| #define PACKAGE_NAME "nanocube"
| #define PACKAGE_TARNAME "nanocube"
| #define PACKAGE_VERSION "0.0.1"
| #define PACKAGE_STRING "nanocube 0.0.1"
| #define PACKAGE_BUGREPORT "lauro.lins@gmail.com"
| #define PACKAGE_URL ""
| #define PACKAGE "nanocube"
| #define VERSION "0.0.1"
| #define STDC_HEADERS 1
| #define HAVE_SYS_TYPES_H 1
| #define HAVE_SYS_STAT_H 1
| #define HAVE_STDLIB_H 1
| #define HAVE_STRING_H 1
| #define HAVE_MEMORY_H 1
| #define HAVE_STRINGS_H 1
| #define HAVE_INTTYPES_H 1
| #define HAVE_STDINT_H 1
| #define HAVE_UNISTD_H 1
| #define HAVE_DLFCN_H 1
| #define LT_OBJDIR ".libs/"
| #define HAVE_LIBDL 1
| #define HAVE_DLERROR 1
| #define HAVE_LIBDLLOADER 1
| #define HAVE_LIBZ 1
| #define HAVE_BOOST 1
| /* end confdefs.h.  */
| 
| #if defined __GNUC__ && __GNUC__ == 5 && __GNUC_MINOR__ == 1 && !defined __ICC &&   (defined WIN32 || defined WINNT || defined _WIN32 || defined __WIN32          || defined __WIN32__ || defined __WINNT || defined __WINNT__)
| /* OK */
| #else
| # error defined __GNUC__ && __GNUC__ == 5 && __GNUC_MINOR__ == 1 && !defined __ICC &&   (defined WIN32 || defined WINNT || defined _WIN32 || defined __WIN32          || defined __WIN32__ || defined __WINNT || defined __WINNT__)
| #endif
| 
| int
| main ()
| {
| 
|   ;
|   return 0;
| }
configure:17145: g++ -c -O3 -std=c++11  -I/usr/include -I/usr/include conftest.cpp >&5
conftest.cpp:32:3: error: #error defined __GNUC__ && __GNUC__ == 5 && __GNUC_MINOR__ == 1 && !defined __ICC
 # error defined __GNUC__ && __GNUC__ == 5 && __GNUC_MINOR__ == 1 && !defined __ICC
   ^
configure:17145: $? = 1
configure: failed program was:
| /* confdefs.h */
| #define PACKAGE_NAME "nanocube"
| #define PACKAGE_TARNAME "nanocube"
| #define PACKAGE_VERSION "0.0.1"
| #define PACKAGE_STRING "nanocube 0.0.1"
| #define PACKAGE_BUGREPORT "lauro.lins@gmail.com"
| #define PACKAGE_URL ""
| #define PACKAGE "nanocube"
| #define VERSION "0.0.1"
| #define STDC_HEADERS 1
| #define HAVE_SYS_TYPES_H 1
| #define HAVE_SYS_STAT_H 1
| #define HAVE_STDLIB_H 1
| #define HAVE_STRING_H 1
| #define HAVE_MEMORY_H 1
| #define HAVE_STRINGS_H 1
| #define HAVE_INTTYPES_H 1
| #define HAVE_STDINT_H 1
| #define HAVE_UNISTD_H 1
| #define HAVE_DLFCN_H 1
| #define LT_OBJDIR ".libs/"
| #define HAVE_LIBDL 1
| #define HAVE_DLERROR 1
| #define HAVE_LIBDLLOADER 1
| #define HAVE_LIBZ 1
| #define HAVE_BOOST 1
| /* end confdefs.h.  */
| 
| #if defined __GNUC__ && __GNUC__ == 5 && __GNUC_MINOR__ == 1 && !defined __ICC
| /* OK */
| #else
| # error defined __GNUC__ && __GNUC__ == 5 && __GNUC_MINOR__ == 1 && !defined __ICC
| #endif
| 
| int
| main ()
| {
| 
|   ;
|   return 0;
| }
configure:17145: g++ -c -O3 -std=c++11  -I/usr/include -I/usr/include conftest.cpp >&5
conftest.cpp:32:3: error: #error defined __GNUC__ && __GNUC__ == 5 && __GNUC_MINOR__ == 0 && !defined __ICC && (defined WIN32 || defined WINNT || defined _WIN32 || defined __WIN32 || defined __WIN32__ || defined __WINNT || defined __WINNT__)
 # error defined __GNUC__ && __GNUC__ == 5 && __GNUC_MINOR__ == 0 && !defined __ICC &&   (defined WIN32 || defined WINNT || defined _WIN32 || defined __WIN32          || defined __WIN32__ || defined __WINNT || defined __WINNT__)
   ^
configure:17145: $? = 1
configure: failed program was:
| /* confdefs.h */
| #define PACKAGE_NAME "nanocube"
| #define PACKAGE_TARNAME "nanocube"
| #define PACKAGE_VERSION "0.0.1"
| #define PACKAGE_STRING "nanocube 0.0.1"
| #define PACKAGE_BUGREPORT "lauro.lins@gmail.com"
| #define PACKAGE_URL ""
| #define PACKAGE "nanocube"
| #define VERSION "0.0.1"
| #define STDC_HEADERS 1
| #define HAVE_SYS_TYPES_H 1
| #define HAVE_SYS_STAT_H 1
| #define HAVE_STDLIB_H 1
| #define HAVE_STRING_H 1
| #define HAVE_MEMORY_H 1
| #define HAVE_STRINGS_H 1
| #define HAVE_INTTYPES_H 1
| #define HAVE_STDINT_H 1
| #define HAVE_UNISTD_H 1
| #define HAVE_DLFCN_H 1
| #define LT_OBJDIR ".libs/"
| #define HAVE_LIBDL 1
| #define HAVE_DLERROR 1
| #define HAVE_LIBDLLOADER 1
| #define HAVE_LIBZ 1
| #define HAVE_BOOST 1
| /* end confdefs.h.  */
| 
| #if defined __GNUC__ && __GNUC__ == 5 && __GNUC_MINOR__ == 0 && !defined __ICC &&   (defined WIN32 || defined WINNT || defined _WIN32 || defined __WIN32          || defined __WIN32__ || defined __WINNT || defined __WINNT__)
| /* OK */
| #else
| # error defined __GNUC__ && __GNUC__ == 5 && __GNUC_MINOR__ == 0 && !defined __ICC &&   (defined WIN32 || defined WINNT || defined _WIN32 || defined __WIN32          || defined __WIN32__ || defined __WINNT || defined __WINNT__)
| #endif
| 
| int
| main ()
| {
| 
|   ;
|   return 0;
| }
configure:17145: g++ -c -O3 -std=c++11  -I/usr/include -I/usr/include conftest.cpp >&5
conftest.cpp:32:3: error: #error defined __GNUC__ && __GNUC__ == 5 && __GNUC_MINOR__ == 0 && !defined __ICC
 # error defined __GNUC__ && __GNUC__ == 5 && __GNUC_MINOR__ == 0 && !defined __ICC
   ^
configure:17145: $? = 1
configure: failed program was:
| /* confdefs.h */
| #define PACKAGE_NAME "nanocube"
| #define PACKAGE_TARNAME "nanocube"
| #define PACKAGE_VERSION "0.0.1"
| #define PACKAGE_STRING "nanocube 0.0.1"
| #define PACKAGE_BUGREPORT "lauro.lins@gmail.com"
| #define PACKAGE_URL ""
| #define PACKAGE "nanocube"
| #define VERSION "0.0.1"
| #define STDC_HEADERS 1
| #define HAVE_SYS_TYPES_H 1
| #define HAVE_SYS_STAT_H 1
| #define HAVE_STDLIB_H 1
| #define HAVE_STRING_H 1
| #define HAVE_MEMORY_H 1
| #define HAVE_STRINGS_H 1
| #define HAVE_INTTYPES_H 1
| #define HAVE_STDINT_H 1
| #define HAVE_UNISTD_H 1
| #define HAVE_DLFCN_H 1
| #define LT_OBJDIR ".libs/"
| #define HAVE_LIBDL 1
| #define HAVE_DLERROR 1
| #define HAVE_LIBDLLOADER 1
| #define HAVE_LIBZ 1
| #define HAVE_BOOST 1
| /* end confdefs.h.  */
| 
| #if defined __GNUC__ && __GNUC__ == 5 && __GNUC_MINOR__ == 0 && !defined __ICC
| /* OK */
| #else
| # error defined __GNUC__ && __GNUC__ == 5 && __GNUC_MINOR__ == 0 && !defined __ICC
| #endif
| 
| int
| main ()
| {
| 
|   ;
|   return 0;
| }
configure:17145: g++ -c -O3 -std=c++11  -I/usr/include -I/usr/include conftest.cpp >&5
conftest.cpp:32:3: error: #error defined __GNUC__ && __GNUC__ == 4 && __GNUC_MINOR__ == 10 && !defined __ICC && (defined WIN32 || defined WINNT || defined _WIN32 || defined __WIN32 || defined __WIN32__ || defined __WINNT || defined __WINNT__)
 # error defined __GNUC__ && __GNUC__ == 4 && __GNUC_MINOR__ == 10 && !defined __ICC &&   (defined WIN32 || defined WINNT || defined _WIN32 || defined __WIN32          || defined __WIN32__ || defined __WINNT || defined __WINNT__)
   ^
configure:17145: $? = 1
configure: failed program was:
| /* confdefs.h */
| #define PACKAGE_NAME "nanocube"
| #define PACKAGE_TARNAME "nanocube"
| #define PACKAGE_VERSION "0.0.1"
| #define PACKAGE_STRING "nanocube 0.0.1"
| #define PACKAGE_BUGREPORT "lauro.lins@gmail.com"
| #define PACKAGE_URL ""
| #define PACKAGE "nanocube"
| #define VERSION "0.0.1"
| #define STDC_HEADERS 1
| #define HAVE_SYS_TYPES_H 1
| #define HAVE_SYS_STAT_H 1
| #define HAVE_STDLIB_H 1
| #define HAVE_STRING_H 1
| #define HAVE_MEMORY_H 1
| #define HAVE_STRINGS_H 1
| #define HAVE_INTTYPES_H 1
| #define HAVE_STDINT_H 1
| #define HAVE_UNISTD_H 1
| #define HAVE_DLFCN_H 1
| #define LT_OBJDIR ".libs/"
| #define HAVE_LIBDL 1
| #define HAVE_DLERROR 1
| #define HAVE_LIBDLLOADER 1
| #define HAVE_LIBZ 1
| #define HAVE_BOOST 1
| /* end confdefs.h.  */
| 
| #if defined __GNUC__ && __GNUC__ == 4 && __GNUC_MINOR__ == 10 && !defined __ICC &&   (defined WIN32 || defined WINNT || defined _WIN32 || defined __WIN32          || defined __WIN32__ || defined __WINNT || defined __WINNT__)
| /* OK */
| #else
| # error defined __GNUC__ && __GNUC__ == 4 && __GNUC_MINOR__ == 10 && !defined __ICC &&   (defined WIN32 || defined WINNT || defined _WIN32 || defined __WIN32          || defined __WIN32__ || defined __WINNT || defined __WINNT__)
| #endif
| 
| int
| main ()
| {
| 
|   ;
|   return 0;
| }
configure:17145: g++ -c -O3 -std=c++11  -I/usr/include -I/usr/include conftest.cpp >&5
conftest.cpp:32:3: error: #error defined __GNUC__ && __GNUC__ == 4 && __GNUC_MINOR__ == 10 && !defined __ICC
 # error defined __GNUC__ && __GNUC__ == 4 && __GNUC_MINOR__ == 10 && !defined __ICC
   ^
configure:17145: $? = 1
configure: failed program was:
| /* confdefs.h */
| #define PACKAGE_NAME "nanocube"
| #define PACKAGE_TARNAME "nanocube"
| #define PACKAGE_VERSION "0.0.1"
| #define PACKAGE_STRING "nanocube 0.0.1"
| #define PACKAGE_BUGREPORT "lauro.lins@gmail.com"
| #define PACKAGE_URL ""
| #define PACKAGE "nanocube"
| #define VERSION "0.0.1"
| #define STDC_HEADERS 1
| #define HAVE_SYS_TYPES_H 1
| #define HAVE_SYS_STAT_H 1
| #define HAVE_STDLIB_H 1
| #define HAVE_STRING_H 1
| #define HAVE_MEMORY_H 1
| #define HAVE_STRINGS_H 1
| #define HAVE_INTTYPES_H 1
| #define HAVE_STDINT_H 1
| #define HAVE_UNISTD_H 1
| #define HAVE_DLFCN_H 1
| #define LT_OBJDIR ".libs/"
| #define HAVE_LIBDL 1
| #define HAVE_DLERROR 1
| #define HAVE_LIBDLLOADER 1
| #define HAVE_LIBZ 1
| #define HAVE_BOOST 1
| /* end confdefs.h.  */
| 
| #if defined __GNUC__ && __GNUC__ == 4 && __GNUC_MINOR__ == 10 && !defined __ICC
| /* OK */
| #else
| # error defined __GNUC__ && __GNUC__ == 4 && __GNUC_MINOR__ == 10 && !defined __ICC
| #endif
| 
| int
| main ()
| {
| 
|   ;
|   return 0;
| }
configure:17145: g++ -c -O3 -std=c++11  -I/usr/include -I/usr/include conftest.cpp >&5
conftest.cpp:32:3: error: #error defined __GNUC__ && __GNUC__ == 4 && __GNUC_MINOR__ == 9 && !defined __ICC && (defined WIN32 || defined WINNT || defined _WIN32 || defined __WIN32 || defined __WIN32__ || defined __WINNT || defined __WINNT__)
 # error defined __GNUC__ && __GNUC__ == 4 && __GNUC_MINOR__ == 9 && !defined __ICC &&   (defined WIN32 || defined WINNT || defined _WIN32 || defined __WIN32          || defined __WIN32__ || defined __WINNT || defined __WINNT__)
   ^
configure:17145: $? = 1
configure: failed program was:
| /* confdefs.h */
| #define PACKAGE_NAME "nanocube"
| #define PACKAGE_TARNAME "nanocube"
| #define PACKAGE_VERSION "0.0.1"
| #define PACKAGE_STRING "nanocube 0.0.1"
| #define PACKAGE_BUGREPORT "lauro.lins@gmail.com"
| #define PACKAGE_URL ""
| #define PACKAGE "nanocube"
| #define VERSION "0.0.1"
| #define STDC_HEADERS 1
| #define HAVE_SYS_TYPES_H 1
| #define HAVE_SYS_STAT_H 1
| #define HAVE_STDLIB_H 1
| #define HAVE_STRING_H 1
| #define HAVE_MEMORY_H 1
| #define HAVE_STRINGS_H 1
| #define HAVE_INTTYPES_H 1
| #define HAVE_STDINT_H 1
| #define HAVE_UNISTD_H 1
| #define HAVE_DLFCN_H 1
| #define LT_OBJDIR ".libs/"
| #define HAVE_LIBDL 1
| #define HAVE_DLERROR 1
| #define HAVE_LIBDLLOADER 1
| #define HAVE_LIBZ 1
| #define HAVE_BOOST 1
| /* end confdefs.h.  */
| 
| #if defined __GNUC__ && __GNUC__ == 4 && __GNUC_MINOR__ == 9 && !defined __ICC &&   (defined WIN32 || defined WINNT || defined _WIN32 || defined __WIN32          || defined __WIN32__ || defined __WINNT || defined __WINNT__)
| /* OK */
| #else
| # error defined __GNUC__ && __GNUC__ == 4 && __GNUC_MINOR__ == 9 && !defined __ICC &&   (defined WIN32 || defined WINNT || defined _WIN32 || defined __WIN32          || defined __WIN32__ || defined __WINNT || defined __WINNT__)
| #endif
| 
| int
| main ()
| {
| 
|   ;
|   return 0;
| }
configure:17145: g++ -c -O3 -std=c++11  -I/usr/include -I/usr/include conftest.cpp >&5
conftest.cpp:32:3: error: #error defined __GNUC__ && __GNUC__ == 4 && __GNUC_MINOR__ == 9 && !defined __ICC
 # error defined __GNUC__ && __GNUC__ == 4 && __GNUC_MINOR__ == 9 && !defined __ICC
   ^
configure:17145: $? = 1
configure: failed program was:
| /* confdefs.h */
| #define PACKAGE_NAME "nanocube"
| #define PACKAGE_TARNAME "nanocube"
| #define PACKAGE_VERSION "0.0.1"
| #define PACKAGE_STRING "nanocube 0.0.1"
| #define PACKAGE_BUGREPORT "lauro.lins@gmail.com"
| #define PACKAGE_URL ""
| #define PACKAGE "nanocube"
| #define VERSION "0.0.1"
| #define STDC_HEADERS 1
| #define HAVE_SYS_TYPES_H 1
| #define HAVE_SYS_STAT_H 1
| #define HAVE_STDLIB_H 1
| #define HAVE_STRING_H 1
| #define HAVE_MEMORY_H 1
| #define HAVE_STRINGS_H 1
| #define HAVE_INTTYPES_H 1
| #define HAVE_STDINT_H 1
| #define HAVE_UNISTD_H 1
| #define HAVE_DLFCN_H 1
| #define LT_OBJDIR ".libs/"
| #define HAVE_LIBDL 1
| #define HAVE_DLERROR 1
| #define HAVE_LIBDLLOADER 1
| #define HAVE_LIBZ 1
| #define HAVE_BOOST 1
| /* end confdefs.h.  */
| 
| #if defined __GNUC__ && __GNUC__ == 4 && __GNUC_MINOR__ == 9 && !defined __ICC
| /* OK */
| #else
| # error defined __GNUC__ && __GNUC__ == 4 && __GNUC_MINOR__ == 9 && !defined __ICC
| #endif
| 
| int
| main ()
| {
| 
|   ;
|   return 0;
| }
configure:17145: g++ -c -O3 -std=c++11  -I/usr/include -I/usr/include conftest.cpp >&5
conftest.cpp:32:3: error: #error defined __GNUC__ && __GNUC__ == 4 && __GNUC_MINOR__ == 8 && !defined __ICC && (defined WIN32 || defined WINNT || defined _WIN32 || defined __WIN32 || defined __WIN32__ || defined __WINNT || defined __WINNT__)
 # error defined __GNUC__ && __GNUC__ == 4 && __GNUC_MINOR__ == 8 && !defined __ICC &&   (defined WIN32 || defined WINNT || defined _WIN32 || defined __WIN32          || defined __WIN32__ || defined __WINNT || defined __WINNT__)
   ^
configure:17145: $? = 1
configure: failed program was:
| /* confdefs.h */
| #define PACKAGE_NAME "nanocube"
| #define PACKAGE_TARNAME "nanocube"
| #define PACKAGE_VERSION "0.0.1"
| #define PACKAGE_STRING "nanocube 0.0.1"
| #define PACKAGE_BUGREPORT "lauro.lins@gmail.com"
| #define PACKAGE_URL ""
| #define PACKAGE "nanocube"
| #define VERSION "0.0.1"
| #define STDC_HEADERS 1
| #define HAVE_SYS_TYPES_H 1
| #define HAVE_SYS_STAT_H 1
| #define HAVE_STDLIB_H 1
| #define HAVE_STRING_H 1
| #define HAVE_MEMORY_H 1
| #define HAVE_STRINGS_H 1
| #define HAVE_INTTYPES_H 1
| #define HAVE_STDINT_H 1
| #define HAVE_UNISTD_H 1
| #define HAVE_DLFCN_H 1
| #define LT_OBJDIR ".libs/"
| #define HAVE_LIBDL 1
| #define HAVE_DLERROR 1
| #define HAVE_LIBDLLOADER 1
| #define HAVE_LIBZ 1
| #define HAVE_BOOST 1
| /* end confdefs.h.  */
| 
| #if defined __GNUC__ && __GNUC__ == 4 && __GNUC_MINOR__ == 8 && !defined __ICC &&   (defined WIN32 || defined WINNT || defined _WIN32 || defined __WIN32          || defined __WIN32__ || defined __WINNT || defined __WINNT__)
| /* OK */
| #else
| # error defined __GNUC__ && __GNUC__ == 4 && __GNUC_MINOR__ == 8 && !defined __ICC &&   (defined WIN32 || defined WINNT || defined _WIN32 || defined __WIN32          || defined __WIN32__ || defined __WINNT || defined __WINNT__)
| #endif
| 
| int
| main ()
| {
| 
|   ;
|   return 0;
| }
configure:17145: g++ -c -O3 -std=c++11  -I/usr/include -I/usr/include conftest.cpp >&5
conftest.cpp:32:3: error: #error defined __GNUC__ && __GNUC__ == 4 && __GNUC_MINOR__ == 8 && !defined __ICC
 # error defined __GNUC__ && __GNUC__ == 4 && __GNUC_MINOR__ == 8 && !defined __ICC
   ^
configure:17145: $? = 1
configure: failed program was:
| /* confdefs.h */
| #define PACKAGE_NAME "nanocube"
| #define PACKAGE_TARNAME "nanocube"
| #define PACKAGE_VERSION "0.0.1"
| #define PACKAGE_STRING "nanocube 0.0.1"
| #define PACKAGE_BUGREPORT "lauro.lins@gmail.com"
| #define PACKAGE_URL ""
| #define PACKAGE "nanocube"
| #define VERSION "0.0.1"
| #define STDC_HEADERS 1
| #define HAVE_SYS_TYPES_H 1
| #define HAVE_SYS_STAT_H 1
| #define HAVE_STDLIB_H 1
| #define HAVE_STRING_H 1
| #define HAVE_MEMORY_H 1
| #define HAVE_STRINGS_H 1
| #define HAVE_INTTYPES_H 1
| #define HAVE_STDINT_H 1
| #define HAVE_UNISTD_H 1
| #define HAVE_DLFCN_H 1
| #define LT_OBJDIR ".libs/"
| #define HAVE_LIBDL 1
| #define HAVE_DLERROR 1
| #define HAVE_LIBDLLOADER 1
| #define HAVE_LIBZ 1
| #define HAVE_BOOST 1
| /* end confdefs.h.  */
| 
| #if defined __GNUC__ && __GNUC__ == 4 && __GNUC_MINOR__ == 8 && !defined __ICC
| /* OK */
| #else
| # error defined __GNUC__ && __GNUC__ == 4 && __GNUC_MINOR__ == 8 && !defined __ICC
| #endif
| 
| int
| main ()
| {
| 
|   ;
|   return 0;
| }
configure:17145: g++ -c -O3 -std=c++11  -I/usr/include -I/usr/include conftest.cpp >&5
conftest.cpp:32:3: error: #error defined __GNUC__ && __GNUC__ == 4 && __GNUC_MINOR__ == 7 && !defined __ICC && (defined WIN32 || defined WINNT || defined _WIN32 || defined __WIN32 || defined __WIN32__ || defined __WINNT || defined __WINNT__)
 # error defined __GNUC__ && __GNUC__ == 4 && __GNUC_MINOR__ == 7 && !defined __ICC &&   (defined WIN32 || defined WINNT || defined _WIN32 || defined __WIN32          || defined __WIN32__ || defined __WINNT || defined __WINNT__)
   ^
configure:17145: $? = 1
configure: failed program was:
| /* confdefs.h */
| #define PACKAGE_NAME "nanocube"
| #define PACKAGE_TARNAME "nanocube"
| #define PACKAGE_VERSION "0.0.1"
| #define PACKAGE_STRING "nanocube 0.0.1"
| #define PACKAGE_BUGREPORT "lauro.lins@gmail.com"
| #define PACKAGE_URL ""
| #define PACKAGE "nanocube"
| #define VERSION "0.0.1"
| #define STDC_HEADERS 1
| #define HAVE_SYS_TYPES_H 1
| #define HAVE_SYS_STAT_H 1
| #define HAVE_STDLIB_H 1
| #define HAVE_STRING_H 1
| #define HAVE_MEMORY_H 1
| #define HAVE_STRINGS_H 1
| #define HAVE_INTTYPES_H 1
| #define HAVE_STDINT_H 1
| #define HAVE_UNISTD_H 1
| #define HAVE_DLFCN_H 1
| #define LT_OBJDIR ".libs/"
| #define HAVE_LIBDL 1
| #define HAVE_DLERROR 1
| #define HAVE_LIBDLLOADER 1
| #define HAVE_LIBZ 1
| #define HAVE_BOOST 1
| /* end confdefs.h.  */
| 
| #if defined __GNUC__ && __GNUC__ == 4 && __GNUC_MINOR__ == 7 && !defined __ICC &&   (defined WIN32 || defined WINNT || defined _WIN32 || defined __WIN32          || defined __WIN32__ || defined __WINNT || defined __WINNT__)
| /* OK */
| #else
| # error defined __GNUC__ && __GNUC__ == 4 && __GNUC_MINOR__ == 7 && !defined __ICC &&   (defined WIN32 || defined WINNT || defined _WIN32 || defined __WIN32          || defined __WIN32__ || defined __WINNT || defined __WINNT__)
| #endif
| 
| int
| main ()
| {
| 
|   ;
|   return 0;
| }
configure:17145: g++ -c -O3 -std=c++11  -I/usr/include -I/usr/include conftest.cpp >&5
conftest.cpp:32:3: error: #error defined __GNUC__ && __GNUC__ == 4 && __GNUC_MINOR__ == 7 && !defined __ICC
 # error defined __GNUC__ && __GNUC__ == 4 && __GNUC_MINOR__ == 7 && !defined __ICC
   ^
configure:17145: $? = 1
configure: failed program was:
| /* confdefs.h */
| #define PACKAGE_NAME "nanocube"
| #define PACKAGE_TARNAME "nanocube"
| #define PACKAGE_VERSION "0.0.1"
| #define PACKAGE_STRING "nanocube 0.0.1"
| #define PACKAGE_BUGREPORT "lauro.lins@gmail.com"
| #define PACKAGE_URL ""
| #define PACKAGE "nanocube"
| #define VERSION "0.0.1"
| #define STDC_HEADERS 1
| #define HAVE_SYS_TYPES_H 1
| #define HAVE_SYS_STAT_H 1
| #define HAVE_STDLIB_H 1
| #define HAVE_STRING_H 1
| #define HAVE_MEMORY_H 1
| #define HAVE_STRINGS_H 1
| #define HAVE_INTTYPES_H 1
| #define HAVE_STDINT_H 1
| #define HAVE_UNISTD_H 1
| #define HAVE_DLFCN_H 1
| #define LT_OBJDIR ".libs/"
| #define HAVE_LIBDL 1
| #define HAVE_DLERROR 1
| #define HAVE_LIBDLLOADER 1
| #define HAVE_LIBZ 1
| #define HAVE_BOOST 1
| /* end confdefs.h.  */
| 
| #if defined __GNUC__ && __GNUC__ == 4 && __GNUC_MINOR__ == 7 && !defined __ICC
| /* OK */
| #else
| # error defined __GNUC__ && __GNUC__ == 4 && __GNUC_MINOR__ == 7 && !defined __ICC
| #endif
| 
| int
| main ()
| {
| 
|   ;
|   return 0;
| }
configure:17145: g++ -c -O3 -std=c++11  -I/usr/include -I/usr/include conftest.cpp >&5
conftest.cpp:32:3: error: #error defined __GNUC__ && __GNUC__ == 4 && __GNUC_MINOR__ == 6 && !defined __ICC && (defined WIN32 || defined WINNT || defined _WIN32 || defined __WIN32 || defined __WIN32__ || defined __WINNT || defined __WINNT__)
 # error defined __GNUC__ && __GNUC__ == 4 && __GNUC_MINOR__ == 6 && !defined __ICC &&   (defined WIN32 || defined WINNT || defined _WIN32 || defined __WIN32          || defined __WIN32__ || defined __WINNT || defined __WINNT__)
   ^
configure:17145: $? = 1
configure: failed program was:
| /* confdefs.h */
| #define PACKAGE_NAME "nanocube"
| #define PACKAGE_TARNAME "nanocube"
| #define PACKAGE_VERSION "0.0.1"
| #define PACKAGE_STRING "nanocube 0.0.1"
| #define PACKAGE_BUGREPORT "lauro.lins@gmail.com"
| #define PACKAGE_URL ""
| #define PACKAGE "nanocube"
| #define VERSION "0.0.1"
| #define STDC_HEADERS 1
| #define HAVE_SYS_TYPES_H 1
| #define HAVE_SYS_STAT_H 1
| #define HAVE_STDLIB_H 1
| #define HAVE_STRING_H 1
| #define HAVE_MEMORY_H 1
| #define HAVE_STRINGS_H 1
| #define HAVE_INTTYPES_H 1
| #define HAVE_STDINT_H 1
| #define HAVE_UNISTD_H 1
| #define HAVE_DLFCN_H 1
| #define LT_OBJDIR ".libs/"
| #define HAVE_LIBDL 1
| #define HAVE_DLERROR 1
| #define HAVE_LIBDLLOADER 1
| #define HAVE_LIBZ 1
| #define HAVE_BOOST 1
| /* end confdefs.h.  */
| 
| #if defined __GNUC__ && __GNUC__ == 4 && __GNUC_MINOR__ == 6 && !defined __ICC &&   (defined WIN32 || defined WINNT || defined _WIN32 || defined __WIN32          || defined __WIN32__ || defined __WINNT || defined __WINNT__)
| /* OK */
| #else
| # error defined __GNUC__ && __GNUC__ == 4 && __GNUC_MINOR__ == 6 && !defined __ICC &&   (defined WIN32 || defined WINNT || defined _WIN32 || defined __WIN32          || defined __WIN32__ || defined __WINNT || defined __WINNT__)
| #endif
| 
| int
| main ()
| {
| 
|   ;
|   return 0;
| }
configure:17145: g++ -c -O3 -std=c++11  -I/usr/include -I/usr/include conftest.cpp >&5
conftest.cpp:32:3: error: #error defined __GNUC__ && __GNUC__ == 4 && __GNUC_MINOR__ == 6 && !defined __ICC
 # error defined __GNUC__ && __GNUC__ == 4 && __GNUC_MINOR__ == 6 && !defined __ICC
   ^
configure:17145: $? = 1
configure: failed program was:
| /* confdefs.h */
| #define PACKAGE_NAME "nanocube"
| #define PACKAGE_TARNAME "nanocube"
| #define PACKAGE_VERSION "0.0.1"
| #define PACKAGE_STRING "nanocube 0.0.1"
| #define PACKAGE_BUGREPORT "lauro.lins@gmail.com"
| #define PACKAGE_URL ""
| #define PACKAGE "nanocube"
| #define VERSION "0.0.1"
| #define STDC_HEADERS 1
| #define HAVE_SYS_TYPES_H 1
| #define HAVE_SYS_STAT_H 1
| #define HAVE_STDLIB_H 1
| #define HAVE_STRING_H 1
| #define HAVE_MEMORY_H 1
| #define HAVE_STRINGS_H 1
| #define HAVE_INTTYPES_H 1
| #define HAVE_STDINT_H 1
| #define HAVE_UNISTD_H 1
| #define HAVE_DLFCN_H 1
| #define LT_OBJDIR ".libs/"
| #define HAVE_LIBDL 1
| #define HAVE_DLERROR 1
| #define HAVE_LIBDLLOADER 1
| #define HAVE_LIBZ 1
| #define HAVE_BOOST 1
| /* end confdefs.h.  */
| 
| #if defined __GNUC__ && __GNUC__ == 4 && __GNUC_MINOR__ == 6 && !defined __ICC
| /* OK */
| #else
| # error defined __GNUC__ && __GNUC__ == 4 && __GNUC_MINOR__ == 6 && !defined __ICC
| #endif
| 
| int
| main ()
| {
| 
|   ;
|   return 0;
| }
configure:17145: g++ -c -O3 -std=c++11  -I/usr/include -I/usr/include conftest.cpp >&5
conftest.cpp:32:3: error: #error defined __GNUC__ && __GNUC__ == 4 && __GNUC_MINOR__ == 5 && !defined __ICC && (defined WIN32 || defined WINNT || defined _WIN32 || defined __WIN32 || defined __WIN32__ || defined __WINNT || defined __WINNT__)
 # error defined __GNUC__ && __GNUC__ == 4 && __GNUC_MINOR__ == 5 && !defined __ICC &&   (defined WIN32 || defined WINNT || defined _WIN32 || defined __WIN32          || defined __WIN32__ || defined __WINNT || defined __WINNT__)
   ^
configure:17145: $? = 1
configure: failed program was:
| /* confdefs.h */
| #define PACKAGE_NAME "nanocube"
| #define PACKAGE_TARNAME "nanocube"
| #define PACKAGE_VERSION "0.0.1"
| #define PACKAGE_STRING "nanocube 0.0.1"
| #define PACKAGE_BUGREPORT "lauro.lins@gmail.com"
| #define PACKAGE_URL ""
| #define PACKAGE "nanocube"
| #define VERSION "0.0.1"
| #define STDC_HEADERS 1
| #define HAVE_SYS_TYPES_H 1
| #define HAVE_SYS_STAT_H 1
| #define HAVE_STDLIB_H 1
| #define HAVE_STRING_H 1
| #define HAVE_MEMORY_H 1
| #define HAVE_STRINGS_H 1
| #define HAVE_INTTYPES_H 1
| #define HAVE_STDINT_H 1
| #define HAVE_UNISTD_H 1
| #define HAVE_DLFCN_H 1
| #define LT_OBJDIR ".libs/"
| #define HAVE_LIBDL 1
| #define HAVE_DLERROR 1
| #define HAVE_LIBDLLOADER 1
| #define HAVE_LIBZ 1
| #define HAVE_BOOST 1
| /* end confdefs.h.  */
| 
| #if defined __GNUC__ && __GNUC__ == 4 && __GNUC_MINOR__ == 5 && !defined __ICC &&   (defined WIN32 || defined WINNT || defined _WIN32 || defined __WIN32          || defined __WIN32__ || defined __WINNT || defined __WINNT__)
| /* OK */
| #else
| # error defined __GNUC__ && __GNUC__ == 4 && __GNUC_MINOR__ == 5 && !defined __ICC &&   (defined WIN32 || defined WINNT || defined _WIN32 || defined __WIN32          || defined __WIN32__ || defined __WINNT || defined __WINNT__)
| #endif
| 
| int
| main ()
| {
| 
|   ;
|   return 0;
| }
configure:17145: g++ -c -O3 -std=c++11  -I/usr/include -I/usr/include conftest.cpp >&5
conftest.cpp:32:3: error: #error defined __GNUC__ && __GNUC__ == 4 && __GNUC_MINOR__ == 5 && !defined __ICC
 # error defined __GNUC__ && __GNUC__ == 4 && __GNUC_MINOR__ == 5 && !defined __ICC
   ^
configure:17145: $? = 1
configure: failed program was:
| /* confdefs.h */
| #define PACKAGE_NAME "nanocube"
| #define PACKAGE_TARNAME "nanocube"
| #define PACKAGE_VERSION "0.0.1"
| #define PACKAGE_STRING "nanocube 0.0.1"
| #define PACKAGE_BUGREPORT "lauro.lins@gmail.com"
| #define PACKAGE_URL ""
| #define PACKAGE "nanocube"
| #define VERSION "0.0.1"
| #define STDC_HEADERS 1
| #define HAVE_SYS_TYPES_H 1
| #define HAVE_SYS_STAT_H 1
| #define HAVE_STDLIB_H 1
| #define HAVE_STRING_H 1
| #define HAVE_MEMORY_H 1
| #define HAVE_STRINGS_H 1
| #define HAVE_INTTYPES_H 1
| #define HAVE_STDINT_H 1
| #define HAVE_UNISTD_H 1
| #define HAVE_DLFCN_H 1
| #define LT_OBJDIR ".libs/"
| #define HAVE_LIBDL 1
| #define HAVE_DLERROR 1
| #define HAVE_LIBDLLOADER 1
| #define HAVE_LIBZ 1
| #define HAVE_BOOST 1
| /* end confdefs.h.  */
| 
| #if defined __GNUC__ && __GNUC__ == 4 && __GNUC_MINOR__ == 5 && !defined __ICC
| /* OK */
| #else
| # error defined __GNUC__ && __GNUC__ == 4 && __GNUC_MINOR__ == 5 && !defined __ICC
| #endif
| 
| int
| main ()
| {
| 
|   ;
|   return 0;
| }
configure:17145: g++ -c -O3 -std=c++11  -I/usr/include -I/usr/include conftest.cpp >&5
conftest.cpp:32:3: error: #error defined __GNUC__ && __GNUC__ == 4 && __GNUC_MINOR__ == 4 && !defined __ICC && (defined WIN32 || defined WINNT || defined _WIN32 || defined __WIN32 || defined __WIN32__ || defined __WINNT || defined __WINNT__)
 # error defined __GNUC__ && __GNUC__ == 4 && __GNUC_MINOR__ == 4 && !defined __ICC &&   (defined WIN32 || defined WINNT || defined _WIN32 || defined __WIN32          || defined __WIN32__ || defined __WINNT || defined __WINNT__)
   ^
configure:17145: $? = 1
configure: failed program was:
| /* confdefs.h */
| #define PACKAGE_NAME "nanocube"
| #define PACKAGE_TARNAME "nanocube"
| #define PACKAGE_VERSION "0.0.1"
| #define PACKAGE_STRING "nanocube 0.0.1"
| #define PACKAGE_BUGREPORT "lauro.lins@gmail.com"
| #define PACKAGE_URL ""
| #define PACKAGE "nanocube"
| #define VERSION "0.0.1"
| #define STDC_HEADERS 1
| #define HAVE_SYS_TYPES_H 1
| #define HAVE_SYS_STAT_H 1
| #define HAVE_STDLIB_H 1
| #define HAVE_STRING_H 1
| #define HAVE_MEMORY_H 1
| #define HAVE_STRINGS_H 1
| #define HAVE_INTTYPES_H 1
| #define HAVE_STDINT_H 1
| #define HAVE_UNISTD_H 1
| #define HAVE_DLFCN_H 1
| #define LT_OBJDIR ".libs/"
| #define HAVE_LIBDL 1
| #define HAVE_DLERROR 1
| #define HAVE_LIBDLLOADER 1
| #define HAVE_LIBZ 1
| #define HAVE_BOOST 1
| /* end confdefs.h.  */
| 
| #if defined __GNUC__ && __GNUC__ == 4 && __GNUC_MINOR__ == 4 && !defined __ICC &&   (defined WIN32 || defined WINNT || defined _WIN32 || defined __WIN32          || defined __WIN32__ || defined __WINNT || defined __WINNT__)
| /* OK */
| #else
| # error defined __GNUC__ && __GNUC__ == 4 && __GNUC_MINOR__ == 4 && !defined __ICC &&   (defined WIN32 || defined WINNT || defined _WIN32 || defined __WIN32          || defined __WIN32__ || defined __WINNT || defined __WINNT__)
| #endif
| 
| int
| main ()
| {
| 
|   ;
|   return 0;
| }
configure:17145: g++ -c -O3 -std=c++11  -I/usr/include -I/usr/include conftest.cpp >&5
conftest.cpp:32:3: error: #error defined __GNUC__ && __GNUC__ == 4 && __GNUC_MINOR__ == 4 && !defined __ICC
 # error defined __GNUC__ && __GNUC__ == 4 && __GNUC_MINOR__ == 4 && !defined __ICC
   ^
configure:17145: $? = 1
configure: failed program was:
| /* confdefs.h */
| #define PACKAGE_NAME "nanocube"
| #define PACKAGE_TARNAME "nanocube"
| #define PACKAGE_VERSION "0.0.1"
| #define PACKAGE_STRING "nanocube 0.0.1"
| #define PACKAGE_BUGREPORT "lauro.lins@gmail.com"
| #define PACKAGE_URL ""
| #define PACKAGE "nanocube"
| #define VERSION "0.0.1"
| #define STDC_HEADERS 1
| #define HAVE_SYS_TYPES_H 1
| #define HAVE_SYS_STAT_H 1
| #define HAVE_STDLIB_H 1
| #define HAVE_STRING_H 1
| #define HAVE_MEMORY_H 1
| #define HAVE_STRINGS_H 1
| #define HAVE_INTTYPES_H 1
| #define HAVE_STDINT_H 1
| #define HAVE_UNISTD_H 1
| #define HAVE_DLFCN_H 1
| #define LT_OBJDIR ".libs/"
| #define HAVE_LIBDL 1
| #define HAVE_DLERROR 1
| #define HAVE_LIBDLLOADER 1
| #define HAVE_LIBZ 1
| #define HAVE_BOOST 1
| /* end confdefs.h.  */
| 
| #if defined __GNUC__ && __GNUC__ == 4 && __GNUC_MINOR__ == 4 && !defined __ICC
| /* OK */
| #else
| # error defined __GNUC__ && __GNUC__ == 4 && __GNUC_MINOR__ == 4 && !defined __ICC
| #endif
| 
| int
| main ()
| {
| 
|   ;
|   return 0;
| }
configure:17145: g++ -c -O3 -std=c++11  -I/usr/include -I/usr/include conftest.cpp >&5
conftest.cpp:32:3: error: #error defined __GNUC__ && __GNUC__ == 4 && __GNUC_MINOR__ == 3 && !defined __ICC && (defined WIN32 || defined WINNT || defined _WIN32 || defined __WIN32 || defined __WIN32__ || defined __WINNT || defined __WINNT__)
 # error defined __GNUC__ && __GNUC__ == 4 && __GNUC_MINOR__ == 3 && !defined __ICC &&   (defined WIN32 || defined WINNT || defined _WIN32 || defined __WIN32          || defined __WIN32__ || defined __WINNT || defined __WINNT__)
   ^
configure:17145: $? = 1
configure: failed program was:
| /* confdefs.h */
| #define PACKAGE_NAME "nanocube"
| #define PACKAGE_TARNAME "nanocube"
| #define PACKAGE_VERSION "0.0.1"
| #define PACKAGE_STRING "nanocube 0.0.1"
| #define PACKAGE_BUGREPORT "lauro.lins@gmail.com"
| #define PACKAGE_URL ""
| #define PACKAGE "nanocube"
| #define VERSION "0.0.1"
| #define STDC_HEADERS 1
| #define HAVE_SYS_TYPES_H 1
| #define HAVE_SYS_STAT_H 1
| #define HAVE_STDLIB_H 1
| #define HAVE_STRING_H 1
| #define HAVE_MEMORY_H 1
| #define HAVE_STRINGS_H 1
| #define HAVE_INTTYPES_H 1
| #define HAVE_STDINT_H 1
| #define HAVE_UNISTD_H 1
| #define HAVE_DLFCN_H 1
| #define LT_OBJDIR ".libs/"
| #define HAVE_LIBDL 1
| #define HAVE_DLERROR 1
| #define HAVE_LIBDLLOADER 1
| #define HAVE_LIBZ 1
| #define HAVE_BOOST 1
| /* end confdefs.h.  */
| 
| #if defined __GNUC__ && __GNUC__ == 4 && __GNUC_MINOR__ == 3 && !defined __ICC &&   (defined WIN32 || defined WINNT || defined _WIN32 || defined __WIN32          || defined __WIN32__ || defined __WINNT || defined __WINNT__)
| /* OK */
| #else
| # error defined __GNUC__ && __GNUC__ == 4 && __GNUC_MINOR__ == 3 && !defined __ICC &&   (defined WIN32 || defined WINNT || defined _WIN32 || defined __WIN32          || defined __WIN32__ || defined __WINNT || defined __WINNT__)
| #endif
| 
| int
| main ()
| {
| 
|   ;
|   return 0;
| }
configure:17145: g++ -c -O3 -std=c++11  -I/usr/include -I/usr/include conftest.cpp >&5
conftest.cpp:32:3: error: #error defined __GNUC__ && __GNUC__ == 4 && __GNUC_MINOR__ == 3 && !defined __ICC
 # error defined __GNUC__ && __GNUC__ == 4 && __GNUC_MINOR__ == 3 && !defined __ICC
   ^
configure:17145: $? = 1
configure: failed program was:
| /* confdefs.h */
| #define PACKAGE_NAME "nanocube"
| #define PACKAGE_TARNAME "nanocube"
| #define PACKAGE_VERSION "0.0.1"
| #define PACKAGE_STRING "nanocube 0.0.1"
| #define PACKAGE_BUGREPORT "lauro.lins@gmail.com"
| #define PACKAGE_URL ""
| #define PACKAGE "nanocube"
| #define VERSION "0.0.1"
| #define STDC_HEADERS 1
| #define HAVE_SYS_TYPES_H 1
| #define HAVE_SYS_STAT_H 1
| #define HAVE_STDLIB_H 1
| #define HAVE_STRING_H 1
| #define HAVE_MEMORY_H 1
| #define HAVE_STRINGS_H 1
| #define HAVE_INTTYPES_H 1
| #define HAVE_STDINT_H 1
| #define HAVE_UNISTD_H 1
| #define HAVE_DLFCN_H 1
| #define LT_OBJDIR ".libs/"
| #define HAVE_LIBDL 1
| #define HAVE_DLERROR 1
| #define HAVE_LIBDLLOADER 1
| #define HAVE_LIBZ 1
| #define HAVE_BOOST 1
| /* end confdefs.h.  */
| 
| #if defined __GNUC__ && __GNUC__ == 4 && __GNUC_MINOR__ == 3 && !defined __ICC
| /* OK */
| #else
| # error defined __GNUC__ && __GNUC__ == 4 && __GNUC_MINOR__ == 3 && !defined __ICC
| #endif
| 
| int
| main ()
| {
| 
|   ;
|   return 0;
| }
configure:17145: g++ -c -O3 -std=c++11  -I/usr/include -I/usr/include conftest.cpp >&5
conftest.cpp:32:3: error: #error defined __GNUC__ && __GNUC__ == 4 && __GNUC_MINOR__ == 2 && !defined __ICC && (defined WIN32 || defined WINNT || defined _WIN32 || defined __WIN32 || defined __WIN32__ || defined __WINNT || defined __WINNT__)
 # error defined __GNUC__ && __GNUC__ == 4 && __GNUC_MINOR__ == 2 && !defined __ICC &&   (defined WIN32 || defined WINNT || defined _WIN32 || defined __WIN32          || defined __WIN32__ || defined __WINNT || defined __WINNT__)
   ^
configure:17145: $? = 1
configure: failed program was:
| /* confdefs.h */
| #define PACKAGE_NAME "nanocube"
| #define PACKAGE_TARNAME "nanocube"
| #define PACKAGE_VERSION "0.0.1"
| #define PACKAGE_STRING "nanocube 0.0.1"
| #define PACKAGE_BUGREPORT "lauro.lins@gmail.com"
| #define PACKAGE_URL ""
| #define PACKAGE "nanocube"
| #define VERSION "0.0.1"
| #define STDC_HEADERS 1
| #define HAVE_SYS_TYPES_H 1
| #define HAVE_SYS_STAT_H 1
| #define HAVE_STDLIB_H 1
| #define HAVE_STRING_H 1
| #define HAVE_MEMORY_H 1
| #define HAVE_STRINGS_H 1
| #define HAVE_INTTYPES_H 1
| #define HAVE_STDINT_H 1
| #define HAVE_UNISTD_H 1
| #define HAVE_DLFCN_H 1
| #define LT_OBJDIR ".libs/"
| #define HAVE_LIBDL 1
| #define HAVE_DLERROR 1
| #define HAVE_LIBDLLOADER 1
| #define HAVE_LIBZ 1
| #define HAVE_BOOST 1
| /* end confdefs.h.  */
| 
| #if defined __GNUC__ && __GNUC__ == 4 && __GNUC_MINOR__ == 2 && !defined __ICC &&   (defined WIN32 || defined WINNT || defined _WIN32 || defined __WIN32          || defined __WIN32__ || defined __WINNT || defined __WINNT__)
| /* OK */
| #else
| # error defined __GNUC__ && __GNUC__ == 4 && __GNUC_MINOR__ == 2 && !defined __ICC &&   (defined WIN32 || defined WINNT || defined _WIN32 || defined __WIN32          || defined __WIN32__ || defined __WINNT || defined __WINNT__)
| #endif
| 
| int
| main ()
| {
| 
|   ;
|   return 0;
| }
configure:17145: g++ -c -O3 -std=c++11  -I/usr/include -I/usr/include conftest.cpp >&5
conftest.cpp:32:3: error: #error defined __GNUC__ && __GNUC__ == 4 && __GNUC_MINOR__ == 2 && !defined __ICC
 # error defined __GNUC__ && __GNUC__ == 4 && __GNUC_MINOR__ == 2 && !defined __ICC
   ^
configure:17145: $? = 1
configure: failed program was:
| /* confdefs.h */
| #define PACKAGE_NAME "nanocube"
| #define PACKAGE_TARNAME "nanocube"
| #define PACKAGE_VERSION "0.0.1"
| #define PACKAGE_STRING "nanocube 0.0.1"
| #define PACKAGE_BUGREPORT "lauro.lins@gmail.com"
| #define PACKAGE_URL ""
| #define PACKAGE "nanocube"
| #define VERSION "0.0.1"
| #define STDC_HEADERS 1
| #define HAVE_SYS_TYPES_H 1
| #define HAVE_SYS_STAT_H 1
| #define HAVE_STDLIB_H 1
| #define HAVE_STRING_H 1
| #define HAVE_MEMORY_H 1
| #define HAVE_STRINGS_H 1
| #define HAVE_INTTYPES_H 1
| #define HAVE_STDINT_H 1
| #define HAVE_UNISTD_H 1
| #define HAVE_DLFCN_H 1
| #define LT_OBJDIR ".libs/"
| #define HAVE_LIBDL 1
| #define HAVE_DLERROR 1
| #define HAVE_LIBDLLOADER 1
| #define HAVE_LIBZ 1
| #define HAVE_BOOST 1
| /* end confdefs.h.  */
| 
| #if defined __GNUC__ && __GNUC__ == 4 && __GNUC_MINOR__ == 2 && !defined __ICC
| /* OK */
| #else
| # error defined __GNUC__ && __GNUC__ == 4 && __GNUC_MINOR__ == 2 && !defined __ICC
| #endif
| 
| int
| main ()
| {
| 
|   ;
|   return 0;
| }
configure:17145: g++ -c -O3 -std=c++11  -I/usr/include -I/usr/include conftest.cpp >&5
conftest.cpp:32:3: error: #error defined __GNUC__ && __GNUC__ == 4 && __GNUC_MINOR__ == 1 && !defined __ICC && (defined WIN32 || defined WINNT || defined _WIN32 || defined __WIN32 || defined __WIN32__ || defined __WINNT || defined __WINNT__)
 # error defined __GNUC__ && __GNUC__ == 4 && __GNUC_MINOR__ == 1 && !defined __ICC &&   (defined WIN32 || defined WINNT || defined _WIN32 || defined __WIN32          || defined __WIN32__ || defined __WINNT || defined __WINNT__)
   ^
configure:17145: $? = 1
configure: failed program was:
| /* confdefs.h */
| #define PACKAGE_NAME "nanocube"
| #define PACKAGE_TARNAME "nanocube"
| #define PACKAGE_VERSION "0.0.1"
| #define PACKAGE_STRING "nanocube 0.0.1"
| #define PACKAGE_BUGREPORT "lauro.lins@gmail.com"
| #define PACKAGE_URL ""
| #define PACKAGE "nanocube"
| #define VERSION "0.0.1"
| #define STDC_HEADERS 1
| #define HAVE_SYS_TYPES_H 1
| #define HAVE_SYS_STAT_H 1
| #define HAVE_STDLIB_H 1
| #define HAVE_STRING_H 1
| #define HAVE_MEMORY_H 1
| #define HAVE_STRINGS_H 1
| #define HAVE_INTTYPES_H 1
| #define HAVE_STDINT_H 1
| #define HAVE_UNISTD_H 1
| #define HAVE_DLFCN_H 1
| #define LT_OBJDIR ".libs/"
| #define HAVE_LIBDL 1
| #define HAVE_DLERROR 1
| #define HAVE_LIBDLLOADER 1
| #define HAVE_LIBZ 1
| #define HAVE_BOOST 1
| /* end confdefs.h.  */
| 
| #if defined __GNUC__ && __GNUC__ == 4 && __GNUC_MINOR__ == 1 && !defined __ICC &&   (defined WIN32 || defined WINNT || defined _WIN32 || defined __WIN32          || defined __WIN32__ || defined __WINNT || defined __WINNT__)
| /* OK */
| #else
| # error defined __GNUC__ && __GNUC__ == 4 && __GNUC_MINOR__ == 1 && !defined __ICC &&   (defined WIN32 || defined WINNT || defined _WIN32 || defined __WIN32          || defined __WIN32__ || defined __WINNT || defined __WINNT__)
| #endif
| 
| int
| main ()
| {
| 
|   ;
|   return 0;
| }
configure:17145: g++ -c -O3 -std=c++11  -I/usr/include -I/usr/include conftest.cpp >&5
conftest.cpp:32:3: error: #error defined __GNUC__ && __GNUC__ == 4 && __GNUC_MINOR__ == 1 && !defined __ICC
 # error defined __GNUC__ && __GNUC__ == 4 && __GNUC_MINOR__ == 1 && !defined __ICC
   ^
configure:17145: $? = 1
configure: failed program was:
| /* confdefs.h */
| #define PACKAGE_NAME "nanocube"
| #define PACKAGE_TARNAME "nanocube"
| #define PACKAGE_VERSION "0.0.1"
| #define PACKAGE_STRING "nanocube 0.0.1"
| #define PACKAGE_BUGREPORT "lauro.lins@gmail.com"
| #define PACKAGE_URL ""
| #define PACKAGE "nanocube"
| #define VERSION "0.0.1"
| #define STDC_HEADERS 1
| #define HAVE_SYS_TYPES_H 1
| #define HAVE_SYS_STAT_H 1
| #define HAVE_STDLIB_H 1
| #define HAVE_STRING_H 1
| #define HAVE_MEMORY_H 1
| #define HAVE_STRINGS_H 1
| #define HAVE_INTTYPES_H 1
| #define HAVE_STDINT_H 1
| #define HAVE_UNISTD_H 1
| #define HAVE_DLFCN_H 1
| #define LT_OBJDIR ".libs/"
| #define HAVE_LIBDL 1
| #define HAVE_DLERROR 1
| #define HAVE_LIBDLLOADER 1
| #define HAVE_LIBZ 1
| #define HAVE_BOOST 1
| /* end confdefs.h.  */
| 
| #if defined __GNUC__ && __GNUC__ == 4 && __GNUC_MINOR__ == 1 && !defined __ICC
| /* OK */
| #else
| # error defined __GNUC__ && __GNUC__ == 4 && __GNUC_MINOR__ == 1 && !defined __ICC
| #endif
| 
| int
| main ()
| {
| 
|   ;
|   return 0;
| }
configure:17145: g++ -c -O3 -std=c++11  -I/usr/include -I/usr/include conftest.cpp >&5
conftest.cpp:32:3: error: #error defined __GNUC__ && __GNUC__ == 4 && __GNUC_MINOR__ == 0 && !defined __ICC && (defined WIN32 || defined WINNT || defined _WIN32 || defined __WIN32 || defined __WIN32__ || defined __WINNT || defined __WINNT__)
 # error defined __GNUC__ && __GNUC__ == 4 && __GNUC_MINOR__ == 0 && !defined __ICC &&   (defined WIN32 || defined WINNT || defined _WIN32 || defined __WIN32          || defined __WIN32__ || defined __WINNT || defined __WINNT__)
   ^
configure:17145: $? = 1
configure: failed program was:
| /* confdefs.h */
| #define PACKAGE_NAME "nanocube"
| #define PACKAGE_TARNAME "nanocube"
| #define PACKAGE_VERSION "0.0.1"
| #define PACKAGE_STRING "nanocube 0.0.1"
| #define PACKAGE_BUGREPORT "lauro.lins@gmail.com"
| #define PACKAGE_URL ""
| #define PACKAGE "nanocube"
| #define VERSION "0.0.1"
| #define STDC_HEADERS 1
| #define HAVE_SYS_TYPES_H 1
| #define HAVE_SYS_STAT_H 1
| #define HAVE_STDLIB_H 1
| #define HAVE_STRING_H 1
| #define HAVE_MEMORY_H 1
| #define HAVE_STRINGS_H 1
| #define HAVE_INTTYPES_H 1
| #define HAVE_STDINT_H 1
| #define HAVE_UNISTD_H 1
| #define HAVE_DLFCN_H 1
| #define LT_OBJDIR ".libs/"
| #define HAVE_LIBDL 1
| #define HAVE_DLERROR 1
| #define HAVE_LIBDLLOADER 1
| #define HAVE_LIBZ 1
| #define HAVE_BOOST 1
| /* end confdefs.h.  */
| 
| #if defined __GNUC__ && __GNUC__ == 4 && __GNUC_MINOR__ == 0 && !defined __ICC &&   (defined WIN32 || defined WINNT || defined _WIN32 || defined __WIN32          || defined __WIN32__ || defined __WINNT || defined __WINNT__)
| /* OK */
| #else
| # error defined __GNUC__ && __GNUC__ == 4 && __GNUC_MINOR__ == 0 && !defined __ICC &&   (defined WIN32 || defined WINNT || defined _WIN32 || defined __WIN32          || defined __WIN32__ || defined __WINNT || defined __WINNT__)
| #endif
| 
| int
| main ()
| {
| 
|   ;
|   return 0;
| }
configure:17145: g++ -c -O3 -std=c++11  -I/usr/include -I/usr/include conftest.cpp >&5
conftest.cpp:32:3: error: #error defined __GNUC__ && __GNUC__ == 4 && __GNUC_MINOR__ == 0 && !defined __ICC
 # error defined __GNUC__ && __GNUC__ == 4 && __GNUC_MINOR__ == 0 && !defined __ICC
   ^
configure:17145: $? = 1
configure: failed program was:
| /* confdefs.h */
| #define PACKAGE_NAME "nanocube"
| #define PACKAGE_TARNAME "nanocube"
| #define PACKAGE_VERSION "0.0.1"
| #define PACKAGE_STRING "nanocube 0.0.1"
| #define PACKAGE_BUGREPORT "lauro.lins@gmail.com"
| #define PACKAGE_URL ""
| #define PACKAGE "nanocube"
| #define VERSION "0.0.1"
| #define STDC_HEADERS 1
| #define HAVE_SYS_TYPES_H 1
| #define HAVE_SYS_STAT_H 1
| #define HAVE_STDLIB_H 1
| #define HAVE_STRING_H 1
| #define HAVE_MEMORY_H 1
| #define HAVE_STRINGS_H 1
| #define HAVE_INTTYPES_H 1
| #define HAVE_STDINT_H 1
| #define HAVE_UNISTD_H 1
| #define HAVE_DLFCN_H 1
| #define LT_OBJDIR ".libs/"
| #define HAVE_LIBDL 1
| #define HAVE_DLERROR 1
| #define HAVE_LIBDLLOADER 1
| #define HAVE_LIBZ 1
| #define HAVE_BOOST 1
| /* end confdefs.h.  */
| 
| #if defined __GNUC__ && __GNUC__ == 4 && __GNUC_MINOR__ == 0 && !defined __ICC
| /* OK */
| #else
| # error defined __GNUC__ && __GNUC__ == 4 && __GNUC_MINOR__ == 0 && !defined __ICC
| #endif
| 
| int
| main ()
| {
| 
|   ;
|   return 0;
| }
configure:17145: g++ -c -O3 -std=c++11  -I/usr/include -I/usr/include conftest.cpp >&5
conftest.cpp:32:3: error: #error defined __GNUC__ && __GNUC__ == 3 && !defined __ICC && (defined WIN32 || defined WINNT || defined _WIN32 || defined __WIN32 || defined __WIN32__ || defined __WINNT || defined __WINNT__)
 # error defined __GNUC__ && __GNUC__ == 3 && !defined __ICC      && (defined WIN32 || defined WINNT || defined _WIN32 || defined __WIN32          || defined __WIN32__ || defined __WINNT || defined __WINNT__)
   ^
configure:17145: $? = 1
configure: failed program was:
| /* confdefs.h */
| #define PACKAGE_NAME "nanocube"
| #define PACKAGE_TARNAME "nanocube"
| #define PACKAGE_VERSION "0.0.1"
| #define PACKAGE_STRING "nanocube 0.0.1"
| #define PACKAGE_BUGREPORT "lauro.lins@gmail.com"
| #define PACKAGE_URL ""
| #define PACKAGE "nanocube"
| #define VERSION "0.0.1"
| #define STDC_HEADERS 1
| #define HAVE_SYS_TYPES_H 1
| #define HAVE_SYS_STAT_H 1
| #define HAVE_STDLIB_H 1
| #define HAVE_STRING_H 1
| #define HAVE_MEMORY_H 1
| #define HAVE_STRINGS_H 1
| #define HAVE_INTTYPES_H 1
| #define HAVE_STDINT_H 1
| #define HAVE_UNISTD_H 1
| #define HAVE_DLFCN_H 1
| #define LT_OBJDIR ".libs/"
| #define HAVE_LIBDL 1
| #define HAVE_DLERROR 1
| #define HAVE_LIBDLLOADER 1
| #define HAVE_LIBZ 1
| #define HAVE_BOOST 1
| /* end confdefs.h.  */
| 
| #if defined __GNUC__ && __GNUC__ == 3 && !defined __ICC      && (defined WIN32 || defined WINNT || defined _WIN32 || defined __WIN32          || defined __WIN32__ || defined __WINNT || defined __WINNT__)
| /* OK */
| #else
| # error defined __GNUC__ && __GNUC__ == 3 && !defined __ICC      && (defined WIN32 || defined WINNT || defined _WIN32 || defined __WIN32          || defined __WIN32__ || defined __WINNT || defined __WINNT__)
| #endif
| 
| int
| main ()
| {
| 
|   ;
|   return 0;
| }
configure:17145: g++ -c -O3 -std=c++11  -I/usr/include -I/usr/include conftest.cpp >&5
conftest.cpp:32:3: error: #error defined __GNUC__ && __GNUC__ == 3 && __GNUC_MINOR__ == 4 && !defined __ICC
 # error defined __GNUC__ && __GNUC__ == 3 && __GNUC_MINOR__ == 4 && !defined __ICC
   ^
configure:17145: $? = 1
configure: failed program was:
| /* confdefs.h */
| #define PACKAGE_NAME "nanocube"
| #define PACKAGE_TARNAME "nanocube"
| #define PACKAGE_VERSION "0.0.1"
| #define PACKAGE_STRING "nanocube 0.0.1"
| #define PACKAGE_BUGREPORT "lauro.lins@gmail.com"
| #define PACKAGE_URL ""
| #define PACKAGE "nanocube"
| #define VERSION "0.0.1"
| #define STDC_HEADERS 1
| #define HAVE_SYS_TYPES_H 1
| #define HAVE_SYS_STAT_H 1
| #define HAVE_STDLIB_H 1
| #define HAVE_STRING_H 1
| #define HAVE_MEMORY_H 1
| #define HAVE_STRINGS_H 1
| #define HAVE_INTTYPES_H 1
| #define HAVE_STDINT_H 1
| #define HAVE_UNISTD_H 1
| #define HAVE_DLFCN_H 1
| #define LT_OBJDIR ".libs/"
| #define HAVE_LIBDL 1
| #define HAVE_DLERROR 1
| #define HAVE_LIBDLLOADER 1
| #define HAVE_LIBZ 1
| #define HAVE_BOOST 1
| /* end confdefs.h.  */
| 
| #if defined __GNUC__ && __GNUC__ == 3 && __GNUC_MINOR__ == 4 && !defined __ICC
| /* OK */
| #else
| # error defined __GNUC__ && __GNUC__ == 3 && __GNUC_MINOR__ == 4 && !defined __ICC
| #endif
| 
| int
| main ()
| {
| 
|   ;
|   return 0;
| }
configure:17145: g++ -c -O3 -std=c++11  -I/usr/include -I/usr/include conftest.cpp >&5
conftest.cpp:32:3: error: #error defined __GNUC__ && __GNUC__ == 3 && __GNUC_MINOR__ == 3 && !defined __ICC
 # error defined __GNUC__ && __GNUC__ == 3 && __GNUC_MINOR__ == 3 && !defined __ICC
   ^
configure:17145: $? = 1
configure: failed program was:
| /* confdefs.h */
| #define PACKAGE_NAME "nanocube"
| #define PACKAGE_TARNAME "nanocube"
| #define PACKAGE_VERSION "0.0.1"
| #define PACKAGE_STRING "nanocube 0.0.1"
| #define PACKAGE_BUGREPORT "lauro.lins@gmail.com"
| #define PACKAGE_URL ""
| #define PACKAGE "nanocube"
| #define VERSION "0.0.1"
| #define STDC_HEADERS 1
| #define HAVE_SYS_TYPES_H 1
| #define HAVE_SYS_STAT_H 1
| #define HAVE_STDLIB_H 1
| #define HAVE_STRING_H 1
| #define HAVE_MEMORY_H 1
| #define HAVE_STRINGS_H 1
| #define HAVE_INTTYPES_H 1
| #define HAVE_STDINT_H 1
| #define HAVE_UNISTD_H 1
| #define HAVE_DLFCN_H 1
| #define LT_OBJDIR ".libs/"
| #define HAVE_LIBDL 1
| #define HAVE_DLERROR 1
| #define HAVE_LIBDLLOADER 1
| #define HAVE_LIBZ 1
| #define HAVE_BOOST 1
| /* end confdefs.h.  */
| 
| #if defined __GNUC__ && __GNUC__ == 3 && __GNUC_MINOR__ == 3 && !defined __ICC
| /* OK */
| #else
| # error defined __GNUC__ && __GNUC__ == 3 && __GNUC_MINOR__ == 3 && !defined __ICC
| #endif
| 
| int
| main ()
| {
| 
|   ;
|   return 0;
| }
configure:17145: g++ -c -O3 -std=c++11  -I/usr/include -I/usr/include conftest.cpp >&5
conftest.cpp:32:3: error: #error defined _MSC_VER && _MSC_VER >= 1500
 # error defined _MSC_VER && _MSC_VER >= 1500
   ^
configure:17145: $? = 1
configure: failed program was:
| /* confdefs.h */
| #define PACKAGE_NAME "nanocube"
| #define PACKAGE_TARNAME "nanocube"
| #define PACKAGE_VERSION "0.0.1"
| #define PACKAGE_STRING "nanocube 0.0.1"
| #define PACKAGE_BUGREPORT "lauro.lins@gmail.com"
| #define PACKAGE_URL ""
| #define PACKAGE "nanocube"
| #define VERSION "0.0.1"
| #define STDC_HEADERS 1
| #define HAVE_SYS_TYPES_H 1
| #define HAVE_SYS_STAT_H 1
| #define HAVE_STDLIB_H 1
| #define HAVE_STRING_H 1
| #define HAVE_MEMORY_H 1
| #define HAVE_STRINGS_H 1
| #define HAVE_INTTYPES_H 1
| #define HAVE_STDINT_H 1
| #define HAVE_UNISTD_H 1
| #define HAVE_DLFCN_H 1
| #define LT_OBJDIR ".libs/"
| #define HAVE_LIBDL 1
| #define HAVE_DLERROR 1
| #define HAVE_LIBDLLOADER 1
| #define HAVE_LIBZ 1
| #define HAVE_BOOST 1
| /* end confdefs.h.  */
| 
| #if defined _MSC_VER && _MSC_VER >= 1500
| /* OK */
| #else
| # error defined _MSC_VER && _MSC_VER >= 1500
| #endif
| 
| int
| main ()
| {
| 
|   ;
|   return 0;
| }
configure:17145: g++ -c -O3 -std=c++11  -I/usr/include -I/usr/include conftest.cpp >&5
conftest.cpp:32:3: error: #error defined _MSC_VER && _MSC_VER == 1400
 # error defined _MSC_VER && _MSC_VER == 1400
   ^
configure:17145: $? = 1
configure: failed program was:
| /* confdefs.h */
| #define PACKAGE_NAME "nanocube"
| #define PACKAGE_TARNAME "nanocube"
| #define PACKAGE_VERSION "0.0.1"
| #define PACKAGE_STRING "nanocube 0.0.1"
| #define PACKAGE_BUGREPORT "lauro.lins@gmail.com"
| #define PACKAGE_URL ""
| #define PACKAGE "nanocube"
| #define VERSION "0.0.1"
| #define STDC_HEADERS 1
| #define HAVE_SYS_TYPES_H 1
| #define HAVE_SYS_STAT_H 1
| #define HAVE_STDLIB_H 1
| #define HAVE_STRING_H 1
| #define HAVE_MEMORY_H 1
| #define HAVE_STRINGS_H 1
| #define HAVE_INTTYPES_H 1
| #define HAVE_STDINT_H 1
| #define HAVE_UNISTD_H 1
| #define HAVE_DLFCN_H 1
| #define LT_OBJDIR ".libs/"
| #define HAVE_LIBDL 1
| #define HAVE_DLERROR 1
| #define HAVE_LIBDLLOADER 1
| #define HAVE_LIBZ 1
| #define HAVE_BOOST 1
| /* end confdefs.h.  */
| 
| #if defined _MSC_VER && _MSC_VER == 1400
| /* OK */
| #else
| # error defined _MSC_VER && _MSC_VER == 1400
| #endif
| 
| int
| main ()
| {
| 
|   ;
|   return 0;
| }
configure:17145: g++ -c -O3 -std=c++11  -I/usr/include -I/usr/include conftest.cpp >&5
conftest.cpp:32:3: error: #error defined __GNUC__ && __GNUC__ == 3 && __GNUC_MINOR__ == 2 && !defined __ICC
 # error defined __GNUC__ && __GNUC__ == 3 && __GNUC_MINOR__ == 2 && !defined __ICC
   ^
configure:17145: $? = 1
configure: failed program was:
| /* confdefs.h */
| #define PACKAGE_NAME "nanocube"
| #define PACKAGE_TARNAME "nanocube"
| #define PACKAGE_VERSION "0.0.1"
| #define PACKAGE_STRING "nanocube 0.0.1"
| #define PACKAGE_BUGREPORT "lauro.lins@gmail.com"
| #define PACKAGE_URL ""
| #define PACKAGE "nanocube"
| #define VERSION "0.0.1"
| #define STDC_HEADERS 1
| #define HAVE_SYS_TYPES_H 1
| #define HAVE_SYS_STAT_H 1
| #define HAVE_STDLIB_H 1
| #define HAVE_STRING_H 1
| #define HAVE_MEMORY_H 1
| #define HAVE_STRINGS_H 1
| #define HAVE_INTTYPES_H 1
| #define HAVE_STDINT_H 1
| #define HAVE_UNISTD_H 1
| #define HAVE_DLFCN_H 1
| #define LT_OBJDIR ".libs/"
| #define HAVE_LIBDL 1
| #define HAVE_DLERROR 1
| #define HAVE_LIBDLLOADER 1
| #define HAVE_LIBZ 1
| #define HAVE_BOOST 1
| /* end confdefs.h.  */
| 
| #if defined __GNUC__ && __GNUC__ == 3 && __GNUC_MINOR__ == 2 && !defined __ICC
| /* OK */
| #else
| # error defined __GNUC__ && __GNUC__ == 3 && __GNUC_MINOR__ == 2 && !defined __ICC
| #endif
| 
| int
| main ()
| {
| 
|   ;
|   return 0;
| }
configure:17145: g++ -c -O3 -std=c++11  -I/usr/include -I/usr/include conftest.cpp >&5
conftest.cpp:32:3: error: #error defined _MSC_VER && _MSC_VER == 1310
 # error defined _MSC_VER && _MSC_VER == 1310
   ^
configure:17145: $? = 1
configure: failed program was:
| /* confdefs.h */
| #define PACKAGE_NAME "nanocube"
| #define PACKAGE_TARNAME "nanocube"
| #define PACKAGE_VERSION "0.0.1"
| #define PACKAGE_STRING "nanocube 0.0.1"
| #define PACKAGE_BUGREPORT "lauro.lins@gmail.com"
| #define PACKAGE_URL ""
| #define PACKAGE "nanocube"
| #define VERSION "0.0.1"
| #define STDC_HEADERS 1
| #define HAVE_SYS_TYPES_H 1
| #define HAVE_SYS_STAT_H 1
| #define HAVE_STDLIB_H 1
| #define HAVE_STRING_H 1
| #define HAVE_MEMORY_H 1
| #define HAVE_STRINGS_H 1
| #define HAVE_INTTYPES_H 1
| #define HAVE_STDINT_H 1
| #define HAVE_UNISTD_H 1
| #define HAVE_DLFCN_H 1
| #define LT_OBJDIR ".libs/"
| #define HAVE_LIBDL 1
| #define HAVE_DLERROR 1
| #define HAVE_LIBDLLOADER 1
| #define HAVE_LIBZ 1
| #define HAVE_BOOST 1
| /* end confdefs.h.  */
| 
| #if defined _MSC_VER && _MSC_VER == 1310
| /* OK */
| #else
| # error defined _MSC_VER && _MSC_VER == 1310
| #endif
| 
| int
| main ()
| {
| 
|   ;
|   return 0;
| }
configure:17145: g++ -c -O3 -std=c++11  -I/usr/include -I/usr/include conftest.cpp >&5
conftest.cpp:32:3: error: #error defined __GNUC__ && __GNUC__ == 3 && __GNUC_MINOR__ == 1 && !defined __ICC
 # error defined __GNUC__ && __GNUC__ == 3 && __GNUC_MINOR__ == 1 && !defined __ICC
   ^
configure:17145: $? = 1
configure: failed program was:
| /* confdefs.h */
| #define PACKAGE_NAME "nanocube"
| #define PACKAGE_TARNAME "nanocube"
| #define PACKAGE_VERSION "0.0.1"
| #define PACKAGE_STRING "nanocube 0.0.1"
| #define PACKAGE_BUGREPORT "lauro.lins@gmail.com"
| #define PACKAGE_URL ""
| #define PACKAGE "nanocube"
| #define VERSION "0.0.1"
| #define STDC_HEADERS 1
| #define HAVE_SYS_TYPES_H 1
| #define HAVE_SYS_STAT_H 1
| #define HAVE_STDLIB_H 1
| #define HAVE_STRING_H 1
| #define HAVE_MEMORY_H 1
| #define HAVE_STRINGS_H 1
| #define HAVE_INTTYPES_H 1
| #define HAVE_STDINT_H 1
| #define HAVE_UNISTD_H 1
| #define HAVE_DLFCN_H 1
| #define LT_OBJDIR ".libs/"
| #define HAVE_LIBDL 1
| #define HAVE_DLERROR 1
| #define HAVE_LIBDLLOADER 1
| #define HAVE_LIBZ 1
| #define HAVE_BOOST 1
| /* end confdefs.h.  */
| 
| #if defined __GNUC__ && __GNUC__ == 3 && __GNUC_MINOR__ == 1 && !defined __ICC
| /* OK */
| #else
| # error defined __GNUC__ && __GNUC__ == 3 && __GNUC_MINOR__ == 1 && !defined __ICC
| #endif
| 
| int
| main ()
| {
| 
|   ;
|   return 0;
| }
configure:17145: g++ -c -O3 -std=c++11  -I/usr/include -I/usr/include conftest.cpp >&5
conftest.cpp:32:3: error: #error defined __GNUC__ && __GNUC__ == 3 && __GNUC_MINOR__ == 0 && !defined __ICC
 # error defined __GNUC__ && __GNUC__ == 3 && __GNUC_MINOR__ == 0 && !defined __ICC
   ^
configure:17145: $? = 1
configure: failed program was:
| /* confdefs.h */
| #define PACKAGE_NAME "nanocube"
| #define PACKAGE_TARNAME "nanocube"
| #define PACKAGE_VERSION "0.0.1"
| #define PACKAGE_STRING "nanocube 0.0.1"
| #define PACKAGE_BUGREPORT "lauro.lins@gmail.com"
| #define PACKAGE_URL ""
| #define PACKAGE "nanocube"
| #define VERSION "0.0.1"
| #define STDC_HEADERS 1
| #define HAVE_SYS_TYPES_H 1
| #define HAVE_SYS_STAT_H 1
| #define HAVE_STDLIB_H 1
| #define HAVE_STRING_H 1
| #define HAVE_MEMORY_H 1
| #define HAVE_STRINGS_H 1
| #define HAVE_INTTYPES_H 1
| #define HAVE_STDINT_H 1
| #define HAVE_UNISTD_H 1
| #define HAVE_DLFCN_H 1
| #define LT_OBJDIR ".libs/"
| #define HAVE_LIBDL 1
| #define HAVE_DLERROR 1
| #define HAVE_LIBDLLOADER 1
| #define HAVE_LIBZ 1
| #define HAVE_BOOST 1
| /* end confdefs.h.  */
| 
| #if defined __GNUC__ && __GNUC__ == 3 && __GNUC_MINOR__ == 0 && !defined __ICC
| /* OK */
| #else
| # error defined __GNUC__ && __GNUC__ == 3 && __GNUC_MINOR__ == 0 && !defined __ICC
| #endif
| 
| int
| main ()
| {
| 
|   ;
|   return 0;
| }
configure:17145: g++ -c -O3 -std=c++11  -I/usr/include -I/usr/include conftest.cpp >&5
conftest.cpp:32:3: error: #error defined __BORLANDC__
 # error defined __BORLANDC__
   ^
configure:17145: $? = 1
configure: failed program was:
| /* confdefs.h */
| #define PACKAGE_NAME "nanocube"
| #define PACKAGE_TARNAME "nanocube"
| #define PACKAGE_VERSION "0.0.1"
| #define PACKAGE_STRING "nanocube 0.0.1"
| #define PACKAGE_BUGREPORT "lauro.lins@gmail.com"
| #define PACKAGE_URL ""
| #define PACKAGE "nanocube"
| #define VERSION "0.0.1"
| #define STDC_HEADERS 1
| #define HAVE_SYS_TYPES_H 1
| #define HAVE_SYS_STAT_H 1
| #define HAVE_STDLIB_H 1
| #define HAVE_STRING_H 1
| #define HAVE_MEMORY_H 1
| #define HAVE_STRINGS_H 1
| #define HAVE_INTTYPES_H 1
| #define HAVE_STDINT_H 1
| #define HAVE_UNISTD_H 1
| #define HAVE_DLFCN_H 1
| #define LT_OBJDIR ".libs/"
| #define HAVE_LIBDL 1
| #define HAVE_DLERROR 1
| #define HAVE_LIBDLLOADER 1
| #define HAVE_LIBZ 1
| #define HAVE_BOOST 1
| /* end confdefs.h.  */
| 
| #if defined __BORLANDC__
| /* OK */
| #else
| # error defined __BORLANDC__
| #endif
| 
| int
| main ()
| {
| 
|   ;
|   return 0;
| }
configure:17145: g++ -c -O3 -std=c++11  -I/usr/include -I/usr/include conftest.cpp >&5
conftest.cpp:29:49: error: operator "defined" requires an identifier
 #if defined __ICC && (defined __unix || defined )
                                                 ^
conftest.cpp:29:22: error: missing ')' in expression
 #if defined __ICC && (defined __unix || defined )
                      ^
conftest.cpp:32:3: error: #error defined __ICC && (defined __unix || defined )
 # error defined __ICC && (defined __unix || defined )
   ^
configure:17145: $? = 1
configure: failed program was:
| /* confdefs.h */
| #define PACKAGE_NAME "nanocube"
| #define PACKAGE_TARNAME "nanocube"
| #define PACKAGE_VERSION "0.0.1"
| #define PACKAGE_STRING "nanocube 0.0.1"
| #define PACKAGE_BUGREPORT "lauro.lins@gmail.com"
| #define PACKAGE_URL ""
| #define PACKAGE "nanocube"
| #define VERSION "0.0.1"
| #define STDC_HEADERS 1
| #define HAVE_SYS_TYPES_H 1
| #define HAVE_SYS_STAT_H 1
| #define HAVE_STDLIB_H 1
| #define HAVE_STRING_H 1
| #define HAVE_MEMORY_H 1
| #define HAVE_STRINGS_H 1
| #define HAVE_INTTYPES_H 1
| #define HAVE_STDINT_H 1
| #define HAVE_UNISTD_H 1
| #define HAVE_DLFCN_H 1
| #define LT_OBJDIR ".libs/"
| #define HAVE_LIBDL 1
| #define HAVE_DLERROR 1
| #define HAVE_LIBDLLOADER 1
| #define HAVE_LIBZ 1
| #define HAVE_BOOST 1
| /* end confdefs.h.  */
| 
| #if defined __ICC && (defined __unix || defined )
| /* OK */
| #else
| # error defined __ICC && (defined __unix || defined )
| #endif
| 
| int
| main ()
| {
| 
|   ;
|   return 0;
| }
configure:17145: g++ -c -O3 -std=c++11  -I/usr/include -I/usr/include conftest.cpp >&5
conftest.cpp:32:3: error: #error defined __ICL
 # error defined __ICL
   ^
configure:17145: $? = 1
configure: failed program was:
| /* confdefs.h */
| #define PACKAGE_NAME "nanocube"
| #define PACKAGE_TARNAME "nanocube"
| #define PACKAGE_VERSION "0.0.1"
| #define PACKAGE_STRING "nanocube 0.0.1"
| #define PACKAGE_BUGREPORT "lauro.lins@gmail.com"
| #define PACKAGE_URL ""
| #define PACKAGE "nanocube"
| #define VERSION "0.0.1"
| #define STDC_HEADERS 1
| #define HAVE_SYS_TYPES_H 1
| #define HAVE_SYS_STAT_H 1
| #define HAVE_STDLIB_H 1
| #define HAVE_STRING_H 1
| #define HAVE_MEMORY_H 1
| #define HAVE_STRINGS_H 1
| #define HAVE_INTTYPES_H 1
| #define HAVE_STDINT_H 1
| #define HAVE_UNISTD_H 1
| #define HAVE_DLFCN_H 1
| #define LT_OBJDIR ".libs/"
| #define HAVE_LIBDL 1
| #define HAVE_DLERROR 1
| #define HAVE_LIBDLLOADER 1
| #define HAVE_LIBZ 1
| #define HAVE_BOOST 1
| /* end confdefs.h.  */
| 
| #if defined __ICL
| /* OK */
| #else
| # error defined __ICL
| #endif
| 
| int
| main ()
| {
| 
|   ;
|   return 0;
| }
configure:17145: g++ -c -O3 -std=c++11  -I/usr/include -I/usr/include conftest.cpp >&5
conftest.cpp:32:3: error: #error defined _MSC_VER && _MSC_VER == 1300
 # error defined _MSC_VER && _MSC_VER == 1300
   ^
configure:17145: $? = 1
configure: failed program was:
| /* confdefs.h */
| #define PACKAGE_NAME "nanocube"
| #define PACKAGE_TARNAME "nanocube"
| #define PACKAGE_VERSION "0.0.1"
| #define PACKAGE_STRING "nanocube 0.0.1"
| #define PACKAGE_BUGREPORT "lauro.lins@gmail.com"
| #define PACKAGE_URL ""
| #define PACKAGE "nanocube"
| #define VERSION "0.0.1"
| #define STDC_HEADERS 1
| #define HAVE_SYS_TYPES_H 1
| #define HAVE_SYS_STAT_H 1
| #define HAVE_STDLIB_H 1
| #define HAVE_STRING_H 1
| #define HAVE_MEMORY_H 1
| #define HAVE_STRINGS_H 1
| #define HAVE_INTTYPES_H 1
| #define HAVE_STDINT_H 1
| #define HAVE_UNISTD_H 1
| #define HAVE_DLFCN_H 1
| #define LT_OBJDIR ".libs/"
| #define HAVE_LIBDL 1
| #define HAVE_DLERROR 1
| #define HAVE_LIBDLLOADER 1
| #define HAVE_LIBZ 1
| #define HAVE_BOOST 1
| /* end confdefs.h.  */
| 
| #if defined _MSC_VER && _MSC_VER == 1300
| /* OK */
| #else
| # error defined _MSC_VER && _MSC_VER == 1300
| #endif
| 
| int
| main ()
| {
| 
|   ;
|   return 0;
| }
configure:17145: g++ -c -O3 -std=c++11  -I/usr/include -I/usr/include conftest.cpp >&5
conftest.cpp:32:3: error: #error defined __GNUC__ && __GNUC__ == 2 && __GNUC_MINOR__ == 95 && !defined __ICC
 # error defined __GNUC__ && __GNUC__ == 2 && __GNUC_MINOR__ == 95 && !defined __ICC
   ^
configure:17145: $? = 1
configure: failed program was:
| /* confdefs.h */
| #define PACKAGE_NAME "nanocube"
| #define PACKAGE_TARNAME "nanocube"
| #define PACKAGE_VERSION "0.0.1"
| #define PACKAGE_STRING "nanocube 0.0.1"
| #define PACKAGE_BUGREPORT "lauro.lins@gmail.com"
| #define PACKAGE_URL ""
| #define PACKAGE "nanocube"
| #define VERSION "0.0.1"
| #define STDC_HEADERS 1
| #define HAVE_SYS_TYPES_H 1
| #define HAVE_SYS_STAT_H 1
| #define HAVE_STDLIB_H 1
| #define HAVE_STRING_H 1
| #define HAVE_MEMORY_H 1
| #define HAVE_STRINGS_H 1
| #define HAVE_INTTYPES_H 1
| #define HAVE_STDINT_H 1
| #define HAVE_UNISTD_H 1
| #define HAVE_DLFCN_H 1
| #define LT_OBJDIR ".libs/"
| #define HAVE_LIBDL 1
| #define HAVE_DLERROR 1
| #define HAVE_LIBDLLOADER 1
| #define HAVE_LIBZ 1
| #define HAVE_BOOST 1
| /* end confdefs.h.  */
| 
| #if defined __GNUC__ && __GNUC__ == 2 && __GNUC_MINOR__ == 95 && !defined __ICC
| /* OK */
| #else
| # error defined __GNUC__ && __GNUC__ == 2 && __GNUC_MINOR__ == 95 && !defined __ICC
| #endif
| 
| int
| main ()
| {
| 
|   ;
|   return 0;
| }
configure:17145: g++ -c -O3 -std=c++11  -I/usr/include -I/usr/include conftest.cpp >&5
conftest.cpp:32:3: error: #error defined __MWERKS__ && __MWERKS__ <= 0x32FF
 # error defined __MWERKS__ && __MWERKS__ <= 0x32FF
   ^
configure:17145: $? = 1
configure: failed program was:
| /* confdefs.h */
| #define PACKAGE_NAME "nanocube"
| #define PACKAGE_TARNAME "nanocube"
| #define PACKAGE_VERSION "0.0.1"
| #define PACKAGE_STRING "nanocube 0.0.1"
| #define PACKAGE_BUGREPORT "lauro.lins@gmail.com"
| #define PACKAGE_URL ""
| #define PACKAGE "nanocube"
| #define VERSION "0.0.1"
| #define STDC_HEADERS 1
| #define HAVE_SYS_TYPES_H 1
| #define HAVE_SYS_STAT_H 1
| #define HAVE_STDLIB_H 1
| #define HAVE_STRING_H 1
| #define HAVE_MEMORY_H 1
| #define HAVE_STRINGS_H 1
| #define HAVE_INTTYPES_H 1
| #define HAVE_STDINT_H 1
| #define HAVE_UNISTD_H 1
| #define HAVE_DLFCN_H 1
| #define LT_OBJDIR ".libs/"
| #define HAVE_LIBDL 1
| #define HAVE_DLERROR 1
| #define HAVE_LIBDLLOADER 1
| #define HAVE_LIBZ 1
| #define HAVE_BOOST 1
| /* end confdefs.h.  */
| 
| #if defined __MWERKS__ && __MWERKS__ <= 0x32FF
| /* OK */
| #else
| # error defined __MWERKS__ && __MWERKS__ <= 0x32FF
| #endif
| 
| int
| main ()
| {
| 
|   ;
|   return 0;
| }
configure:17145: g++ -c -O3 -std=c++11  -I/usr/include -I/usr/include conftest.cpp >&5
conftest.cpp:32:3: error: #error defined _MSC_VER && _MSC_VER < 1300 && !defined UNDER_CE
 # error defined _MSC_VER && _MSC_VER < 1300 && !defined UNDER_CE
   ^
configure:17145: $? = 1
configure: failed program was:
| /* confdefs.h */
| #define PACKAGE_NAME "nanocube"
| #define PACKAGE_TARNAME "nanocube"
| #define PACKAGE_VERSION "0.0.1"
| #define PACKAGE_STRING "nanocube 0.0.1"
| #define PACKAGE_BUGREPORT "lauro.lins@gmail.com"
| #define PACKAGE_URL ""
| #define PACKAGE "nanocube"
| #define VERSION "0.0.1"
| #define STDC_HEADERS 1
| #define HAVE_SYS_TYPES_H 1
| #define HAVE_SYS_STAT_H 1
| #define HAVE_STDLIB_H 1
| #define HAVE_STRING_H 1
| #define HAVE_MEMORY_H 1
| #define HAVE_STRINGS_H 1
| #define HAVE_INTTYPES_H 1
| #define HAVE_STDINT_H 1
| #define HAVE_UNISTD_H 1
| #define HAVE_DLFCN_H 1
| #define LT_OBJDIR ".libs/"
| #define HAVE_LIBDL 1
| #define HAVE_DLERROR 1
| #define HAVE_LIBDLLOADER 1
| #define HAVE_LIBZ 1
| #define HAVE_BOOST 1
| /* end confdefs.h.  */
| 
| #if defined _MSC_VER && _MSC_VER < 1300 && !defined UNDER_CE
| /* OK */
| #else
| # error defined _MSC_VER && _MSC_VER < 1300 && !defined UNDER_CE
| #endif
| 
| int
| main ()
| {
| 
|   ;
|   return 0;
| }
configure:17145: g++ -c -O3 -std=c++11  -I/usr/include -I/usr/include conftest.cpp >&5
conftest.cpp:32:3: error: #error defined _MSC_VER && _MSC_VER < 1300 && defined UNDER_CE
 # error defined _MSC_VER && _MSC_VER < 1300 && defined UNDER_CE
   ^
configure:17145: $? = 1
configure: failed program was:
| /* confdefs.h */
| #define PACKAGE_NAME "nanocube"
| #define PACKAGE_TARNAME "nanocube"
| #define PACKAGE_VERSION "0.0.1"
| #define PACKAGE_STRING "nanocube 0.0.1"
| #define PACKAGE_BUGREPORT "lauro.lins@gmail.com"
| #define PACKAGE_URL ""
| #define PACKAGE "nanocube"
| #define VERSION "0.0.1"
| #define STDC_HEADERS 1
| #define HAVE_SYS_TYPES_H 1
| #define HAVE_SYS_STAT_H 1
| #define HAVE_STDLIB_H 1
| #define HAVE_STRING_H 1
| #define HAVE_MEMORY_H 1
| #define HAVE_STRINGS_H 1
| #define HAVE_INTTYPES_H 1
| #define HAVE_STDINT_H 1
| #define HAVE_UNISTD_H 1
| #define HAVE_DLFCN_H 1
| #define LT_OBJDIR ".libs/"
| #define HAVE_LIBDL 1
| #define HAVE_DLERROR 1
| #define HAVE_LIBDLLOADER 1
| #define HAVE_LIBZ 1
| #define HAVE_BOOST 1
| /* end confdefs.h.  */
| 
| #if defined _MSC_VER && _MSC_VER < 1300 && defined UNDER_CE
| /* OK */
| #else
| # error defined _MSC_VER && _MSC_VER < 1300 && defined UNDER_CE
| #endif
| 
| int
| main ()
| {
| 
|   ;
|   return 0;
| }
configure:17145: g++ -c -O3 -std=c++11  -I/usr/include -I/usr/include conftest.cpp >&5
conftest.cpp:32:3: error: #error defined __MWERKS__ && __MWERKS__ <= 0x31FF
 # error defined __MWERKS__ && __MWERKS__ <= 0x31FF
   ^
configure:17145: $? = 1
configure: failed program was:
| /* confdefs.h */
| #define PACKAGE_NAME "nanocube"
| #define PACKAGE_TARNAME "nanocube"
| #define PACKAGE_VERSION "0.0.1"
| #define PACKAGE_STRING "nanocube 0.0.1"
| #define PACKAGE_BUGREPORT "lauro.lins@gmail.com"
| #define PACKAGE_URL ""
| #define PACKAGE "nanocube"
| #define VERSION "0.0.1"
| #define STDC_HEADERS 1
| #define HAVE_SYS_TYPES_H 1
| #define HAVE_SYS_STAT_H 1
| #define HAVE_STDLIB_H 1
| #define HAVE_STRING_H 1
| #define HAVE_MEMORY_H 1
| #define HAVE_STRINGS_H 1
| #define HAVE_INTTYPES_H 1
| #define HAVE_STDINT_H 1
| #define HAVE_UNISTD_H 1
| #define HAVE_DLFCN_H 1
| #define LT_OBJDIR ".libs/"
| #define HAVE_LIBDL 1
| #define HAVE_DLERROR 1
| #define HAVE_LIBDLLOADER 1
| #define HAVE_LIBZ 1
| #define HAVE_BOOST 1
| /* end confdefs.h.  */
| 
| #if defined __MWERKS__ && __MWERKS__ <= 0x31FF
| /* OK */
| #else
| # error defined __MWERKS__ && __MWERKS__ <= 0x31FF
| #endif
| 
| int
| main ()
| {
| 
|   ;
|   return 0;
| }
configure:17173: WARNING: could not figure out which toolset name to use for g++
configure:17180: result: 
configure:17212: g++ -c -O3 -std=c++11  -I/usr/include -I/usr/include conftest.cpp >&5
conftest.cpp:32:3: error: #error MT not needed
 # error MT not needed
   ^
configure:17212: $? = 1
configure: failed program was:
| /* confdefs.h */
| #define PACKAGE_NAME "nanocube"
| #define PACKAGE_TARNAME "nanocube"
| #define PACKAGE_VERSION "0.0.1"
| #define PACKAGE_STRING "nanocube 0.0.1"
| #define PACKAGE_BUGREPORT "lauro.lins@gmail.com"
| #define PACKAGE_URL ""
| #define PACKAGE "nanocube"
| #define VERSION "0.0.1"
| #define STDC_HEADERS 1
| #define HAVE_SYS_TYPES_H 1
| #define HAVE_SYS_STAT_H 1
| #define HAVE_STDLIB_H 1
| #define HAVE_STRING_H 1
| #define HAVE_MEMORY_H 1
| #define HAVE_STRINGS_H 1
| #define HAVE_INTTYPES_H 1
| #define HAVE_STDINT_H 1
| #define HAVE_UNISTD_H 1
| #define HAVE_DLFCN_H 1
| #define LT_OBJDIR ".libs/"
| #define HAVE_LIBDL 1
| #define HAVE_DLERROR 1
| #define HAVE_LIBDLLOADER 1
| #define HAVE_LIBZ 1
| #define HAVE_BOOST 1
| /* end confdefs.h.  */
| 
| #if defined _REENTRANT || defined _MT || defined __MT__
| /* use -mt */
| #else
| # error MT not needed
| #endif
| 
| int
| main ()
| {
| 
|   ;
|   return 0;
| }
configure:17249: checking boost/system/error_code.hpp usability
configure:17249: g++ -c -O3 -std=c++11  -I/usr/include -I/usr/include  conftest.cpp >&5
configure:17249: $? = 0
configure:17249: result: yes
configure:17249: checking boost/system/error_code.hpp presence
configure:17249: g++ -E  -I/usr/include -I/usr/include  conftest.cpp
configure:17249: $? = 0
configure:17249: result: yes
configure:17249: checking for boost/system/error_code.hpp
configure:17249: result: yes
configure:17269: checking for the Boost system library
configure:17311: g++ -c -O3 -std=c++11  -I/usr/include -I/usr/include  conftest.cpp >&5
configure:17311: $? = 0
configure:17366: re-using the existing conftest.o
configure:17372: g++ -o conftest -O3 -std=c++11  -I/usr/include -I/usr/include   -L/usr/lib -L/usr/lib conftest.o -lboost_system--mt-1_64 -lz  >&5
/usr/bin/ld: cannot find -lboost_system--mt-1_64
collect2: error: ld returned 1 exit status
configure:17381: $? = 1
configure:17366: re-using the existing conftest.o
configure:17372: g++ -o conftest -O3 -std=c++11  -I/usr/include -I/usr/include   -L/usr/lib -L/usr/lib -L/usr/local/lib conftest.o -lboost_system--mt-1_64 -lz  >&5
/usr/bin/ld: cannot find -lboost_system--mt-1_64
collect2: error: ld returned 1 exit status
configure:17381: $? = 1
configure:17366: re-using the existing conftest.o
configure:17372: g++ -o conftest -O3 -std=c++11  -I/usr/include -I/usr/include   -L/usr/lib -L/usr/lib -L/usr/lib conftest.o -lboost_system--mt-1_64 -lz  >&5
/usr/bin/ld: cannot find -lboost_system--mt-1_64
collect2: error: ld returned 1 exit status
configure:17381: $? = 1
configure:17366: re-using the existing conftest.o
configure:17372: g++ -o conftest -O3 -std=c++11  -I/usr/include -I/usr/include   -L/usr/lib -L/usr/lib conftest.o -lboost_system--mt-1_64 -lz  >&5
/usr/bin/ld: cannot find -lboost_system--mt-1_64
collect2: error: ld returned 1 exit status
configure:17381: $? = 1
configure:17366: re-using the existing conftest.o
configure:17372: g++ -o conftest -O3 -std=c++11  -I/usr/include -I/usr/include   -L/usr/lib -L/usr/lib -L/lib conftest.o -lboost_system--mt-1_64 -lz  >&5
/usr/bin/ld: cannot find -lboost_system--mt-1_64
collect2: error: ld returned 1 exit status
configure:17381: $? = 1
configure:17366: re-using the existing conftest.o
configure:17372: g++ -o conftest -O3 -std=c++11  -I/usr/include -I/usr/include   -L/usr/lib -L/usr/lib -L/lib64 conftest.o -lboost_system--mt-1_64 -lz  >&5
/usr/bin/ld: cannot find -lboost_system--mt-1_64
collect2: error: ld returned 1 exit status
configure:17381: $? = 1
configure:17366: re-using the existing conftest.o
configure:17372: g++ -o conftest -O3 -std=c++11  -I/usr/include -I/usr/include   -L/usr/lib -L/usr/lib conftest.o -lboost_system--1_64 -lz  >&5
/usr/bin/ld: cannot find -lboost_system--1_64
collect2: error: ld returned 1 exit status
configure:17381: $? = 1
configure:17366: re-using the existing conftest.o
configure:17372: g++ -o conftest -O3 -std=c++11  -I/usr/include -I/usr/include   -L/usr/lib -L/usr/lib -L/usr/local/lib conftest.o -lboost_system--1_64 -lz  >&5
/usr/bin/ld: cannot find -lboost_system--1_64
collect2: error: ld returned 1 exit status
configure:17381: $? = 1
configure:17366: re-using the existing conftest.o
configure:17372: g++ -o conftest -O3 -std=c++11  -I/usr/include -I/usr/include   -L/usr/lib -L/usr/lib -L/usr/lib conftest.o -lboost_system--1_64 -lz  >&5
/usr/bin/ld: cannot find -lboost_system--1_64
collect2: error: ld returned 1 exit status
configure:17381: $? = 1
configure:17366: re-using the existing conftest.o
configure:17372: g++ -o conftest -O3 -std=c++11  -I/usr/include -I/usr/include   -L/usr/lib -L/usr/lib conftest.o -lboost_system--1_64 -lz  >&5
/usr/bin/ld: cannot find -lboost_system--1_64
collect2: error: ld returned 1 exit status
configure:17381: $? = 1
configure:17366: re-using the existing conftest.o
configure:17372: g++ -o conftest -O3 -std=c++11  -I/usr/include -I/usr/include   -L/usr/lib -L/usr/lib -L/lib conftest.o -lboost_system--1_64 -lz  >&5
/usr/bin/ld: cannot find -lboost_system--1_64
collect2: error: ld returned 1 exit status
configure:17381: $? = 1
configure:17366: re-using the existing conftest.o
configure:17372: g++ -o conftest -O3 -std=c++11  -I/usr/include -I/usr/include   -L/usr/lib -L/usr/lib -L/lib64 conftest.o -lboost_system--1_64 -lz  >&5
/usr/bin/ld: cannot find -lboost_system--1_64
collect2: error: ld returned 1 exit status
configure:17381: $? = 1
configure:17366: re-using the existing conftest.o
configure:17372: g++ -o conftest -O3 -std=c++11  -I/usr/include -I/usr/include   -L/usr/lib -L/usr/lib conftest.o -lboost_system--mt-d-1_64 -lz  >&5
/usr/bin/ld: cannot find -lboost_system--mt-d-1_64
collect2: error: ld returned 1 exit status
configure:17381: $? = 1
configure:17366: re-using the existing conftest.o
configure:17372: g++ -o conftest -O3 -std=c++11  -I/usr/include -I/usr/include   -L/usr/lib -L/usr/lib -L/usr/local/lib conftest.o -lboost_system--mt-d-1_64 -lz  >&5
/usr/bin/ld: cannot find -lboost_system--mt-d-1_64
collect2: error: ld returned 1 exit status
configure:17381: $? = 1
configure:17366: re-using the existing conftest.o
configure:17372: g++ -o conftest -O3 -std=c++11  -I/usr/include -I/usr/include   -L/usr/lib -L/usr/lib -L/usr/lib conftest.o -lboost_system--mt-d-1_64 -lz  >&5
/usr/bin/ld: cannot find -lboost_system--mt-d-1_64
collect2: error: ld returned 1 exit status
configure:17381: $? = 1
configure:17366: re-using the existing conftest.o
configure:17372: g++ -o conftest -O3 -std=c++11  -I/usr/include -I/usr/include   -L/usr/lib -L/usr/lib conftest.o -lboost_system--mt-d-1_64 -lz  >&5
/usr/bin/ld: cannot find -lboost_system--mt-d-1_64
collect2: error: ld returned 1 exit status
configure:17381: $? = 1
configure:17366: re-using the existing conftest.o
configure:17372: g++ -o conftest -O3 -std=c++11  -I/usr/include -I/usr/include   -L/usr/lib -L/usr/lib -L/lib conftest.o -lboost_system--mt-d-1_64 -lz  >&5
/usr/bin/ld: cannot find -lboost_system--mt-d-1_64
collect2: error: ld returned 1 exit status
configure:17381: $? = 1
configure:17366: re-using the existing conftest.o
configure:17372: g++ -o conftest -O3 -std=c++11  -I/usr/include -I/usr/include   -L/usr/lib -L/usr/lib -L/lib64 conftest.o -lboost_system--mt-d-1_64 -lz  >&5
/usr/bin/ld: cannot find -lboost_system--mt-d-1_64
collect2: error: ld returned 1 exit status
configure:17381: $? = 1
configure:17366: re-using the existing conftest.o
configure:17372: g++ -o conftest -O3 -std=c++11  -I/usr/include -I/usr/include   -L/usr/lib -L/usr/lib conftest.o -lboost_system--d-1_64 -lz  >&5
/usr/bin/ld: cannot find -lboost_system--d-1_64
collect2: error: ld returned 1 exit status
configure:17381: $? = 1
configure:17366: re-using the existing conftest.o
configure:17372: g++ -o conftest -O3 -std=c++11  -I/usr/include -I/usr/include   -L/usr/lib -L/usr/lib -L/usr/local/lib conftest.o -lboost_system--d-1_64 -lz  >&5
/usr/bin/ld: cannot find -lboost_system--d-1_64
collect2: error: ld returned 1 exit status
configure:17381: $? = 1
configure:17366: re-using the existing conftest.o
configure:17372: g++ -o conftest -O3 -std=c++11  -I/usr/include -I/usr/include   -L/usr/lib -L/usr/lib -L/usr/lib conftest.o -lboost_system--d-1_64 -lz  >&5
/usr/bin/ld: cannot find -lboost_system--d-1_64
collect2: error: ld returned 1 exit status
configure:17381: $? = 1
configure:17366: re-using the existing conftest.o
configure:17372: g++ -o conftest -O3 -std=c++11  -I/usr/include -I/usr/include   -L/usr/lib -L/usr/lib conftest.o -lboost_system--d-1_64 -lz  >&5
/usr/bin/ld: cannot find -lboost_system--d-1_64
collect2: error: ld returned 1 exit status
configure:17381: $? = 1
configure:17366: re-using the existing conftest.o
configure:17372: g++ -o conftest -O3 -std=c++11  -I/usr/include -I/usr/include   -L/usr/lib -L/usr/lib -L/lib conftest.o -lboost_system--d-1_64 -lz  >&5
/usr/bin/ld: cannot find -lboost_system--d-1_64
collect2: error: ld returned 1 exit status
configure:17381: $? = 1
configure:17366: re-using the existing conftest.o
configure:17372: g++ -o conftest -O3 -std=c++11  -I/usr/include -I/usr/include   -L/usr/lib -L/usr/lib -L/lib64 conftest.o -lboost_system--d-1_64 -lz  >&5
/usr/bin/ld: cannot find -lboost_system--d-1_64
collect2: error: ld returned 1 exit status
configure:17381: $? = 1
configure:17366: re-using the existing conftest.o
configure:17372: g++ -o conftest -O3 -std=c++11  -I/usr/include -I/usr/include   -L/usr/lib -L/usr/lib conftest.o -lboost_system--mt -lz  >&5
/usr/bin/ld: cannot find -lboost_system--mt
collect2: error: ld returned 1 exit status
configure:17381: $? = 1
configure:17366: re-using the existing conftest.o
configure:17372: g++ -o conftest -O3 -std=c++11  -I/usr/include -I/usr/include   -L/usr/lib -L/usr/lib -L/usr/local/lib conftest.o -lboost_system--mt -lz  >&5
/usr/bin/ld: cannot find -lboost_system--mt
collect2: error: ld returned 1 exit status
configure:17381: $? = 1
configure:17366: re-using the existing conftest.o
configure:17372: g++ -o conftest -O3 -std=c++11  -I/usr/include -I/usr/include   -L/usr/lib -L/usr/lib -L/usr/lib conftest.o -lboost_system--mt -lz  >&5
/usr/bin/ld: cannot find -lboost_system--mt
collect2: error: ld returned 1 exit status
configure:17381: $? = 1
configure:17366: re-using the existing conftest.o
configure:17372: g++ -o conftest -O3 -std=c++11  -I/usr/include -I/usr/include   -L/usr/lib -L/usr/lib conftest.o -lboost_system--mt -lz  >&5
/usr/bin/ld: cannot find -lboost_system--mt
collect2: error: ld returned 1 exit status
configure:17381: $? = 1
configure:17366: re-using the existing conftest.o
configure:17372: g++ -o conftest -O3 -std=c++11  -I/usr/include -I/usr/include   -L/usr/lib -L/usr/lib -L/lib conftest.o -lboost_system--mt -lz  >&5
/usr/bin/ld: cannot find -lboost_system--mt
collect2: error: ld returned 1 exit status
configure:17381: $? = 1
configure:17366: re-using the existing conftest.o
configure:17372: g++ -o conftest -O3 -std=c++11  -I/usr/include -I/usr/include   -L/usr/lib -L/usr/lib -L/lib64 conftest.o -lboost_system--mt -lz  >&5
/usr/bin/ld: cannot find -lboost_system--mt
collect2: error: ld returned 1 exit status
configure:17381: $? = 1
configure:17366: re-using the existing conftest.o
configure:17372: g++ -o conftest -O3 -std=c++11  -I/usr/include -I/usr/include   -L/usr/lib -L/usr/lib conftest.o -lboost_system- -lz  >&5
/usr/bin/ld: cannot find -lboost_system-
collect2: error: ld returned 1 exit status
configure:17381: $? = 1
configure:17366: re-using the existing conftest.o
configure:17372: g++ -o conftest -O3 -std=c++11  -I/usr/include -I/usr/include   -L/usr/lib -L/usr/lib -L/usr/local/lib conftest.o -lboost_system- -lz  >&5
/usr/bin/ld: cannot find -lboost_system-
collect2: error: ld returned 1 exit status
configure:17381: $? = 1
configure:17366: re-using the existing conftest.o
configure:17372: g++ -o conftest -O3 -std=c++11  -I/usr/include -I/usr/include   -L/usr/lib -L/usr/lib -L/usr/lib conftest.o -lboost_system- -lz  >&5
/usr/bin/ld: cannot find -lboost_system-
collect2: error: ld returned 1 exit status
configure:17381: $? = 1
configure:17366: re-using the existing conftest.o
configure:17372: g++ -o conftest -O3 -std=c++11  -I/usr/include -I/usr/include   -L/usr/lib -L/usr/lib conftest.o -lboost_system- -lz  >&5
/usr/bin/ld: cannot find -lboost_system-
collect2: error: ld returned 1 exit status
configure:17381: $? = 1
configure:17366: re-using the existing conftest.o
configure:17372: g++ -o conftest -O3 -std=c++11  -I/usr/include -I/usr/include   -L/usr/lib -L/usr/lib -L/lib conftest.o -lboost_system- -lz  >&5
/usr/bin/ld: cannot find -lboost_system-
collect2: error: ld returned 1 exit status
configure:17381: $? = 1
configure:17366: re-using the existing conftest.o
configure:17372: g++ -o conftest -O3 -std=c++11  -I/usr/include -I/usr/include   -L/usr/lib -L/usr/lib -L/lib64 conftest.o -lboost_system- -lz  >&5
/usr/bin/ld: cannot find -lboost_system-
collect2: error: ld returned 1 exit status
configure:17381: $? = 1
configure:17366: re-using the existing conftest.o
configure:17372: g++ -o conftest -O3 -std=c++11  -I/usr/include -I/usr/include   -L/usr/lib -L/usr/lib conftest.o -lboost_system--mt-d -lz  >&5
/usr/bin/ld: cannot find -lboost_system--mt-d
collect2: error: ld returned 1 exit status
configure:17381: $? = 1
configure:17366: re-using the existing conftest.o
configure:17372: g++ -o conftest -O3 -std=c++11  -I/usr/include -I/usr/include   -L/usr/lib -L/usr/lib -L/usr/local/lib conftest.o -lboost_system--mt-d -lz  >&5
/usr/bin/ld: cannot find -lboost_system--mt-d
collect2: error: ld returned 1 exit status
configure:17381: $? = 1
configure:17366: re-using the existing conftest.o
configure:17372: g++ -o conftest -O3 -std=c++11  -I/usr/include -I/usr/include   -L/usr/lib -L/usr/lib -L/usr/lib conftest.o -lboost_system--mt-d -lz  >&5
/usr/bin/ld: cannot find -lboost_system--mt-d
collect2: error: ld returned 1 exit status
configure:17381: $? = 1
configure:17366: re-using the existing conftest.o
configure:17372: g++ -o conftest -O3 -std=c++11  -I/usr/include -I/usr/include   -L/usr/lib -L/usr/lib conftest.o -lboost_system--mt-d -lz  >&5
/usr/bin/ld: cannot find -lboost_system--mt-d
collect2: error: ld returned 1 exit status
configure:17381: $? = 1
configure:17366: re-using the existing conftest.o
configure:17372: g++ -o conftest -O3 -std=c++11  -I/usr/include -I/usr/include   -L/usr/lib -L/usr/lib -L/lib conftest.o -lboost_system--mt-d -lz  >&5
/usr/bin/ld: cannot find -lboost_system--mt-d
collect2: error: ld returned 1 exit status
configure:17381: $? = 1
configure:17366: re-using the existing conftest.o
configure:17372: g++ -o conftest -O3 -std=c++11  -I/usr/include -I/usr/include   -L/usr/lib -L/usr/lib -L/lib64 conftest.o -lboost_system--mt-d -lz  >&5
/usr/bin/ld: cannot find -lboost_system--mt-d
collect2: error: ld returned 1 exit status
configure:17381: $? = 1
configure:17366: re-using the existing conftest.o
configure:17372: g++ -o conftest -O3 -std=c++11  -I/usr/include -I/usr/include   -L/usr/lib -L/usr/lib conftest.o -lboost_system--d -lz  >&5
/usr/bin/ld: cannot find -lboost_system--d
collect2: error: ld returned 1 exit status
configure:17381: $? = 1
configure:17366: re-using the existing conftest.o
configure:17372: g++ -o conftest -O3 -std=c++11  -I/usr/include -I/usr/include   -L/usr/lib -L/usr/lib -L/usr/local/lib conftest.o -lboost_system--d -lz  >&5
/usr/bin/ld: cannot find -lboost_system--d
collect2: error: ld returned 1 exit status
configure:17381: $? = 1
configure:17366: re-using the existing conftest.o
configure:17372: g++ -o conftest -O3 -std=c++11  -I/usr/include -I/usr/include   -L/usr/lib -L/usr/lib -L/usr/lib conftest.o -lboost_system--d -lz  >&5
/usr/bin/ld: cannot find -lboost_system--d
collect2: error: ld returned 1 exit status
configure:17381: $? = 1
configure:17366: re-using the existing conftest.o
configure:17372: g++ -o conftest -O3 -std=c++11  -I/usr/include -I/usr/include   -L/usr/lib -L/usr/lib conftest.o -lboost_system--d -lz  >&5
/usr/bin/ld: cannot find -lboost_system--d
collect2: error: ld returned 1 exit status
configure:17381: $? = 1
configure:17366: re-using the existing conftest.o
configure:17372: g++ -o conftest -O3 -std=c++11  -I/usr/include -I/usr/include   -L/usr/lib -L/usr/lib -L/lib conftest.o -lboost_system--d -lz  >&5
/usr/bin/ld: cannot find -lboost_system--d
collect2: error: ld returned 1 exit status
configure:17381: $? = 1
configure:17366: re-using the existing conftest.o
configure:17372: g++ -o conftest -O3 -std=c++11  -I/usr/include -I/usr/include   -L/usr/lib -L/usr/lib -L/lib64 conftest.o -lboost_system--d -lz  >&5
/usr/bin/ld: cannot find -lboost_system--d
collect2: error: ld returned 1 exit status
configure:17381: $? = 1
configure:17366: re-using the existing conftest.o
configure:17372: g++ -o conftest -O3 -std=c++11  -I/usr/include -I/usr/include   -L/usr/lib -L/usr/lib conftest.o -lboost_system-mt-1_64 -lz  >&5
/usr/bin/ld: cannot find -lboost_system-mt-1_64
collect2: error: ld returned 1 exit status
configure:17381: $? = 1
configure:17366: re-using the existing conftest.o
configure:17372: g++ -o conftest -O3 -std=c++11  -I/usr/include -I/usr/include   -L/usr/lib -L/usr/lib -L/usr/local/lib conftest.o -lboost_system-mt-1_64 -lz  >&5
/usr/bin/ld: cannot find -lboost_system-mt-1_64
collect2: error: ld returned 1 exit status
configure:17381: $? = 1
configure:17366: re-using the existing conftest.o
configure:17372: g++ -o conftest -O3 -std=c++11  -I/usr/include -I/usr/include   -L/usr/lib -L/usr/lib -L/usr/lib conftest.o -lboost_system-mt-1_64 -lz  >&5
/usr/bin/ld: cannot find -lboost_system-mt-1_64
collect2: error: ld returned 1 exit status
configure:17381: $? = 1
configure:17366: re-using the existing conftest.o
configure:17372: g++ -o conftest -O3 -std=c++11  -I/usr/include -I/usr/include   -L/usr/lib -L/usr/lib conftest.o -lboost_system-mt-1_64 -lz  >&5
/usr/bin/ld: cannot find -lboost_system-mt-1_64
collect2: error: ld returned 1 exit status
configure:17381: $? = 1
configure:17366: re-using the existing conftest.o
configure:17372: g++ -o conftest -O3 -std=c++11  -I/usr/include -I/usr/include   -L/usr/lib -L/usr/lib -L/lib conftest.o -lboost_system-mt-1_64 -lz  >&5
/usr/bin/ld: cannot find -lboost_system-mt-1_64
collect2: error: ld returned 1 exit status
configure:17381: $? = 1
configure:17366: re-using the existing conftest.o
configure:17372: g++ -o conftest -O3 -std=c++11  -I/usr/include -I/usr/include   -L/usr/lib -L/usr/lib -L/lib64 conftest.o -lboost_system-mt-1_64 -lz  >&5
/usr/bin/ld: cannot find -lboost_system-mt-1_64
collect2: error: ld returned 1 exit status
configure:17381: $? = 1
configure:17366: re-using the existing conftest.o
configure:17372: g++ -o conftest -O3 -std=c++11  -I/usr/include -I/usr/include   -L/usr/lib -L/usr/lib conftest.o -lboost_system-1_64 -lz  >&5
/usr/bin/ld: cannot find -lboost_system-1_64
collect2: error: ld returned 1 exit status
configure:17381: $? = 1
configure:17366: re-using the existing conftest.o
configure:17372: g++ -o conftest -O3 -std=c++11  -I/usr/include -I/usr/include   -L/usr/lib -L/usr/lib -L/usr/local/lib conftest.o -lboost_system-1_64 -lz  >&5
/usr/bin/ld: cannot find -lboost_system-1_64
collect2: error: ld returned 1 exit status
configure:17381: $? = 1
configure:17366: re-using the existing conftest.o
configure:17372: g++ -o conftest -O3 -std=c++11  -I/usr/include -I/usr/include   -L/usr/lib -L/usr/lib -L/usr/lib conftest.o -lboost_system-1_64 -lz  >&5
/usr/bin/ld: cannot find -lboost_system-1_64
collect2: error: ld returned 1 exit status
configure:17381: $? = 1
configure:17366: re-using the existing conftest.o
configure:17372: g++ -o conftest -O3 -std=c++11  -I/usr/include -I/usr/include   -L/usr/lib -L/usr/lib conftest.o -lboost_system-1_64 -lz  >&5
/usr/bin/ld: cannot find -lboost_system-1_64
collect2: error: ld returned 1 exit status
configure:17381: $? = 1
configure:17366: re-using the existing conftest.o
configure:17372: g++ -o conftest -O3 -std=c++11  -I/usr/include -I/usr/include   -L/usr/lib -L/usr/lib -L/lib conftest.o -lboost_system-1_64 -lz  >&5
/usr/bin/ld: cannot find -lboost_system-1_64
collect2: error: ld returned 1 exit status
configure:17381: $? = 1
configure:17366: re-using the existing conftest.o
configure:17372: g++ -o conftest -O3 -std=c++11  -I/usr/include -I/usr/include   -L/usr/lib -L/usr/lib -L/lib64 conftest.o -lboost_system-1_64 -lz  >&5
/usr/bin/ld: cannot find -lboost_system-1_64
collect2: error: ld returned 1 exit status
configure:17381: $? = 1
configure:17366: re-using the existing conftest.o
configure:17372: g++ -o conftest -O3 -std=c++11  -I/usr/include -I/usr/include   -L/usr/lib -L/usr/lib conftest.o -lboost_system-mt-d-1_64 -lz  >&5
/usr/bin/ld: cannot find -lboost_system-mt-d-1_64
collect2: error: ld returned 1 exit status
configure:17381: $? = 1
configure:17366: re-using the existing conftest.o
configure:17372: g++ -o conftest -O3 -std=c++11  -I/usr/include -I/usr/include   -L/usr/lib -L/usr/lib -L/usr/local/lib conftest.o -lboost_system-mt-d-1_64 -lz  >&5
/usr/bin/ld: cannot find -lboost_system-mt-d-1_64
collect2: error: ld returned 1 exit status
configure:17381: $? = 1
configure:17366: re-using the existing conftest.o
configure:17372: g++ -o conftest -O3 -std=c++11  -I/usr/include -I/usr/include   -L/usr/lib -L/usr/lib -L/usr/lib conftest.o -lboost_system-mt-d-1_64 -lz  >&5
/usr/bin/ld: cannot find -lboost_system-mt-d-1_64
collect2: error: ld returned 1 exit status
configure:17381: $? = 1
configure:17366: re-using the existing conftest.o
configure:17372: g++ -o conftest -O3 -std=c++11  -I/usr/include -I/usr/include   -L/usr/lib -L/usr/lib conftest.o -lboost_system-mt-d-1_64 -lz  >&5
/usr/bin/ld: cannot find -lboost_system-mt-d-1_64
collect2: error: ld returned 1 exit status
configure:17381: $? = 1
configure:17366: re-using the existing conftest.o
configure:17372: g++ -o conftest -O3 -std=c++11  -I/usr/include -I/usr/include   -L/usr/lib -L/usr/lib -L/lib conftest.o -lboost_system-mt-d-1_64 -lz  >&5
/usr/bin/ld: cannot find -lboost_system-mt-d-1_64
collect2: error: ld returned 1 exit status
configure:17381: $? = 1
configure:17366: re-using the existing conftest.o
configure:17372: g++ -o conftest -O3 -std=c++11  -I/usr/include -I/usr/include   -L/usr/lib -L/usr/lib -L/lib64 conftest.o -lboost_system-mt-d-1_64 -lz  >&5
/usr/bin/ld: cannot find -lboost_system-mt-d-1_64
collect2: error: ld returned 1 exit status
configure:17381: $? = 1
configure:17366: re-using the existing conftest.o
configure:17372: g++ -o conftest -O3 -std=c++11  -I/usr/include -I/usr/include   -L/usr/lib -L/usr/lib conftest.o -lboost_system-d-1_64 -lz  >&5
/usr/bin/ld: cannot find -lboost_system-d-1_64
collect2: error: ld returned 1 exit status
configure:17381: $? = 1
configure:17366: re-using the existing conftest.o
configure:17372: g++ -o conftest -O3 -std=c++11  -I/usr/include -I/usr/include   -L/usr/lib -L/usr/lib -L/usr/local/lib conftest.o -lboost_system-d-1_64 -lz  >&5
/usr/bin/ld: cannot find -lboost_system-d-1_64
collect2: error: ld returned 1 exit status
configure:17381: $? = 1
configure:17366: re-using the existing conftest.o
configure:17372: g++ -o conftest -O3 -std=c++11  -I/usr/include -I/usr/include   -L/usr/lib -L/usr/lib -L/usr/lib conftest.o -lboost_system-d-1_64 -lz  >&5
/usr/bin/ld: cannot find -lboost_system-d-1_64
collect2: error: ld returned 1 exit status
configure:17381: $? = 1
configure:17366: re-using the existing conftest.o
configure:17372: g++ -o conftest -O3 -std=c++11  -I/usr/include -I/usr/include   -L/usr/lib -L/usr/lib conftest.o -lboost_system-d-1_64 -lz  >&5
/usr/bin/ld: cannot find -lboost_system-d-1_64
collect2: error: ld returned 1 exit status
configure:17381: $? = 1
configure:17366: re-using the existing conftest.o
configure:17372: g++ -o conftest -O3 -std=c++11  -I/usr/include -I/usr/include   -L/usr/lib -L/usr/lib -L/lib conftest.o -lboost_system-d-1_64 -lz  >&5
/usr/bin/ld: cannot find -lboost_system-d-1_64
collect2: error: ld returned 1 exit status
configure:17381: $? = 1
configure:17366: re-using the existing conftest.o
configure:17372: g++ -o conftest -O3 -std=c++11  -I/usr/include -I/usr/include   -L/usr/lib -L/usr/lib -L/lib64 conftest.o -lboost_system-d-1_64 -lz  >&5
/usr/bin/ld: cannot find -lboost_system-d-1_64
collect2: error: ld returned 1 exit status
configure:17381: $? = 1
configure:17366: re-using the existing conftest.o
configure:17372: g++ -o conftest -O3 -std=c++11  -I/usr/include -I/usr/include   -L/usr/lib -L/usr/lib conftest.o -lboost_system-mt -lz  >&5
/usr/bin/ld: cannot find -lboost_system-mt
collect2: error: ld returned 1 exit status
configure:17381: $? = 1
configure:17366: re-using the existing conftest.o
configure:17372: g++ -o conftest -O3 -std=c++11  -I/usr/include -I/usr/include   -L/usr/lib -L/usr/lib -L/usr/local/lib conftest.o -lboost_system-mt -lz  >&5
/usr/bin/ld: cannot find -lboost_system-mt
collect2: error: ld returned 1 exit status
configure:17381: $? = 1
configure:17366: re-using the existing conftest.o
configure:17372: g++ -o conftest -O3 -std=c++11  -I/usr/include -I/usr/include   -L/usr/lib -L/usr/lib -L/usr/lib conftest.o -lboost_system-mt -lz  >&5
/usr/bin/ld: cannot find -lboost_system-mt
collect2: error: ld returned 1 exit status
configure:17381: $? = 1
configure:17366: re-using the existing conftest.o
configure:17372: g++ -o conftest -O3 -std=c++11  -I/usr/include -I/usr/include   -L/usr/lib -L/usr/lib conftest.o -lboost_system-mt -lz  >&5
/usr/bin/ld: cannot find -lboost_system-mt
collect2: error: ld returned 1 exit status
configure:17381: $? = 1
configure:17366: re-using the existing conftest.o
configure:17372: g++ -o conftest -O3 -std=c++11  -I/usr/include -I/usr/include   -L/usr/lib -L/usr/lib -L/lib conftest.o -lboost_system-mt -lz  >&5
/usr/bin/ld: cannot find -lboost_system-mt
collect2: error: ld returned 1 exit status
configure:17381: $? = 1
configure:17366: re-using the existing conftest.o
configure:17372: g++ -o conftest -O3 -std=c++11  -I/usr/include -I/usr/include   -L/usr/lib -L/usr/lib -L/lib64 conftest.o -lboost_system-mt -lz  >&5
/usr/bin/ld: cannot find -lboost_system-mt
collect2: error: ld returned 1 exit status
configure:17381: $? = 1
configure:17366: re-using the existing conftest.o
configure:17372: g++ -o conftest -O3 -std=c++11  -I/usr/include -I/usr/include   -L/usr/lib -L/usr/lib conftest.o -lboost_system -lz  >&5
configure:17381: $? = 0
configure:17492: result: yes
configure:17550: checking boost/thread.hpp usability
configure:17550: g++ -c -O3 -std=c++11  -I/usr/include -I/usr/include -pthread  conftest.cpp >&5
configure:17550: $? = 0
configure:17550: result: yes
configure:17550: checking boost/thread.hpp presence
configure:17550: g++ -E  -I/usr/include -I/usr/include -pthread  conftest.cpp
configure:17550: $? = 0
configure:17550: result: yes
configure:17550: checking for boost/thread.hpp
configure:17550: result: yes
configure:17570: checking for the Boost thread library
configure:17612: g++ -c -O3 -std=c++11  -I/usr/include -I/usr/include -pthread  conftest.cpp >&5
configure:17612: $? = 0
configure:17667: re-using the existing conftest.o
configure:17673: g++ -o conftest -O3 -std=c++11  -I/usr/include -I/usr/include -pthread   -L/usr/lib -L/usr/lib  conftest.o -lboost_thread--mt-1_64 -lz  -lboost_system -pthread >&5
/usr/bin/ld: cannot find -lboost_thread--mt-1_64
collect2: error: ld returned 1 exit status
configure:17682: $? = 1
configure:17667: re-using the existing conftest.o
configure:17673: g++ -o conftest -O3 -std=c++11  -I/usr/include -I/usr/include -pthread   -L/usr/lib -L/usr/lib  -L/usr/local/lib conftest.o -lboost_thread--mt-1_64 -lz  -lboost_system -pthread >&5
/usr/bin/ld: cannot find -lboost_thread--mt-1_64
collect2: error: ld returned 1 exit status
configure:17682: $? = 1
configure:17667: re-using the existing conftest.o
configure:17673: g++ -o conftest -O3 -std=c++11  -I/usr/include -I/usr/include -pthread   -L/usr/lib -L/usr/lib  -L/usr/lib conftest.o -lboost_thread--mt-1_64 -lz  -lboost_system -pthread >&5
/usr/bin/ld: cannot find -lboost_thread--mt-1_64
collect2: error: ld returned 1 exit status
configure:17682: $? = 1
configure:17667: re-using the existing conftest.o
configure:17673: g++ -o conftest -O3 -std=c++11  -I/usr/include -I/usr/include -pthread   -L/usr/lib -L/usr/lib  conftest.o -lboost_thread--mt-1_64 -lz  -lboost_system -pthread >&5
/usr/bin/ld: cannot find -lboost_thread--mt-1_64
collect2: error: ld returned 1 exit status
configure:17682: $? = 1
configure:17667: re-using the existing conftest.o
configure:17673: g++ -o conftest -O3 -std=c++11  -I/usr/include -I/usr/include -pthread   -L/usr/lib -L/usr/lib  -L/lib conftest.o -lboost_thread--mt-1_64 -lz  -lboost_system -pthread >&5
/usr/bin/ld: cannot find -lboost_thread--mt-1_64
collect2: error: ld returned 1 exit status
configure:17682: $? = 1
configure:17667: re-using the existing conftest.o
configure:17673: g++ -o conftest -O3 -std=c++11  -I/usr/include -I/usr/include -pthread   -L/usr/lib -L/usr/lib  -L/lib64 conftest.o -lboost_thread--mt-1_64 -lz  -lboost_system -pthread >&5
/usr/bin/ld: cannot find -lboost_thread--mt-1_64
collect2: error: ld returned 1 exit status
configure:17682: $? = 1
configure:17667: re-using the existing conftest.o
configure:17673: g++ -o conftest -O3 -std=c++11  -I/usr/include -I/usr/include -pthread   -L/usr/lib -L/usr/lib  conftest.o -lboost_thread--1_64 -lz  -lboost_system -pthread >&5
/usr/bin/ld: cannot find -lboost_thread--1_64
collect2: error: ld returned 1 exit status
configure:17682: $? = 1
configure:17667: re-using the existing conftest.o
configure:17673: g++ -o conftest -O3 -std=c++11  -I/usr/include -I/usr/include -pthread   -L/usr/lib -L/usr/lib  -L/usr/local/lib conftest.o -lboost_thread--1_64 -lz  -lboost_system -pthread >&5
/usr/bin/ld: cannot find -lboost_thread--1_64
collect2: error: ld returned 1 exit status
configure:17682: $? = 1
configure:17667: re-using the existing conftest.o
configure:17673: g++ -o conftest -O3 -std=c++11  -I/usr/include -I/usr/include -pthread   -L/usr/lib -L/usr/lib  -L/usr/lib conftest.o -lboost_thread--1_64 -lz  -lboost_system -pthread >&5
/usr/bin/ld: cannot find -lboost_thread--1_64
collect2: error: ld returned 1 exit status
configure:17682: $? = 1
configure:17667: re-using the existing conftest.o
configure:17673: g++ -o conftest -O3 -std=c++11  -I/usr/include -I/usr/include -pthread   -L/usr/lib -L/usr/lib  conftest.o -lboost_thread--1_64 -lz  -lboost_system -pthread >&5
/usr/bin/ld: cannot find -lboost_thread--1_64
collect2: error: ld returned 1 exit status
configure:17682: $? = 1
configure:17667: re-using the existing conftest.o
configure:17673: g++ -o conftest -O3 -std=c++11  -I/usr/include -I/usr/include -pthread   -L/usr/lib -L/usr/lib  -L/lib conftest.o -lboost_thread--1_64 -lz  -lboost_system -pthread >&5
/usr/bin/ld: cannot find -lboost_thread--1_64
collect2: error: ld returned 1 exit status
configure:17682: $? = 1
configure:17667: re-using the existing conftest.o
configure:17673: g++ -o conftest -O3 -std=c++11  -I/usr/include -I/usr/include -pthread   -L/usr/lib -L/usr/lib  -L/lib64 conftest.o -lboost_thread--1_64 -lz  -lboost_system -pthread >&5
/usr/bin/ld: cannot find -lboost_thread--1_64
collect2: error: ld returned 1 exit status
configure:17682: $? = 1
configure:17667: re-using the existing conftest.o
configure:17673: g++ -o conftest -O3 -std=c++11  -I/usr/include -I/usr/include -pthread   -L/usr/lib -L/usr/lib  conftest.o -lboost_thread--mt-d-1_64 -lz  -lboost_system -pthread >&5
/usr/bin/ld: cannot find -lboost_thread--mt-d-1_64
collect2: error: ld returned 1 exit status
configure:17682: $? = 1
configure:17667: re-using the existing conftest.o
configure:17673: g++ -o conftest -O3 -std=c++11  -I/usr/include -I/usr/include -pthread   -L/usr/lib -L/usr/lib  -L/usr/local/lib conftest.o -lboost_thread--mt-d-1_64 -lz  -lboost_system -pthread >&5
/usr/bin/ld: cannot find -lboost_thread--mt-d-1_64
collect2: error: ld returned 1 exit status
configure:17682: $? = 1
configure:17667: re-using the existing conftest.o
configure:17673: g++ -o conftest -O3 -std=c++11  -I/usr/include -I/usr/include -pthread   -L/usr/lib -L/usr/lib  -L/usr/lib conftest.o -lboost_thread--mt-d-1_64 -lz  -lboost_system -pthread >&5
/usr/bin/ld: cannot find -lboost_thread--mt-d-1_64
collect2: error: ld returned 1 exit status
configure:17682: $? = 1
configure:17667: re-using the existing conftest.o
configure:17673: g++ -o conftest -O3 -std=c++11  -I/usr/include -I/usr/include -pthread   -L/usr/lib -L/usr/lib  conftest.o -lboost_thread--mt-d-1_64 -lz  -lboost_system -pthread >&5
/usr/bin/ld: cannot find -lboost_thread--mt-d-1_64
collect2: error: ld returned 1 exit status
configure:17682: $? = 1
configure:17667: re-using the existing conftest.o
configure:17673: g++ -o conftest -O3 -std=c++11  -I/usr/include -I/usr/include -pthread   -L/usr/lib -L/usr/lib  -L/lib conftest.o -lboost_thread--mt-d-1_64 -lz  -lboost_system -pthread >&5
/usr/bin/ld: cannot find -lboost_thread--mt-d-1_64
collect2: error: ld returned 1 exit status
configure:17682: $? = 1
configure:17667: re-using the existing conftest.o
configure:17673: g++ -o conftest -O3 -std=c++11  -I/usr/include -I/usr/include -pthread   -L/usr/lib -L/usr/lib  -L/lib64 conftest.o -lboost_thread--mt-d-1_64 -lz  -lboost_system -pthread >&5
/usr/bin/ld: cannot find -lboost_thread--mt-d-1_64
collect2: error: ld returned 1 exit status
configure:17682: $? = 1
configure:17667: re-using the existing conftest.o
configure:17673: g++ -o conftest -O3 -std=c++11  -I/usr/include -I/usr/include -pthread   -L/usr/lib -L/usr/lib  conftest.o -lboost_thread--d-1_64 -lz  -lboost_system -pthread >&5
/usr/bin/ld: cannot find -lboost_thread--d-1_64
collect2: error: ld returned 1 exit status
configure:17682: $? = 1
configure:17667: re-using the existing conftest.o
configure:17673: g++ -o conftest -O3 -std=c++11  -I/usr/include -I/usr/include -pthread   -L/usr/lib -L/usr/lib  -L/usr/local/lib conftest.o -lboost_thread--d-1_64 -lz  -lboost_system -pthread >&5
/usr/bin/ld: cannot find -lboost_thread--d-1_64
collect2: error: ld returned 1 exit status
configure:17682: $? = 1
configure:17667: re-using the existing conftest.o
configure:17673: g++ -o conftest -O3 -std=c++11  -I/usr/include -I/usr/include -pthread   -L/usr/lib -L/usr/lib  -L/usr/lib conftest.o -lboost_thread--d-1_64 -lz  -lboost_system -pthread >&5
/usr/bin/ld: cannot find -lboost_thread--d-1_64
collect2: error: ld returned 1 exit status
configure:17682: $? = 1
configure:17667: re-using the existing conftest.o
configure:17673: g++ -o conftest -O3 -std=c++11  -I/usr/include -I/usr/include -pthread   -L/usr/lib -L/usr/lib  conftest.o -lboost_thread--d-1_64 -lz  -lboost_system -pthread >&5
/usr/bin/ld: cannot find -lboost_thread--d-1_64
collect2: error: ld returned 1 exit status
configure:17682: $? = 1
configure:17667: re-using the existing conftest.o
configure:17673: g++ -o conftest -O3 -std=c++11  -I/usr/include -I/usr/include -pthread   -L/usr/lib -L/usr/lib  -L/lib conftest.o -lboost_thread--d-1_64 -lz  -lboost_system -pthread >&5
/usr/bin/ld: cannot find -lboost_thread--d-1_64
collect2: error: ld returned 1 exit status
configure:17682: $? = 1
configure:17667: re-using the existing conftest.o
configure:17673: g++ -o conftest -O3 -std=c++11  -I/usr/include -I/usr/include -pthread   -L/usr/lib -L/usr/lib  -L/lib64 conftest.o -lboost_thread--d-1_64 -lz  -lboost_system -pthread >&5
/usr/bin/ld: cannot find -lboost_thread--d-1_64
collect2: error: ld returned 1 exit status
configure:17682: $? = 1
configure:17667: re-using the existing conftest.o
configure:17673: g++ -o conftest -O3 -std=c++11  -I/usr/include -I/usr/include -pthread   -L/usr/lib -L/usr/lib  conftest.o -lboost_thread--mt -lz  -lboost_system -pthread >&5
/usr/bin/ld: cannot find -lboost_thread--mt
collect2: error: ld returned 1 exit status
configure:17682: $? = 1
configure:17667: re-using the existing conftest.o
configure:17673: g++ -o conftest -O3 -std=c++11  -I/usr/include -I/usr/include -pthread   -L/usr/lib -L/usr/lib  -L/usr/local/lib conftest.o -lboost_thread--mt -lz  -lboost_system -pthread >&5
/usr/bin/ld: cannot find -lboost_thread--mt
collect2: error: ld returned 1 exit status
configure:17682: $? = 1
configure:17667: re-using the existing conftest.o
configure:17673: g++ -o conftest -O3 -std=c++11  -I/usr/include -I/usr/include -pthread   -L/usr/lib -L/usr/lib  -L/usr/lib conftest.o -lboost_thread--mt -lz  -lboost_system -pthread >&5
/usr/bin/ld: cannot find -lboost_thread--mt
collect2: error: ld returned 1 exit status
configure:17682: $? = 1
configure:17667: re-using the existing conftest.o
configure:17673: g++ -o conftest -O3 -std=c++11  -I/usr/include -I/usr/include -pthread   -L/usr/lib -L/usr/lib  conftest.o -lboost_thread--mt -lz  -lboost_system -pthread >&5
/usr/bin/ld: cannot find -lboost_thread--mt
collect2: error: ld returned 1 exit status
configure:17682: $? = 1
configure:17667: re-using the existing conftest.o
configure:17673: g++ -o conftest -O3 -std=c++11  -I/usr/include -I/usr/include -pthread   -L/usr/lib -L/usr/lib  -L/lib conftest.o -lboost_thread--mt -lz  -lboost_system -pthread >&5
/usr/bin/ld: cannot find -lboost_thread--mt
collect2: error: ld returned 1 exit status
configure:17682: $? = 1
configure:17667: re-using the existing conftest.o
configure:17673: g++ -o conftest -O3 -std=c++11  -I/usr/include -I/usr/include -pthread   -L/usr/lib -L/usr/lib  -L/lib64 conftest.o -lboost_thread--mt -lz  -lboost_system -pthread >&5
/usr/bin/ld: cannot find -lboost_thread--mt
collect2: error: ld returned 1 exit status
configure:17682: $? = 1
configure:17667: re-using the existing conftest.o
configure:17673: g++ -o conftest -O3 -std=c++11  -I/usr/include -I/usr/include -pthread   -L/usr/lib -L/usr/lib  conftest.o -lboost_thread- -lz  -lboost_system -pthread >&5
/usr/bin/ld: cannot find -lboost_thread-
collect2: error: ld returned 1 exit status
configure:17682: $? = 1
configure:17667: re-using the existing conftest.o
configure:17673: g++ -o conftest -O3 -std=c++11  -I/usr/include -I/usr/include -pthread   -L/usr/lib -L/usr/lib  -L/usr/local/lib conftest.o -lboost_thread- -lz  -lboost_system -pthread >&5
/usr/bin/ld: cannot find -lboost_thread-
collect2: error: ld returned 1 exit status
configure:17682: $? = 1
configure:17667: re-using the existing conftest.o
configure:17673: g++ -o conftest -O3 -std=c++11  -I/usr/include -I/usr/include -pthread   -L/usr/lib -L/usr/lib  -L/usr/lib conftest.o -lboost_thread- -lz  -lboost_system -pthread >&5
/usr/bin/ld: cannot find -lboost_thread-
collect2: error: ld returned 1 exit status
configure:17682: $? = 1
configure:17667: re-using the existing conftest.o
configure:17673: g++ -o conftest -O3 -std=c++11  -I/usr/include -I/usr/include -pthread   -L/usr/lib -L/usr/lib  conftest.o -lboost_thread- -lz  -lboost_system -pthread >&5
/usr/bin/ld: cannot find -lboost_thread-
collect2: error: ld returned 1 exit status
configure:17682: $? = 1
configure:17667: re-using the existing conftest.o
configure:17673: g++ -o conftest -O3 -std=c++11  -I/usr/include -I/usr/include -pthread   -L/usr/lib -L/usr/lib  -L/lib conftest.o -lboost_thread- -lz  -lboost_system -pthread >&5
/usr/bin/ld: cannot find -lboost_thread-
collect2: error: ld returned 1 exit status
configure:17682: $? = 1
configure:17667: re-using the existing conftest.o
configure:17673: g++ -o conftest -O3 -std=c++11  -I/usr/include -I/usr/include -pthread   -L/usr/lib -L/usr/lib  -L/lib64 conftest.o -lboost_thread- -lz  -lboost_system -pthread >&5
/usr/bin/ld: cannot find -lboost_thread-
collect2: error: ld returned 1 exit status
configure:17682: $? = 1
configure:17667: re-using the existing conftest.o
configure:17673: g++ -o conftest -O3 -std=c++11  -I/usr/include -I/usr/include -pthread   -L/usr/lib -L/usr/lib  conftest.o -lboost_thread--mt-d -lz  -lboost_system -pthread >&5
/usr/bin/ld: cannot find -lboost_thread--mt-d
collect2: error: ld returned 1 exit status
configure:17682: $? = 1
configure:17667: re-using the existing conftest.o
configure:17673: g++ -o conftest -O3 -std=c++11  -I/usr/include -I/usr/include -pthread   -L/usr/lib -L/usr/lib  -L/usr/local/lib conftest.o -lboost_thread--mt-d -lz  -lboost_system -pthread >&5
/usr/bin/ld: cannot find -lboost_thread--mt-d
collect2: error: ld returned 1 exit status
configure:17682: $? = 1
configure:17667: re-using the existing conftest.o
configure:17673: g++ -o conftest -O3 -std=c++11  -I/usr/include -I/usr/include -pthread   -L/usr/lib -L/usr/lib  -L/usr/lib conftest.o -lboost_thread--mt-d -lz  -lboost_system -pthread >&5
/usr/bin/ld: cannot find -lboost_thread--mt-d
collect2: error: ld returned 1 exit status
configure:17682: $? = 1
configure:17667: re-using the existing conftest.o
configure:17673: g++ -o conftest -O3 -std=c++11  -I/usr/include -I/usr/include -pthread   -L/usr/lib -L/usr/lib  conftest.o -lboost_thread--mt-d -lz  -lboost_system -pthread >&5
/usr/bin/ld: cannot find -lboost_thread--mt-d
collect2: error: ld returned 1 exit status
configure:17682: $? = 1
configure:17667: re-using the existing conftest.o
configure:17673: g++ -o conftest -O3 -std=c++11  -I/usr/include -I/usr/include -pthread   -L/usr/lib -L/usr/lib  -L/lib conftest.o -lboost_thread--mt-d -lz  -lboost_system -pthread >&5
/usr/bin/ld: cannot find -lboost_thread--mt-d
collect2: error: ld returned 1 exit status
configure:17682: $? = 1
configure:17667: re-using the existing conftest.o
configure:17673: g++ -o conftest -O3 -std=c++11  -I/usr/include -I/usr/include -pthread   -L/usr/lib -L/usr/lib  -L/lib64 conftest.o -lboost_thread--mt-d -lz  -lboost_system -pthread >&5
/usr/bin/ld: cannot find -lboost_thread--mt-d
collect2: error: ld returned 1 exit status
configure:17682: $? = 1
configure:17667: re-using the existing conftest.o
configure:17673: g++ -o conftest -O3 -std=c++11  -I/usr/include -I/usr/include -pthread   -L/usr/lib -L/usr/lib  conftest.o -lboost_thread--d -lz  -lboost_system -pthread >&5
/usr/bin/ld: cannot find -lboost_thread--d
collect2: error: ld returned 1 exit status
configure:17682: $? = 1
configure:17667: re-using the existing conftest.o
configure:17673: g++ -o conftest -O3 -std=c++11  -I/usr/include -I/usr/include -pthread   -L/usr/lib -L/usr/lib  -L/usr/local/lib conftest.o -lboost_thread--d -lz  -lboost_system -pthread >&5
/usr/bin/ld: cannot find -lboost_thread--d
collect2: error: ld returned 1 exit status
configure:17682: $? = 1
configure:17667: re-using the existing conftest.o
configure:17673: g++ -o conftest -O3 -std=c++11  -I/usr/include -I/usr/include -pthread   -L/usr/lib -L/usr/lib  -L/usr/lib conftest.o -lboost_thread--d -lz  -lboost_system -pthread >&5
/usr/bin/ld: cannot find -lboost_thread--d
collect2: error: ld returned 1 exit status
configure:17682: $? = 1
configure:17667: re-using the existing conftest.o
configure:17673: g++ -o conftest -O3 -std=c++11  -I/usr/include -I/usr/include -pthread   -L/usr/lib -L/usr/lib  conftest.o -lboost_thread--d -lz  -lboost_system -pthread >&5
/usr/bin/ld: cannot find -lboost_thread--d
collect2: error: ld returned 1 exit status
configure:17682: $? = 1
configure:17667: re-using the existing conftest.o
configure:17673: g++ -o conftest -O3 -std=c++11  -I/usr/include -I/usr/include -pthread   -L/usr/lib -L/usr/lib  -L/lib conftest.o -lboost_thread--d -lz  -lboost_system -pthread >&5
/usr/bin/ld: cannot find -lboost_thread--d
collect2: error: ld returned 1 exit status
configure:17682: $? = 1
configure:17667: re-using the existing conftest.o
configure:17673: g++ -o conftest -O3 -std=c++11  -I/usr/include -I/usr/include -pthread   -L/usr/lib -L/usr/lib  -L/lib64 conftest.o -lboost_thread--d -lz  -lboost_system -pthread >&5
/usr/bin/ld: cannot find -lboost_thread--d
collect2: error: ld returned 1 exit status
configure:17682: $? = 1
configure:17667: re-using the existing conftest.o
configure:17673: g++ -o conftest -O3 -std=c++11  -I/usr/include -I/usr/include -pthread   -L/usr/lib -L/usr/lib  conftest.o -lboost_thread-mt-1_64 -lz  -lboost_system -pthread >&5
/usr/bin/ld: cannot find -lboost_thread-mt-1_64
collect2: error: ld returned 1 exit status
configure:17682: $? = 1
configure:17667: re-using the existing conftest.o
configure:17673: g++ -o conftest -O3 -std=c++11  -I/usr/include -I/usr/include -pthread   -L/usr/lib -L/usr/lib  -L/usr/local/lib conftest.o -lboost_thread-mt-1_64 -lz  -lboost_system -pthread >&5
/usr/bin/ld: cannot find -lboost_thread-mt-1_64
collect2: error: ld returned 1 exit status
configure:17682: $? = 1
configure:17667: re-using the existing conftest.o
configure:17673: g++ -o conftest -O3 -std=c++11  -I/usr/include -I/usr/include -pthread   -L/usr/lib -L/usr/lib  -L/usr/lib conftest.o -lboost_thread-mt-1_64 -lz  -lboost_system -pthread >&5
/usr/bin/ld: cannot find -lboost_thread-mt-1_64
collect2: error: ld returned 1 exit status
configure:17682: $? = 1
configure:17667: re-using the existing conftest.o
configure:17673: g++ -o conftest -O3 -std=c++11  -I/usr/include -I/usr/include -pthread   -L/usr/lib -L/usr/lib  conftest.o -lboost_thread-mt-1_64 -lz  -lboost_system -pthread >&5
/usr/bin/ld: cannot find -lboost_thread-mt-1_64
collect2: error: ld returned 1 exit status
configure:17682: $? = 1
configure:17667: re-using the existing conftest.o
configure:17673: g++ -o conftest -O3 -std=c++11  -I/usr/include -I/usr/include -pthread   -L/usr/lib -L/usr/lib  -L/lib conftest.o -lboost_thread-mt-1_64 -lz  -lboost_system -pthread >&5
/usr/bin/ld: cannot find -lboost_thread-mt-1_64
collect2: error: ld returned 1 exit status
configure:17682: $? = 1
configure:17667: re-using the existing conftest.o
configure:17673: g++ -o conftest -O3 -std=c++11  -I/usr/include -I/usr/include -pthread   -L/usr/lib -L/usr/lib  -L/lib64 conftest.o -lboost_thread-mt-1_64 -lz  -lboost_system -pthread >&5
/usr/bin/ld: cannot find -lboost_thread-mt-1_64
collect2: error: ld returned 1 exit status
configure:17682: $? = 1
configure:17667: re-using the existing conftest.o
configure:17673: g++ -o conftest -O3 -std=c++11  -I/usr/include -I/usr/include -pthread   -L/usr/lib -L/usr/lib  conftest.o -lboost_thread-1_64 -lz  -lboost_system -pthread >&5
/usr/bin/ld: cannot find -lboost_thread-1_64
collect2: error: ld returned 1 exit status
configure:17682: $? = 1
configure:17667: re-using the existing conftest.o
configure:17673: g++ -o conftest -O3 -std=c++11  -I/usr/include -I/usr/include -pthread   -L/usr/lib -L/usr/lib  -L/usr/local/lib conftest.o -lboost_thread-1_64 -lz  -lboost_system -pthread >&5
/usr/bin/ld: cannot find -lboost_thread-1_64
collect2: error: ld returned 1 exit status
configure:17682: $? = 1
configure:17667: re-using the existing conftest.o
configure:17673: g++ -o conftest -O3 -std=c++11  -I/usr/include -I/usr/include -pthread   -L/usr/lib -L/usr/lib  -L/usr/lib conftest.o -lboost_thread-1_64 -lz  -lboost_system -pthread >&5
/usr/bin/ld: cannot find -lboost_thread-1_64
collect2: error: ld returned 1 exit status
configure:17682: $? = 1
configure:17667: re-using the existing conftest.o
configure:17673: g++ -o conftest -O3 -std=c++11  -I/usr/include -I/usr/include -pthread   -L/usr/lib -L/usr/lib  conftest.o -lboost_thread-1_64 -lz  -lboost_system -pthread >&5
/usr/bin/ld: cannot find -lboost_thread-1_64
collect2: error: ld returned 1 exit status
configure:17682: $? = 1
configure:17667: re-using the existing conftest.o
configure:17673: g++ -o conftest -O3 -std=c++11  -I/usr/include -I/usr/include -pthread   -L/usr/lib -L/usr/lib  -L/lib conftest.o -lboost_thread-1_64 -lz  -lboost_system -pthread >&5
/usr/bin/ld: cannot find -lboost_thread-1_64
collect2: error: ld returned 1 exit status
configure:17682: $? = 1
configure:17667: re-using the existing conftest.o
configure:17673: g++ -o conftest -O3 -std=c++11  -I/usr/include -I/usr/include -pthread   -L/usr/lib -L/usr/lib  -L/lib64 conftest.o -lboost_thread-1_64 -lz  -lboost_system -pthread >&5
/usr/bin/ld: cannot find -lboost_thread-1_64
collect2: error: ld returned 1 exit status
configure:17682: $? = 1
configure:17667: re-using the existing conftest.o
configure:17673: g++ -o conftest -O3 -std=c++11  -I/usr/include -I/usr/include -pthread   -L/usr/lib -L/usr/lib  conftest.o -lboost_thread-mt-d-1_64 -lz  -lboost_system -pthread >&5
/usr/bin/ld: cannot find -lboost_thread-mt-d-1_64
collect2: error: ld returned 1 exit status
configure:17682: $? = 1
configure:17667: re-using the existing conftest.o
configure:17673: g++ -o conftest -O3 -std=c++11  -I/usr/include -I/usr/include -pthread   -L/usr/lib -L/usr/lib  -L/usr/local/lib conftest.o -lboost_thread-mt-d-1_64 -lz  -lboost_system -pthread >&5
/usr/bin/ld: cannot find -lboost_thread-mt-d-1_64
collect2: error: ld returned 1 exit status
configure:17682: $? = 1
configure:17667: re-using the existing conftest.o
configure:17673: g++ -o conftest -O3 -std=c++11  -I/usr/include -I/usr/include -pthread   -L/usr/lib -L/usr/lib  -L/usr/lib conftest.o -lboost_thread-mt-d-1_64 -lz  -lboost_system -pthread >&5
/usr/bin/ld: cannot find -lboost_thread-mt-d-1_64
collect2: error: ld returned 1 exit status
configure:17682: $? = 1
configure:17667: re-using the existing conftest.o
configure:17673: g++ -o conftest -O3 -std=c++11  -I/usr/include -I/usr/include -pthread   -L/usr/lib -L/usr/lib  conftest.o -lboost_thread-mt-d-1_64 -lz  -lboost_system -pthread >&5
/usr/bin/ld: cannot find -lboost_thread-mt-d-1_64
collect2: error: ld returned 1 exit status
configure:17682: $? = 1
configure:17667: re-using the existing conftest.o
configure:17673: g++ -o conftest -O3 -std=c++11  -I/usr/include -I/usr/include -pthread   -L/usr/lib -L/usr/lib  -L/lib conftest.o -lboost_thread-mt-d-1_64 -lz  -lboost_system -pthread >&5
/usr/bin/ld: cannot find -lboost_thread-mt-d-1_64
collect2: error: ld returned 1 exit status
configure:17682: $? = 1
configure:17667: re-using the existing conftest.o
configure:17673: g++ -o conftest -O3 -std=c++11  -I/usr/include -I/usr/include -pthread   -L/usr/lib -L/usr/lib  -L/lib64 conftest.o -lboost_thread-mt-d-1_64 -lz  -lboost_system -pthread >&5
/usr/bin/ld: cannot find -lboost_thread-mt-d-1_64
collect2: error: ld returned 1 exit status
configure:17682: $? = 1
configure:17667: re-using the existing conftest.o
configure:17673: g++ -o conftest -O3 -std=c++11  -I/usr/include -I/usr/include -pthread   -L/usr/lib -L/usr/lib  conftest.o -lboost_thread-d-1_64 -lz  -lboost_system -pthread >&5
/usr/bin/ld: cannot find -lboost_thread-d-1_64
collect2: error: ld returned 1 exit status
configure:17682: $? = 1
configure:17667: re-using the existing conftest.o
configure:17673: g++ -o conftest -O3 -std=c++11  -I/usr/include -I/usr/include -pthread   -L/usr/lib -L/usr/lib  -L/usr/local/lib conftest.o -lboost_thread-d-1_64 -lz  -lboost_system -pthread >&5
/usr/bin/ld: cannot find -lboost_thread-d-1_64
collect2: error: ld returned 1 exit status
configure:17682: $? = 1
configure:17667: re-using the existing conftest.o
configure:17673: g++ -o conftest -O3 -std=c++11  -I/usr/include -I/usr/include -pthread   -L/usr/lib -L/usr/lib  -L/usr/lib conftest.o -lboost_thread-d-1_64 -lz  -lboost_system -pthread >&5
/usr/bin/ld: cannot find -lboost_thread-d-1_64
collect2: error: ld returned 1 exit status
configure:17682: $? = 1
configure:17667: re-using the existing conftest.o
configure:17673: g++ -o conftest -O3 -std=c++11  -I/usr/include -I/usr/include -pthread   -L/usr/lib -L/usr/lib  conftest.o -lboost_thread-d-1_64 -lz  -lboost_system -pthread >&5
/usr/bin/ld: cannot find -lboost_thread-d-1_64
collect2: error: ld returned 1 exit status
configure:17682: $? = 1
configure:17667: re-using the existing conftest.o
configure:17673: g++ -o conftest -O3 -std=c++11  -I/usr/include -I/usr/include -pthread   -L/usr/lib -L/usr/lib  -L/lib conftest.o -lboost_thread-d-1_64 -lz  -lboost_system -pthread >&5
/usr/bin/ld: cannot find -lboost_thread-d-1_64
collect2: error: ld returned 1 exit status
configure:17682: $? = 1
configure:17667: re-using the existing conftest.o
configure:17673: g++ -o conftest -O3 -std=c++11  -I/usr/include -I/usr/include -pthread   -L/usr/lib -L/usr/lib  -L/lib64 conftest.o -lboost_thread-d-1_64 -lz  -lboost_system -pthread >&5
/usr/bin/ld: cannot find -lboost_thread-d-1_64
collect2: error: ld returned 1 exit status
configure:17682: $? = 1
configure:17667: re-using the existing conftest.o
configure:17673: g++ -o conftest -O3 -std=c++11  -I/usr/include -I/usr/include -pthread   -L/usr/lib -L/usr/lib  conftest.o -lboost_thread-mt -lz  -lboost_system -pthread >&5
/usr/bin/ld: cannot find -lboost_thread-mt
collect2: error: ld returned 1 exit status
configure:17682: $? = 1
configure:17667: re-using the existing conftest.o
configure:17673: g++ -o conftest -O3 -std=c++11  -I/usr/include -I/usr/include -pthread   -L/usr/lib -L/usr/lib  -L/usr/local/lib conftest.o -lboost_thread-mt -lz  -lboost_system -pthread >&5
/usr/bin/ld: cannot find -lboost_thread-mt
collect2: error: ld returned 1 exit status
configure:17682: $? = 1
configure:17667: re-using the existing conftest.o
configure:17673: g++ -o conftest -O3 -std=c++11  -I/usr/include -I/usr/include -pthread   -L/usr/lib -L/usr/lib  -L/usr/lib conftest.o -lboost_thread-mt -lz  -lboost_system -pthread >&5
/usr/bin/ld: cannot find -lboost_thread-mt
collect2: error: ld returned 1 exit status
configure:17682: $? = 1
configure:17667: re-using the existing conftest.o
configure:17673: g++ -o conftest -O3 -std=c++11  -I/usr/include -I/usr/include -pthread   -L/usr/lib -L/usr/lib  conftest.o -lboost_thread-mt -lz  -lboost_system -pthread >&5
/usr/bin/ld: cannot find -lboost_thread-mt
collect2: error: ld returned 1 exit status
configure:17682: $? = 1
configure:17667: re-using the existing conftest.o
configure:17673: g++ -o conftest -O3 -std=c++11  -I/usr/include -I/usr/include -pthread   -L/usr/lib -L/usr/lib  -L/lib conftest.o -lboost_thread-mt -lz  -lboost_system -pthread >&5
/usr/bin/ld: cannot find -lboost_thread-mt
collect2: error: ld returned 1 exit status
configure:17682: $? = 1
configure:17667: re-using the existing conftest.o
configure:17673: g++ -o conftest -O3 -std=c++11  -I/usr/include -I/usr/include -pthread   -L/usr/lib -L/usr/lib  -L/lib64 conftest.o -lboost_thread-mt -lz  -lboost_system -pthread >&5
/usr/bin/ld: cannot find -lboost_thread-mt
collect2: error: ld returned 1 exit status
configure:17682: $? = 1
configure:17667: re-using the existing conftest.o
configure:17673: g++ -o conftest -O3 -std=c++11  -I/usr/include -I/usr/include -pthread   -L/usr/lib -L/usr/lib  conftest.o -lboost_thread -lz  -lboost_system -pthread >&5
configure:17682: $? = 0
configure:17793: result: yes
configure:17847: checking for boost/system/error_code.hpp
configure:17847: result: yes
configure:17867: checking for the Boost system library
configure:18090: result: yes
configure:18124: checking boost/asio.hpp usability
configure:18124: g++ -c -O3 -std=c++11  -I/usr/include -I/usr/include  -pthread conftest.cpp >&5
configure:18124: $? = 0
configure:18124: result: yes
configure:18124: checking boost/asio.hpp presence
configure:18124: g++ -E  -I/usr/include -I/usr/include  -pthread conftest.cpp
configure:18124: $? = 0
configure:18124: result: yes
configure:18124: checking for boost/asio.hpp
configure:18124: result: yes
configure:18309: checking for stdint.h
configure:18309: result: yes
configure:18321: checking for stdbool.h that conforms to C99
configure:18388: g++ -c -O3 -std=c++11  -I/usr/include -I/usr/include conftest.cpp >&5
conftest.cpp:36:15: error: expected unqualified-id before string constant
               "error: bool is not defined"
               ^
conftest.cpp:54:48: error: 's' does not name a type
              struct s { _Bool s: 1; _Bool t; } s;
                                                ^
conftest.cpp:64:28: error: 's' was not declared in this scope
              char i[sizeof s.t];
                            ^
conftest.cpp: In function 'int main()':
conftest.cpp:82:24: error: 's' was not declared in this scope
              bool e = &s;
                        ^
conftest.cpp:86:63: error: 'i' was not declared in this scope
              return (!a + !b + !c + !d + !e + !f + !g + !h + !i + !!j + !k + !!l
                                                               ^
configure:18388: $? = 1
configure: failed program was:
| /* confdefs.h */
| #define PACKAGE_NAME "nanocube"
| #define PACKAGE_TARNAME "nanocube"
| #define PACKAGE_VERSION "0.0.1"
| #define PACKAGE_STRING "nanocube 0.0.1"
| #define PACKAGE_BUGREPORT "lauro.lins@gmail.com"
| #define PACKAGE_URL ""
| #define PACKAGE "nanocube"
| #define VERSION "0.0.1"
| #define STDC_HEADERS 1
| #define HAVE_SYS_TYPES_H 1
| #define HAVE_SYS_STAT_H 1
| #define HAVE_STDLIB_H 1
| #define HAVE_STRING_H 1
| #define HAVE_MEMORY_H 1
| #define HAVE_STRINGS_H 1
| #define HAVE_INTTYPES_H 1
| #define HAVE_STDINT_H 1
| #define HAVE_UNISTD_H 1
| #define HAVE_DLFCN_H 1
| #define LT_OBJDIR ".libs/"
| #define HAVE_LIBDL 1
| #define HAVE_DLERROR 1
| #define HAVE_LIBDLLOADER 1
| #define HAVE_LIBZ 1
| #define HAVE_BOOST 1
| #define HAVE_BOOST_SYSTEM_ERROR_CODE_HPP 1
| #define HAVE_BOOST_THREAD_HPP 1
| #define HAVE_BOOST_SYSTEM_ERROR_CODE_HPP 1
| #define HAVE_BOOST_ASIO_HPP 1
| #define HAVE_STDINT_H 1
| /* end confdefs.h.  */
| 
|              #include <stdbool.h>
|              #ifndef bool
|               "error: bool is not defined"
|              #endif
|              #ifndef false
|               "error: false is not defined"
|              #endif
|              #if false
|               "error: false is not 0"
|              #endif
|              #ifndef true
|               "error: true is not defined"
|              #endif
|              #if true != 1
|               "error: true is not 1"
|              #endif
|              #ifndef __bool_true_false_are_defined
|               "error: __bool_true_false_are_defined is not defined"
|              #endif
| 
|              struct s { _Bool s: 1; _Bool t; } s;
| 
|              char a[true == 1 ? 1 : -1];
|              char b[false == 0 ? 1 : -1];
|              char c[__bool_true_false_are_defined == 1 ? 1 : -1];
|              char d[(bool) 0.5 == true ? 1 : -1];
|              /* See body of main program for 'e'.  */
|              char f[(_Bool) 0.0 == false ? 1 : -1];
|              char g[true];
|              char h[sizeof (_Bool)];
|              char i[sizeof s.t];
|              enum { j = false, k = true, l = false * true, m = true * 256 };
|              /* The following fails for
|                 HP aC++/ANSI C B3910B A.05.55 [Dec 04 2003]. */
|              _Bool n[m];
|              char o[sizeof n == m * sizeof n[0] ? 1 : -1];
|              char p[-1 - (_Bool) 0 < 0 && -1 - (bool) 0 < 0 ? 1 : -1];
|              /* Catch a bug in an HP-UX C compiler.  See
|                 http://gcc.gnu.org/ml/gcc-patches/2003-12/msg02303.html
|                 http://lists.gnu.org/archive/html/bug-coreutils/2005-11/msg00161.html
|               */
|              _Bool q = true;
|              _Bool *pq = &q;
| 
| int
| main ()
| {
| 
|              bool e = &s;
|              *pq |= q;
|              *pq |= ! q;
|              /* Refer to every declared value, to avoid compiler optimizations.  */
|              return (!a + !b + !c + !d + !e + !f + !g + !h + !i + !!j + !k + !!l
|                      + !m + !n + !o + !p + !q + !pq);
| 
|   ;
|   return 0;
| }
configure:18395: result: no
configure:18397: checking for _Bool
configure:18397: g++ -c -O3 -std=c++11  -I/usr/include -I/usr/include conftest.cpp >&5
conftest.cpp: In function 'int main()':
conftest.cpp:69:13: error: '_Bool' was not declared in this scope
 if (sizeof (_Bool))
             ^
configure:18397: $? = 1
configure: failed program was:
| /* confdefs.h */
| #define PACKAGE_NAME "nanocube"
| #define PACKAGE_TARNAME "nanocube"
| #define PACKAGE_VERSION "0.0.1"
| #define PACKAGE_STRING "nanocube 0.0.1"
| #define PACKAGE_BUGREPORT "lauro.lins@gmail.com"
| #define PACKAGE_URL ""
| #define PACKAGE "nanocube"
| #define VERSION "0.0.1"
| #define STDC_HEADERS 1
| #define HAVE_SYS_TYPES_H 1
| #define HAVE_SYS_STAT_H 1
| #define HAVE_STDLIB_H 1
| #define HAVE_STRING_H 1
| #define HAVE_MEMORY_H 1
| #define HAVE_STRINGS_H 1
| #define HAVE_INTTYPES_H 1
| #define HAVE_STDINT_H 1
| #define HAVE_UNISTD_H 1
| #define HAVE_DLFCN_H 1
| #define LT_OBJDIR ".libs/"
| #define HAVE_LIBDL 1
| #define HAVE_DLERROR 1
| #define HAVE_LIBDLLOADER 1
| #define HAVE_LIBZ 1
| #define HAVE_BOOST 1
| #define HAVE_BOOST_SYSTEM_ERROR_CODE_HPP 1
| #define HAVE_BOOST_THREAD_HPP 1
| #define HAVE_BOOST_SYSTEM_ERROR_CODE_HPP 1
| #define HAVE_BOOST_ASIO_HPP 1
| #define HAVE_STDINT_H 1
| /* end confdefs.h.  */
| #include <stdio.h>
| #ifdef HAVE_SYS_TYPES_H
| # include <sys/types.h>
| #endif
| #ifdef HAVE_SYS_STAT_H
| # include <sys/stat.h>
| #endif
| #ifdef STDC_HEADERS
| # include <stdlib.h>
| # include <stddef.h>
| #else
| # ifdef HAVE_STDLIB_H
| #  include <stdlib.h>
| # endif
| #endif
| #ifdef HAVE_STRING_H
| # if !defined STDC_HEADERS && defined HAVE_MEMORY_H
| #  include <memory.h>
| # endif
| # include <string.h>
| #endif
| #ifdef HAVE_STRINGS_H
| # include <strings.h>
| #endif
| #ifdef HAVE_INTTYPES_H
| # include <inttypes.h>
| #endif
| #ifdef HAVE_STDINT_H
| # include <stdint.h>
| #endif
| #ifdef HAVE_UNISTD_H
| # include <unistd.h>
| #endif
| int
| main ()
| {
| if (sizeof (_Bool))
| 	 return 0;
|   ;
|   return 0;
| }
configure:18397: result: no
configure:18414: checking for int32_t
configure:18414: g++ -c -O3 -std=c++11  -I/usr/include -I/usr/include conftest.cpp >&5
configure:18414: $? = 0
configure:18414: g++ -c -O3 -std=c++11  -I/usr/include -I/usr/include conftest.cpp >&5
conftest.cpp: In function 'int main()':
conftest.cpp:71:53: warning: integer overflow in expression [-Woverflow]
    < (int32_t) (((((int32_t) 1 << N) << N) - 1) * 2 + 2))];
                                                     ^
conftest.cpp:71:58: error: size of array 'test_array' is negative
    < (int32_t) (((((int32_t) 1 << N) << N) - 1) * 2 + 2))];
                                                          ^
configure:18414: $? = 1
configure: failed program was:
| /* confdefs.h */
| #define PACKAGE_NAME "nanocube"
| #define PACKAGE_TARNAME "nanocube"
| #define PACKAGE_VERSION "0.0.1"
| #define PACKAGE_STRING "nanocube 0.0.1"
| #define PACKAGE_BUGREPORT "lauro.lins@gmail.com"
| #define PACKAGE_URL ""
| #define PACKAGE "nanocube"
| #define VERSION "0.0.1"
| #define STDC_HEADERS 1
| #define HAVE_SYS_TYPES_H 1
| #define HAVE_SYS_STAT_H 1
| #define HAVE_STDLIB_H 1
| #define HAVE_STRING_H 1
| #define HAVE_MEMORY_H 1
| #define HAVE_STRINGS_H 1
| #define HAVE_INTTYPES_H 1
| #define HAVE_STDINT_H 1
| #define HAVE_UNISTD_H 1
| #define HAVE_DLFCN_H 1
| #define LT_OBJDIR ".libs/"
| #define HAVE_LIBDL 1
| #define HAVE_DLERROR 1
| #define HAVE_LIBDLLOADER 1
| #define HAVE_LIBZ 1
| #define HAVE_BOOST 1
| #define HAVE_BOOST_SYSTEM_ERROR_CODE_HPP 1
| #define HAVE_BOOST_THREAD_HPP 1
| #define HAVE_BOOST_SYSTEM_ERROR_CODE_HPP 1
| #define HAVE_BOOST_ASIO_HPP 1
| #define HAVE_STDINT_H 1
| /* end confdefs.h.  */
| #include <stdio.h>
| #ifdef HAVE_SYS_TYPES_H
| # include <sys/types.h>
| #endif
| #ifdef HAVE_SYS_STAT_H
| # include <sys/stat.h>
| #endif
| #ifdef STDC_HEADERS
| # include <stdlib.h>
| # include <stddef.h>
| #else
| # ifdef HAVE_STDLIB_H
| #  include <stdlib.h>
| # endif
| #endif
| #ifdef HAVE_STRING_H
| # if !defined STDC_HEADERS && defined HAVE_MEMORY_H
| #  include <memory.h>
| # endif
| # include <string.h>
| #endif
| #ifdef HAVE_STRINGS_H
| # include <strings.h>
| #endif
| #ifdef HAVE_INTTYPES_H
| # include <inttypes.h>
| #endif
| #ifdef HAVE_STDINT_H
| # include <stdint.h>
| #endif
| #ifdef HAVE_UNISTD_H
| # include <unistd.h>
| #endif
| 	        enum { N = 32 / 2 - 1 };
| int
| main ()
| {
| static int test_array [1 - 2 * !((int32_t) (((((int32_t) 1 << N) << N) - 1) * 2 + 1)
| 		 < (int32_t) (((((int32_t) 1 << N) << N) - 1) * 2 + 2))];
| test_array [0] = 0;
| return test_array [0];
| 
|   ;
|   return 0;
| }
configure:18414: result: yes
configure:18425: checking for int64_t
configure:18425: g++ -c -O3 -std=c++11  -I/usr/include -I/usr/include conftest.cpp >&5
configure:18425: $? = 0
configure:18425: g++ -c -O3 -std=c++11  -I/usr/include -I/usr/include conftest.cpp >&5
conftest.cpp: In function 'int main()':
conftest.cpp:71:53: warning: integer overflow in expression [-Woverflow]
    < (int64_t) (((((int64_t) 1 << N) << N) - 1) * 2 + 2))];
                                                     ^
conftest.cpp:71:58: error: size of array 'test_array' is negative
    < (int64_t) (((((int64_t) 1 << N) << N) - 1) * 2 + 2))];
                                                          ^
configure:18425: $? = 1
configure: failed program was:
| /* confdefs.h */
| #define PACKAGE_NAME "nanocube"
| #define PACKAGE_TARNAME "nanocube"
| #define PACKAGE_VERSION "0.0.1"
| #define PACKAGE_STRING "nanocube 0.0.1"
| #define PACKAGE_BUGREPORT "lauro.lins@gmail.com"
| #define PACKAGE_URL ""
| #define PACKAGE "nanocube"
| #define VERSION "0.0.1"
| #define STDC_HEADERS 1
| #define HAVE_SYS_TYPES_H 1
| #define HAVE_SYS_STAT_H 1
| #define HAVE_STDLIB_H 1
| #define HAVE_STRING_H 1
| #define HAVE_MEMORY_H 1
| #define HAVE_STRINGS_H 1
| #define HAVE_INTTYPES_H 1
| #define HAVE_STDINT_H 1
| #define HAVE_UNISTD_H 1
| #define HAVE_DLFCN_H 1
| #define LT_OBJDIR ".libs/"
| #define HAVE_LIBDL 1
| #define HAVE_DLERROR 1
| #define HAVE_LIBDLLOADER 1
| #define HAVE_LIBZ 1
| #define HAVE_BOOST 1
| #define HAVE_BOOST_SYSTEM_ERROR_CODE_HPP 1
| #define HAVE_BOOST_THREAD_HPP 1
| #define HAVE_BOOST_SYSTEM_ERROR_CODE_HPP 1
| #define HAVE_BOOST_ASIO_HPP 1
| #define HAVE_STDINT_H 1
| /* end confdefs.h.  */
| #include <stdio.h>
| #ifdef HAVE_SYS_TYPES_H
| # include <sys/types.h>
| #endif
| #ifdef HAVE_SYS_STAT_H
| # include <sys/stat.h>
| #endif
| #ifdef STDC_HEADERS
| # include <stdlib.h>
| # include <stddef.h>
| #else
| # ifdef HAVE_STDLIB_H
| #  include <stdlib.h>
| # endif
| #endif
| #ifdef HAVE_STRING_H
| # if !defined STDC_HEADERS && defined HAVE_MEMORY_H
| #  include <memory.h>
| # endif
| # include <string.h>
| #endif
| #ifdef HAVE_STRINGS_H
| # include <strings.h>
| #endif
| #ifdef HAVE_INTTYPES_H
| # include <inttypes.h>
| #endif
| #ifdef HAVE_STDINT_H
| # include <stdint.h>
| #endif
| #ifdef HAVE_UNISTD_H
| # include <unistd.h>
| #endif
| 	        enum { N = 64 / 2 - 1 };
| int
| main ()
| {
| static int test_array [1 - 2 * !((int64_t) (((((int64_t) 1 << N) << N) - 1) * 2 + 1)
| 		 < (int64_t) (((((int64_t) 1 << N) << N) - 1) * 2 + 2))];
| test_array [0] = 0;
| return test_array [0];
| 
|   ;
|   return 0;
| }
configure:18425: result: yes
configure:18436: checking for uint32_t
configure:18436: g++ -c -O3 -std=c++11  -I/usr/include -I/usr/include conftest.cpp >&5
configure:18436: $? = 0
configure:18436: result: yes
configure:18450: checking for uint64_t
configure:18450: g++ -c -O3 -std=c++11  -I/usr/include -I/usr/include conftest.cpp >&5
configure:18450: $? = 0
configure:18450: result: yes
configure:18578: checking that generated files are newer than configure
configure:18584: result: done
configure:18611: creating ./config.status

## ---------------------- ##
## Running config.status. ##
## ---------------------- ##

This file was extended by nanocube config.status 0.0.1, which was
generated by GNU Autoconf 2.69.  Invocation command line was

  CONFIG_FILES    = 
  CONFIG_HEADERS  = 
  CONFIG_LINKS    = 
  CONFIG_COMMANDS = 
  $ ./config.status 

on mario

config.status:1176: creating Makefile
config.status:1176: creating src/Makefile
config.status:1176: creating scripts/Makefile
config.status:1176: creating config.h
config.status:1342: config.h is unchanged
config.status:1390: executing depfiles commands
config.status:1390: executing libtool commands

## ---------------- ##
## Cache variables. ##
## ---------------- ##

ac_cv_build=x86_64-pc-linux-gnu
ac_cv_c_compiler_gnu=yes
ac_cv_c_int32_t=yes
ac_cv_c_int64_t=yes
ac_cv_c_uint32_t=yes
ac_cv_c_uint64_t=yes
ac_cv_cxx_compiler_gnu=yes
ac_cv_env_BOOST_ROOT_set=
ac_cv_env_BOOST_ROOT_value=
ac_cv_env_CCC_set=
ac_cv_env_CCC_value=
ac_cv_env_CC_set=
ac_cv_env_CC_value=
ac_cv_env_CFLAGS_set=
ac_cv_env_CFLAGS_value=
ac_cv_env_CPPFLAGS_set=
ac_cv_env_CPPFLAGS_value=
ac_cv_env_CPP_set=
ac_cv_env_CPP_value=
ac_cv_env_CXXCPP_set=
ac_cv_env_CXXCPP_value=
ac_cv_env_CXXFLAGS_set=set
ac_cv_env_CXXFLAGS_value=-O3
ac_cv_env_CXX_set=
ac_cv_env_CXX_value=
ac_cv_env_LDFLAGS_set=
ac_cv_env_LDFLAGS_value=
ac_cv_env_LIBS_set=
ac_cv_env_LIBS_value=
ac_cv_env_LT_SYS_LIBRARY_PATH_set=
ac_cv_env_LT_SYS_LIBRARY_PATH_value=
ac_cv_env_build_alias_set=
ac_cv_env_build_alias_value=
ac_cv_env_host_alias_set=
ac_cv_env_host_alias_value=
ac_cv_env_target_alias_set=
ac_cv_env_target_alias_value=
ac_cv_func_dlerror=yes
ac_cv_func_shl_load=no
ac_cv_header_boost_asio_hpp=yes
ac_cv_header_boost_system_error_code_hpp=yes
ac_cv_header_boost_thread_hpp=yes
ac_cv_header_dlfcn_h=yes
ac_cv_header_inttypes_h=yes
ac_cv_header_memory_h=yes
ac_cv_header_stdbool_h=no
ac_cv_header_stdc=yes
ac_cv_header_stdint_h=yes
ac_cv_header_stdlib_h=yes
ac_cv_header_string_h=yes
ac_cv_header_strings_h=yes
ac_cv_header_sys_stat_h=yes
ac_cv_header_sys_types_h=yes
ac_cv_header_unistd_h=yes
ac_cv_header_zlib_h=yes
ac_cv_host=x86_64-pc-linux-gnu
ac_cv_lib_dld_dld_link=no
ac_cv_lib_dld_shl_load=no
ac_cv_lib_z_inflateEnd=yes
ac_cv_objext=o
ac_cv_path_EGREP='/bin/grep -E'
ac_cv_path_FGREP='/bin/grep -F'
ac_cv_path_GREP=/bin/grep
ac_cv_path_SED=/bin/sed
ac_cv_path_install='/usr/bin/install -c'
ac_cv_path_lt_DD=/bin/dd
ac_cv_path_mkdir=/bin/mkdir
ac_cv_prog_AWK=mawk
ac_cv_prog_CPP='gcc -E'
ac_cv_prog_CXXCPP='g++ -E'
ac_cv_prog_ac_ct_AR=ar
ac_cv_prog_ac_ct_CC=gcc
ac_cv_prog_ac_ct_MANIFEST_TOOL=mt
ac_cv_prog_ac_ct_OBJDUMP=objdump
ac_cv_prog_ac_ct_RANLIB=ranlib
ac_cv_prog_ac_ct_STRIP=strip
ac_cv_prog_cc_c89=
ac_cv_prog_cc_g=yes
ac_cv_prog_cxx_g=yes
ac_cv_prog_make_make_set=yes
ac_cv_search_dlopen=-ldl
ac_cv_type__Bool=no
am_cv_CC_dependencies_compiler_type=gcc3
am_cv_CXX_dependencies_compiler_type=gcc3
am_cv_make_support_nested_variables=yes
am_cv_prog_cc_c_o=yes
ax_cv_cxx_compile_cxx11=no
ax_cv_cxx_compile_cxx11__std_cpp11=yes
boost_cv_inc_path=yes
boost_cv_lib_system=yes
boost_cv_lib_system_LDPATH=
boost_cv_lib_system_LIBS=-lboost_system
boost_cv_lib_tag=
boost_cv_lib_thread=yes
boost_cv_lib_thread_LDPATH=
boost_cv_lib_thread_LIBS=-lboost_thread
boost_cv_lib_version=1_64
boost_cv_pthread_flag=-pthread
boost_cv_rpath_link_ldflag=
libltdl_cv_lib_dl_dlopen=yes
lt_cv_ar_at_file=@
lt_cv_archive_cmds_need_lc=no
lt_cv_deplibs_check_method=pass_all
lt_cv_file_magic_cmd='$MAGIC_CMD'
lt_cv_file_magic_test_file=
lt_cv_ld_reload_flag=-r
lt_cv_nm_interface='BSD nm'
lt_cv_objdir=.libs
lt_cv_path_LD=/usr/bin/ld
lt_cv_path_LDCXX='/usr/bin/ld -m elf_x86_64'
lt_cv_path_NM='/usr/bin/nm -B'
lt_cv_path_mainfest_tool=no
lt_cv_prog_compiler_c_o=yes
lt_cv_prog_compiler_c_o_CXX=yes
lt_cv_prog_compiler_pic='-fPIC -DPIC'
lt_cv_prog_compiler_pic_CXX='-fPIC -DPIC'
lt_cv_prog_compiler_pic_works=yes
lt_cv_prog_compiler_pic_works_CXX=yes
lt_cv_prog_compiler_rtti_exceptions=no
lt_cv_prog_compiler_static_works=yes
lt_cv_prog_compiler_static_works_CXX=yes
lt_cv_prog_gnu_ld=yes
lt_cv_prog_gnu_ldcxx=yes
lt_cv_sharedlib_from_linklib_cmd='printf %s\n'
lt_cv_shlibpath_overrides_runpath=no
lt_cv_sys_global_symbol_pipe='sed -n -e '\''s/^.*[	 ]\([ABCDGIRSTW][ABCDGIRSTW]*\)[	 ][	 ]*\([_A-Za-z][_A-Za-z0-9]*\)$/\1 \2 \2/p'\'' | sed '\''/ __gnu_lto/d'\'''
lt_cv_sys_global_symbol_to_c_name_address='sed -n -e '\''s/^: \(.*\) .*$/  {"\1", (void *) 0},/p'\'' -e '\''s/^[ABCDGIRSTW][ABCDGIRSTW]* .* \(.*\)$/  {"\1", (void *) \&\1},/p'\'''
lt_cv_sys_global_symbol_to_c_name_address_lib_prefix='sed -n -e '\''s/^: \(.*\) .*$/  {"\1", (void *) 0},/p'\'' -e '\''s/^[ABCDGIRSTW][ABCDGIRSTW]* .* \(lib.*\)$/  {"\1", (void *) \&\1},/p'\'' -e '\''s/^[ABCDGIRSTW][ABCDGIRSTW]* .* \(.*\)$/  {"lib\1", (void *) \&\1},/p'\'''
lt_cv_sys_global_symbol_to_cdecl='sed -n -e '\''s/^T .* \(.*\)$/extern int \1();/p'\'' -e '\''s/^[ABCDGIRSTW][ABCDGIRSTW]* .* \(.*\)$/extern char \1;/p'\'''
lt_cv_sys_global_symbol_to_import=
lt_cv_sys_max_cmd_len=1572864
lt_cv_to_host_file_cmd=func_convert_file_noop
lt_cv_to_tool_file_cmd=func_convert_file_noop
lt_cv_truncate_bin='/bin/dd bs=4096 count=1'
zlib_cv_libz=yes
zlib_cv_zlib_h=yes

## ----------------- ##
## Output variables. ##
## ----------------- ##

ACLOCAL='${SHELL} /opt/nanocube-3.2.1/aux-scripts/missing aclocal-1.15'
AMDEPBACKSLASH='\'
AMDEP_FALSE='#'
AMDEP_TRUE=''
AMTAR='$${TAR-tar}'
AM_BACKSLASH='\'
AM_DEFAULT_V='$(AM_DEFAULT_VERBOSITY)'
AM_DEFAULT_VERBOSITY='1'
AM_V='$(V)'
AR='ar'
AUTOCONF='${SHELL} /opt/nanocube-3.2.1/aux-scripts/missing autoconf'
AUTOHEADER='${SHELL} /opt/nanocube-3.2.1/aux-scripts/missing autoheader'
AUTOMAKE='${SHELL} /opt/nanocube-3.2.1/aux-scripts/missing automake-1.15'
AWK='mawk'
BOOST_CPPFLAGS=' -pthread'
BOOST_LDPATH=''
BOOST_ROOT=''
BOOST_SYSTEM_LDFLAGS=''
BOOST_SYSTEM_LDPATH=''
BOOST_SYSTEM_LIBS='-lboost_system'
BOOST_THREAD_LDFLAGS=''
BOOST_THREAD_LDPATH=''
BOOST_THREAD_LIBS='-lboost_thread -lboost_system -pthread '
CC='gcc'
CCDEPMODE='depmode=gcc3'
CFLAGS='-g -O2'
CPP='gcc -E'
CPPFLAGS=' -I/usr/include -I/usr/include'
CXX='g++'
CXXCPP='g++ -E'
CXXDEPMODE='depmode=gcc3'
CXXFLAGS='-O3 -std=c++11'
CYGPATH_W='echo'
DEFS='-DHAVE_CONFIG_H'
DEPDIR='.deps'
DISTCHECK_CONFIGURE_FLAGS=' '\''--with-boost='\'''
DLLTOOL='false'
DSYMUTIL=''
DUMPBIN=''
ECHO_C=''
ECHO_N='-n'
ECHO_T=''
EGREP='/bin/grep -E'
EXEEXT=''
FGREP='/bin/grep -F'
GREP='/bin/grep'
INSTALL_DATA='${INSTALL} -m 644'
INSTALL_PROGRAM='${INSTALL}'
INSTALL_SCRIPT='${INSTALL}'
INSTALL_STRIP_PROGRAM='$(install_sh) -c -s'
LD='/usr/bin/ld -m elf_x86_64'
LDFLAGS=' -L/usr/lib -L/usr/lib'
LIBADD_DL='-ldl '
LIBADD_DLD_LINK=''
LIBADD_DLOPEN='-ldl'
LIBADD_SHL_LOAD=''
LIBOBJS=''
LIBS='-lz '
LIBTOOL='$(SHELL) $(top_builddir)/libtool'
LIPO=''
LN_S='ln -s'
LTLIBOBJS=''
LT_DLLOADERS=' dlopen.la'
LT_DLPREOPEN='-dlpreopen dlopen.la '
LT_SYS_LIBRARY_PATH=''
MAKEINFO='${SHELL} /opt/nanocube-3.2.1/aux-scripts/missing makeinfo'
MANIFEST_TOOL=':'
MKDIR_P='/bin/mkdir -p'
NM='/usr/bin/nm -B'
NMEDIT=''
OBJDUMP='objdump'
OBJEXT='o'
OTOOL64=''
OTOOL=''
PACKAGE='nanocube'
PACKAGE_BUGREPORT='lauro.lins@gmail.com'
PACKAGE_NAME='nanocube'
PACKAGE_STRING='nanocube 0.0.1'
PACKAGE_TARNAME='nanocube'
PACKAGE_URL=''
PACKAGE_VERSION='0.0.1'
PATH_SEPARATOR=':'
RANLIB='ranlib'
SED='/bin/sed'
SET_MAKE=''
SHELL='/bin/bash'
STRIP='strip'
VERSION='0.0.1'
ac_ct_AR='ar'
ac_ct_CC='gcc'
ac_ct_CXX=''
ac_ct_DUMPBIN=''
am__EXEEXT_FALSE=''
am__EXEEXT_TRUE='#'
am__fastdepCC_FALSE='#'
am__fastdepCC_TRUE=''
am__fastdepCXX_FALSE='#'
am__fastdepCXX_TRUE=''
am__include='include'
am__isrc=' -I$(srcdir)'
am__leading_dot='.'
am__nodep='_no'
am__quote=''
am__tar='$${TAR-tar} chof - "$$tardir"'
am__untar='$${TAR-tar} xf -'
bindir='${exec_prefix}/bin'
build='x86_64-pc-linux-gnu'
build_alias=''
build_cpu='x86_64'
build_os='linux-gnu'
build_vendor='pc'
datadir='${datarootdir}'
datarootdir='${prefix}/share'
docdir='${datarootdir}/doc/${PACKAGE_TARNAME}'
dvidir='${docdir}'
exec_prefix='${prefix}'
has_tcmalloc='0'
host='x86_64-pc-linux-gnu'
host_alias=''
host_cpu='x86_64'
host_os='Linux'
host_vendor='pc'
htmldir='${docdir}'
includedir='${prefix}/include'
infodir='${datarootdir}/info'
install_sh='${SHELL} /opt/nanocube-3.2.1/aux-scripts/install-sh'
libdir='${exec_prefix}/lib'
libexecdir='${exec_prefix}/libexec'
localedir='${datarootdir}/locale'
localstatedir='${prefix}/var'
mandir='${datarootdir}/man'
mkdir_p='$(MKDIR_P)'
oldincludedir='/usr/include'
pdfdir='${docdir}'
prefix='/opt/nanocube-3.2.1'
program_transform_name='s,x,x,'
psdir='${docdir}'
runstatedir='${localstatedir}/run'
sbindir='${exec_prefix}/sbin'
sharedstatedir='${prefix}/com'
sysconfdir='${prefix}/etc'
target_alias=''

## ----------- ##
## confdefs.h. ##
## ----------- ##

/* confdefs.h */
#define PACKAGE_NAME "nanocube"
#define PACKAGE_TARNAME "nanocube"
#define PACKAGE_VERSION "0.0.1"
#define PACKAGE_STRING "nanocube 0.0.1"
#define PACKAGE_BUGREPORT "lauro.lins@gmail.com"
#define PACKAGE_URL ""
#define PACKAGE "nanocube"
#define VERSION "0.0.1"
#define STDC_HEADERS 1
#define HAVE_SYS_TYPES_H 1
#define HAVE_SYS_STAT_H 1
#define HAVE_STDLIB_H 1
#define HAVE_STRING_H 1
#define HAVE_MEMORY_H 1
#define HAVE_STRINGS_H 1
#define HAVE_INTTYPES_H 1
#define HAVE_STDINT_H 1
#define HAVE_UNISTD_H 1
#define HAVE_DLFCN_H 1
#define LT_OBJDIR ".libs/"
#define HAVE_LIBDL 1
#define HAVE_DLERROR 1
#define HAVE_LIBDLLOADER 1
#define HAVE_LIBZ 1
#define HAVE_BOOST 1
#define HAVE_BOOST_SYSTEM_ERROR_CODE_HPP 1
#define HAVE_BOOST_THREAD_HPP 1
#define HAVE_BOOST_SYSTEM_ERROR_CODE_HPP 1
#define HAVE_BOOST_ASIO_HPP 1
#define HAVE_STDINT_H 1

configure: exit 0
